2026-03-08 15:16:13,403 - __main__ - INFO - 随机种子已固定: 42
2026-03-08 15:16:13,403 - __main__ - INFO - 使用设备: cuda
2026-03-08 15:16:13,471 - __main__ - INFO - 数据加载完成: Train=4165, Val=893, InputSize=12
2026-03-08 15:16:13,688 - __main__ - INFO - 模型构建完成: lstm_transformer
2026-03-08 15:16:13,688 - __main__ - INFO - 总参数量: 429,441 | 可训练参数量: 429,441
2026-03-08 15:16:13,689 - __main__ - INFO - 🚀 开始训练...
2026-03-08 15:16:16,283 - __main__ - INFO - Epoch [1/100] Train Loss: 0.5606 | Val Loss: 0.5213 | Val MAE: 0.5213 | Val RMSE: 0.6990
2026-03-08 15:16:16,300 - __main__ - INFO - 💾 已保存最佳模型至: /root/code/ev_soc_predict/logs/SOC_LSTM_Transformer_v1/best_model.pth
2026-03-08 15:16:18,436 - __main__ - INFO - Epoch [2/100] Train Loss: 0.3748 | Val Loss: 0.2620 | Val MAE: 0.2620 | Val RMSE: 0.4841
2026-03-08 15:16:18,457 - __main__ - INFO - 💾 已保存最佳模型至: /root/code/ev_soc_predict/logs/SOC_LSTM_Transformer_v1/best_model.pth
2026-03-08 15:16:20,751 - __main__ - INFO - Epoch [3/100] Train Loss: 0.3574 | Val Loss: 0.2785 | Val MAE: 0.2785 | Val RMSE: 0.4885
2026-03-08 15:16:23,093 - __main__ - INFO - Epoch [4/100] Train Loss: 0.3435 | Val Loss: 0.3028 | Val MAE: 0.3028 | Val RMSE: 0.5179
2026-03-08 15:16:25,377 - __main__ - INFO - Epoch [5/100] Train Loss: 0.3266 | Val Loss: 0.2972 | Val MAE: 0.2972 | Val RMSE: 0.4824
2026-03-08 15:16:27,706 - __main__ - INFO - Epoch [6/100] Train Loss: 0.3240 | Val Loss: 0.2695 | Val MAE: 0.2695 | Val RMSE: 0.5013
2026-03-08 15:16:29,995 - __main__ - INFO - Epoch [7/100] Train Loss: 0.3190 | Val Loss: 0.2685 | Val MAE: 0.2685 | Val RMSE: 0.4839
2026-03-08 15:16:32,262 - __main__ - INFO - Epoch [8/100] Train Loss: 0.3116 | Val Loss: 0.3876 | Val MAE: 0.3876 | Val RMSE: 0.6073
2026-03-08 15:16:34,530 - __main__ - INFO - Epoch [9/100] Train Loss: 0.3176 | Val Loss: 0.2884 | Val MAE: 0.2884 | Val RMSE: 0.5228
2026-03-08 15:16:36,802 - __main__ - INFO - Epoch [10/100] Train Loss: 0.3107 | Val Loss: 0.2738 | Val MAE: 0.2738 | Val RMSE: 0.5023
2026-03-08 15:16:39,067 - __main__ - INFO - Epoch [11/100] Train Loss: 0.3145 | Val Loss: 0.2999 | Val MAE: 0.2999 | Val RMSE: 0.5223
2026-03-08 15:16:41,339 - __main__ - INFO - Epoch [12/100] Train Loss: 0.3060 | Val Loss: 0.3170 | Val MAE: 0.3170 | Val RMSE: 0.5543
2026-03-08 15:16:43,615 - __main__ - INFO - Epoch [13/100] Train Loss: 0.3040 | Val Loss: 0.3241 | Val MAE: 0.3241 | Val RMSE: 0.5485
2026-03-08 15:16:45,886 - __main__ - INFO - Epoch [14/100] Train Loss: 0.2942 | Val Loss: 0.3026 | Val MAE: 0.3026 | Val RMSE: 0.5232
2026-03-08 15:16:48,150 - __main__ - INFO - Epoch [15/100] Train Loss: 0.2930 | Val Loss: 0.3239 | Val MAE: 0.3239 | Val RMSE: 0.5543
2026-03-08 15:16:50,390 - __main__ - INFO - Epoch [16/100] Train Loss: 0.2893 | Val Loss: 0.2794 | Val MAE: 0.2794 | Val RMSE: 0.5006
2026-03-08 15:16:52,645 - __main__ - INFO - Epoch [17/100] Train Loss: 0.2929 | Val Loss: 0.2808 | Val MAE: 0.2808 | Val RMSE: 0.5121
2026-03-08 15:16:52,645 - __main__ - INFO - ⏹️ 触发早停 (Patience=15)
2026-03-08 15:16:52,645 - __main__ - INFO - ✅ 训练完成！总耗时: 0.65 分钟
2026-03-08 15:16:52,646 - __main__ - INFO - 🧪 开始在测试集上评估...
2026-03-08 15:16:52,720 - __main__ - INFO - 📊 测试结果: Loss=0.3108, MAE=0.3108, RMSE=0.4243, R2=0.6813
2026-03-08 15:16:52,727 - __main__ - INFO - 📝 预测结果已保存至: /root/code/ev_soc_predict/logs/SOC_LSTM_Transformer_v1/test_predictions.csv
