2026-03-08 17:16:30,449 - __main__ - INFO - 🌱 随机种子已固定: 42
2026-03-08 17:16:30,449 - __main__ - INFO - 💻 使用设备: cuda
2026-03-08 17:16:30,488 - __main__ - INFO - 🚀 GPU: NVIDIA GeForce RTX 4090 | 显存: 25.26 GB
2026-03-08 17:16:30,787 - __main__ - INFO - ✅ 数据加载完成: Train=28756, Val=9585, Workers=8, PinMemory=True
2026-03-08 17:16:30,958 - __main__ - INFO - 🤖 模型构建完成: 0.43 M 参数
2026-03-08 17:16:30,959 - __main__ - INFO - 📉 使用损失函数: MSE
2026-03-08 17:16:30,959 - __main__ - INFO - 📅 启用调度器: Cosine Warmup (Warmup=10 epochs)
2026-03-08 17:16:30,959 - __main__ - INFO - ⚡ 已启用自动混合精度训练 (AMP)
2026-03-08 17:16:30,959 - __main__ - INFO - 🚀 开始训练...
2026-03-08 17:16:33,551 - __main__ - INFO - Epoch [1/100] LR: 0.00e+00 | Train Loss: 1.6312 | Val Loss: 1.8147 | MAE: 1.2313 | RMSE: 1.3471 | R²: -3.1713
2026-03-08 17:16:33,576 - __main__ - INFO - 💾 已保存最佳模型 (R²=-3.1713)
2026-03-08 17:16:35,695 - __main__ - INFO - Epoch [2/100] LR: 4.46e-07 | Train Loss: 1.5771 | Val Loss: 1.1961 | MAE: 0.9857 | RMSE: 1.0937 | R²: -1.7494
2026-03-08 17:16:35,727 - __main__ - INFO - 💾 已保存最佳模型 (R²=-1.7494)
2026-03-08 17:16:38,422 - __main__ - INFO - Epoch [3/100] LR: 8.93e-07 | Train Loss: 1.3793 | Val Loss: 0.6090 | MAE: 0.6919 | RMSE: 0.7804 | R²: -0.3997
2026-03-08 17:16:38,453 - __main__ - INFO - 💾 已保存最佳模型 (R²=-0.3997)
2026-03-08 17:16:41,245 - __main__ - INFO - Epoch [4/100] LR: 1.34e-06 | Train Loss: 1.1732 | Val Loss: 0.3452 | MAE: 0.5044 | RMSE: 0.5876 | R²: 0.2064
2026-03-08 17:16:41,282 - __main__ - INFO - 💾 已保存最佳模型 (R²=0.2064)
2026-03-08 17:16:44,178 - __main__ - INFO - Epoch [5/100] LR: 1.79e-06 | Train Loss: 0.9910 | Val Loss: 0.2509 | MAE: 0.4121 | RMSE: 0.5009 | R²: 0.4234
2026-03-08 17:16:44,213 - __main__ - INFO - 💾 已保存最佳模型 (R²=0.4234)
2026-03-08 17:16:47,110 - __main__ - INFO - Epoch [6/100] LR: 2.23e-06 | Train Loss: 0.8069 | Val Loss: 0.1923 | MAE: 0.3443 | RMSE: 0.4385 | R²: 0.5580
2026-03-08 17:16:47,144 - __main__ - INFO - 💾 已保存最佳模型 (R²=0.5580)
2026-03-08 17:16:49,975 - __main__ - INFO - Epoch [7/100] LR: 2.68e-06 | Train Loss: 0.6699 | Val Loss: 0.1548 | MAE: 0.3043 | RMSE: 0.3934 | R²: 0.6442
2026-03-08 17:16:50,004 - __main__ - INFO - 💾 已保存最佳模型 (R²=0.6442)
2026-03-08 17:16:52,616 - __main__ - INFO - Epoch [8/100] LR: 3.13e-06 | Train Loss: 0.5497 | Val Loss: 0.1211 | MAE: 0.2573 | RMSE: 0.3480 | R²: 0.7216
2026-03-08 17:16:52,645 - __main__ - INFO - 💾 已保存最佳模型 (R²=0.7216)
2026-03-08 17:16:55,259 - __main__ - INFO - Epoch [9/100] LR: 3.57e-06 | Train Loss: 0.4870 | Val Loss: 0.1074 | MAE: 0.2401 | RMSE: 0.3277 | R²: 0.7532
2026-03-08 17:16:55,288 - __main__ - INFO - 💾 已保存最佳模型 (R²=0.7532)
2026-03-08 17:16:57,909 - __main__ - INFO - Epoch [10/100] LR: 4.02e-06 | Train Loss: 0.4260 | Val Loss: 0.0979 | MAE: 0.2314 | RMSE: 0.3129 | R²: 0.7749
2026-03-08 17:16:57,940 - __main__ - INFO - 💾 已保存最佳模型 (R²=0.7749)
2026-03-08 17:17:00,552 - __main__ - INFO - Epoch [11/100] LR: 4.46e-06 | Train Loss: 0.3941 | Val Loss: 0.0928 | MAE: 0.2312 | RMSE: 0.3046 | R²: 0.7867
2026-03-08 17:17:00,582 - __main__ - INFO - 💾 已保存最佳模型 (R²=0.7867)
2026-03-08 17:17:03,202 - __main__ - INFO - Epoch [12/100] LR: 4.91e-06 | Train Loss: 0.3622 | Val Loss: 0.0843 | MAE: 0.2144 | RMSE: 0.2903 | R²: 0.8063
2026-03-08 17:17:03,231 - __main__ - INFO - 💾 已保存最佳模型 (R²=0.8063)
2026-03-08 17:17:05,866 - __main__ - INFO - Epoch [13/100] LR: 5.36e-06 | Train Loss: 0.3336 | Val Loss: 0.0795 | MAE: 0.2206 | RMSE: 0.2819 | R²: 0.8173
2026-03-08 17:17:05,899 - __main__ - INFO - 💾 已保存最佳模型 (R²=0.8173)
2026-03-08 17:17:08,543 - __main__ - INFO - Epoch [14/100] LR: 5.80e-06 | Train Loss: 0.3174 | Val Loss: 0.0787 | MAE: 0.2083 | RMSE: 0.2806 | R²: 0.8190
2026-03-08 17:17:08,575 - __main__ - INFO - 💾 已保存最佳模型 (R²=0.8190)
2026-03-08 17:17:11,227 - __main__ - INFO - Epoch [15/100] LR: 6.25e-06 | Train Loss: 0.3005 | Val Loss: 0.0787 | MAE: 0.2265 | RMSE: 0.2805 | R²: 0.8191
2026-03-08 17:17:13,836 - __main__ - INFO - Epoch [16/100] LR: 6.70e-06 | Train Loss: 0.2818 | Val Loss: 0.0682 | MAE: 0.1968 | RMSE: 0.2612 | R²: 0.8432
2026-03-08 17:17:13,865 - __main__ - INFO - 💾 已保存最佳模型 (R²=0.8432)
2026-03-08 17:17:16,476 - __main__ - INFO - Epoch [17/100] LR: 7.14e-06 | Train Loss: 0.2702 | Val Loss: 0.0670 | MAE: 0.2022 | RMSE: 0.2588 | R²: 0.8461
2026-03-08 17:17:16,508 - __main__ - INFO - 💾 已保存最佳模型 (R²=0.8461)
2026-03-08 17:17:19,109 - __main__ - INFO - Epoch [18/100] LR: 7.59e-06 | Train Loss: 0.2589 | Val Loss: 0.0643 | MAE: 0.1929 | RMSE: 0.2535 | R²: 0.8523
2026-03-08 17:17:19,140 - __main__ - INFO - 💾 已保存最佳模型 (R²=0.8523)
2026-03-08 17:17:21,765 - __main__ - INFO - Epoch [19/100] LR: 8.04e-06 | Train Loss: 0.2496 | Val Loss: 0.0653 | MAE: 0.1890 | RMSE: 0.2556 | R²: 0.8499
2026-03-08 17:17:24,408 - __main__ - INFO - Epoch [20/100] LR: 8.48e-06 | Train Loss: 0.2388 | Val Loss: 0.0634 | MAE: 0.2003 | RMSE: 0.2518 | R²: 0.8542
2026-03-08 17:17:24,438 - __main__ - INFO - 💾 已保存最佳模型 (R²=0.8542)
2026-03-08 17:17:26,613 - __main__ - INFO - Epoch [21/100] LR: 8.93e-06 | Train Loss: 0.2339 | Val Loss: 0.0612 | MAE: 0.1886 | RMSE: 0.2473 | R²: 0.8594
2026-03-08 17:17:26,636 - __main__ - INFO - 💾 已保存最佳模型 (R²=0.8594)
2026-03-08 17:17:28,386 - __main__ - INFO - Epoch [22/100] LR: 9.37e-06 | Train Loss: 0.2254 | Val Loss: 0.0597 | MAE: 0.1927 | RMSE: 0.2443 | R²: 0.8629
2026-03-08 17:17:28,408 - __main__ - INFO - 💾 已保存最佳模型 (R²=0.8629)
2026-03-08 17:17:30,213 - __main__ - INFO - Epoch [23/100] LR: 9.82e-06 | Train Loss: 0.2202 | Val Loss: 0.0596 | MAE: 0.1955 | RMSE: 0.2442 | R²: 0.8629
2026-03-08 17:17:32,824 - __main__ - INFO - Epoch [24/100] LR: 1.03e-05 | Train Loss: 0.2142 | Val Loss: 0.0537 | MAE: 0.1730 | RMSE: 0.2317 | R²: 0.8766
2026-03-08 17:17:32,853 - __main__ - INFO - 💾 已保存最佳模型 (R²=0.8766)
2026-03-08 17:17:35,461 - __main__ - INFO - Epoch [25/100] LR: 1.07e-05 | Train Loss: 0.2133 | Val Loss: 0.0544 | MAE: 0.1709 | RMSE: 0.2331 | R²: 0.8751
2026-03-08 17:17:38,089 - __main__ - INFO - Epoch [26/100] LR: 1.12e-05 | Train Loss: 0.2080 | Val Loss: 0.0522 | MAE: 0.1696 | RMSE: 0.2286 | R²: 0.8799
2026-03-08 17:17:38,117 - __main__ - INFO - 💾 已保存最佳模型 (R²=0.8799)
2026-03-08 17:17:40,767 - __main__ - INFO - Epoch [27/100] LR: 1.16e-05 | Train Loss: 0.2035 | Val Loss: 0.0539 | MAE: 0.1822 | RMSE: 0.2321 | R²: 0.8762
2026-03-08 17:17:43,390 - __main__ - INFO - Epoch [28/100] LR: 1.21e-05 | Train Loss: 0.1995 | Val Loss: 0.0529 | MAE: 0.1704 | RMSE: 0.2301 | R²: 0.8783
2026-03-08 17:17:45,480 - __main__ - INFO - Epoch [29/100] LR: 1.25e-05 | Train Loss: 0.1960 | Val Loss: 0.0484 | MAE: 0.1590 | RMSE: 0.2199 | R²: 0.8888
2026-03-08 17:17:45,511 - __main__ - INFO - 💾 已保存最佳模型 (R²=0.8888)
2026-03-08 17:17:48,139 - __main__ - INFO - Epoch [30/100] LR: 1.29e-05 | Train Loss: 0.1921 | Val Loss: 0.0485 | MAE: 0.1655 | RMSE: 0.2203 | R²: 0.8885
2026-03-08 17:17:50,817 - __main__ - INFO - Epoch [31/100] LR: 1.34e-05 | Train Loss: 0.1908 | Val Loss: 0.0501 | MAE: 0.1706 | RMSE: 0.2237 | R²: 0.8849
2026-03-08 17:17:53,511 - __main__ - INFO - Epoch [32/100] LR: 1.38e-05 | Train Loss: 0.1882 | Val Loss: 0.0494 | MAE: 0.1589 | RMSE: 0.2222 | R²: 0.8865
2026-03-08 17:17:56,205 - __main__ - INFO - Epoch [33/100] LR: 1.43e-05 | Train Loss: 0.1853 | Val Loss: 0.0470 | MAE: 0.1587 | RMSE: 0.2168 | R²: 0.8919
2026-03-08 17:17:56,235 - __main__ - INFO - 💾 已保存最佳模型 (R²=0.8919)
2026-03-08 17:17:58,901 - __main__ - INFO - Epoch [34/100] LR: 1.47e-05 | Train Loss: 0.1879 | Val Loss: 0.0468 | MAE: 0.1561 | RMSE: 0.2162 | R²: 0.8925
2026-03-08 17:17:58,931 - __main__ - INFO - 💾 已保存最佳模型 (R²=0.8925)
2026-03-08 17:18:01,470 - __main__ - INFO - Epoch [35/100] LR: 1.52e-05 | Train Loss: 0.1830 | Val Loss: 0.0475 | MAE: 0.1537 | RMSE: 0.2180 | R²: 0.8908
2026-03-08 17:18:04,093 - __main__ - INFO - Epoch [36/100] LR: 1.56e-05 | Train Loss: 0.1827 | Val Loss: 0.0470 | MAE: 0.1600 | RMSE: 0.2169 | R²: 0.8919
2026-03-08 17:18:06,732 - __main__ - INFO - Epoch [37/100] LR: 1.61e-05 | Train Loss: 0.1806 | Val Loss: 0.0482 | MAE: 0.1661 | RMSE: 0.2196 | R²: 0.8891
2026-03-08 17:18:09,388 - __main__ - INFO - Epoch [38/100] LR: 1.65e-05 | Train Loss: 0.1794 | Val Loss: 0.0477 | MAE: 0.1641 | RMSE: 0.2184 | R²: 0.8904
2026-03-08 17:18:11,687 - __main__ - INFO - Epoch [39/100] LR: 1.70e-05 | Train Loss: 0.1768 | Val Loss: 0.0481 | MAE: 0.1637 | RMSE: 0.2194 | R²: 0.8894
2026-03-08 17:18:14,343 - __main__ - INFO - Epoch [40/100] LR: 1.74e-05 | Train Loss: 0.1742 | Val Loss: 0.0474 | MAE: 0.1600 | RMSE: 0.2177 | R²: 0.8911
2026-03-08 17:18:17,004 - __main__ - INFO - Epoch [41/100] LR: 1.79e-05 | Train Loss: 0.1765 | Val Loss: 0.0480 | MAE: 0.1496 | RMSE: 0.2190 | R²: 0.8897
2026-03-08 17:18:19,675 - __main__ - INFO - Epoch [42/100] LR: 1.83e-05 | Train Loss: 0.1709 | Val Loss: 0.0479 | MAE: 0.1545 | RMSE: 0.2189 | R²: 0.8898
