2026-03-08 17:25:05,184 - __main__ - INFO - 🌱 随机种子已固定: 42
2026-03-08 17:25:05,184 - __main__ - INFO - 💻 使用设备: cuda
2026-03-08 17:25:05,200 - __main__ - INFO - 🚀 GPU: NVIDIA GeForce RTX 4090 | 显存: 25.26 GB
2026-03-08 17:25:05,526 - __main__ - INFO - ✅ 数据加载完成: Train=28756, Val=9585, Workers=8, PinMemory=True
2026-03-08 17:25:05,698 - __main__ - INFO - 🤖 模型构建完成: 0.43 M 参数
2026-03-08 17:25:05,699 - __main__ - INFO - 📉 使用损失函数: MSE
2026-03-08 17:25:05,699 - __main__ - INFO - 📅 启用调度器: Cosine Warmup (Warmup=10 epochs)
2026-03-08 17:25:05,699 - __main__ - INFO - ⚡ 已启用自动混合精度训练 (AMP)
2026-03-08 17:25:05,699 - __main__ - INFO - 🚀 开始训练...
2026-03-08 17:25:09,118 - __main__ - INFO - Epoch [1/100] LR: 0.00e+00 | Train Loss: 1.6312 | Val Loss: 1.8147 | MAE: 1.2313 | RMSE: 1.3471 | R²: -3.1713 | MAPE: 238.72%
2026-03-08 17:25:09,144 - __main__ - INFO - 💾 已保存最佳模型 (R²=-3.1713)
2026-03-08 17:25:11,883 - __main__ - INFO - Epoch [2/100] LR: 4.46e-07 | Train Loss: 1.5771 | Val Loss: 1.1961 | MAE: 0.9857 | RMSE: 1.0937 | R²: -1.7494 | MAPE: 151.86%
2026-03-08 17:25:11,913 - __main__ - INFO - 💾 已保存最佳模型 (R²=-1.7494)
2026-03-08 17:25:14,670 - __main__ - INFO - Epoch [3/100] LR: 8.93e-07 | Train Loss: 1.3793 | Val Loss: 0.6090 | MAE: 0.6919 | RMSE: 0.7804 | R²: -0.3997 | MAPE: 116.75%
2026-03-08 17:25:14,700 - __main__ - INFO - 💾 已保存最佳模型 (R²=-0.3997)
2026-03-08 17:25:17,174 - __main__ - INFO - Epoch [4/100] LR: 1.34e-06 | Train Loss: 1.1732 | Val Loss: 0.3452 | MAE: 0.5044 | RMSE: 0.5876 | R²: 0.2064 | MAPE: 140.19%
2026-03-08 17:25:17,202 - __main__ - INFO - 💾 已保存最佳模型 (R²=0.2064)
2026-03-08 17:25:19,977 - __main__ - INFO - Epoch [5/100] LR: 1.79e-06 | Train Loss: 0.9910 | Val Loss: 0.2509 | MAE: 0.4121 | RMSE: 0.5009 | R²: 0.4234 | MAPE: 145.42%
2026-03-08 17:25:20,007 - __main__ - INFO - 💾 已保存最佳模型 (R²=0.4234)
2026-03-08 17:25:22,430 - __main__ - INFO - Epoch [6/100] LR: 2.23e-06 | Train Loss: 0.8069 | Val Loss: 0.1923 | MAE: 0.3443 | RMSE: 0.4385 | R²: 0.5580 | MAPE: 141.78%
2026-03-08 17:25:22,455 - __main__ - INFO - 💾 已保存最佳模型 (R²=0.5580)
2026-03-08 17:25:25,076 - __main__ - INFO - Epoch [7/100] LR: 2.68e-06 | Train Loss: 0.6699 | Val Loss: 0.1548 | MAE: 0.3043 | RMSE: 0.3934 | R²: 0.6442 | MAPE: 127.47%
2026-03-08 17:25:25,106 - __main__ - INFO - 💾 已保存最佳模型 (R²=0.6442)
2026-03-08 17:25:27,880 - __main__ - INFO - Epoch [8/100] LR: 3.13e-06 | Train Loss: 0.5497 | Val Loss: 0.1211 | MAE: 0.2573 | RMSE: 0.3480 | R²: 0.7216 | MAPE: 116.33%
2026-03-08 17:25:27,910 - __main__ - INFO - 💾 已保存最佳模型 (R²=0.7216)
2026-03-08 17:25:30,721 - __main__ - INFO - Epoch [9/100] LR: 3.57e-06 | Train Loss: 0.4870 | Val Loss: 0.1074 | MAE: 0.2401 | RMSE: 0.3277 | R²: 0.7532 | MAPE: 109.95%
2026-03-08 17:25:30,750 - __main__ - INFO - 💾 已保存最佳模型 (R²=0.7532)
2026-03-08 17:25:33,464 - __main__ - INFO - Epoch [10/100] LR: 4.02e-06 | Train Loss: 0.4260 | Val Loss: 0.0979 | MAE: 0.2314 | RMSE: 0.3129 | R²: 0.7749 | MAPE: 103.93%
2026-03-08 17:25:33,494 - __main__ - INFO - 💾 已保存最佳模型 (R²=0.7749)
2026-03-08 17:25:36,295 - __main__ - INFO - Epoch [11/100] LR: 4.46e-06 | Train Loss: 0.3941 | Val Loss: 0.0928 | MAE: 0.2312 | RMSE: 0.3046 | R²: 0.7867 | MAPE: 97.97%
2026-03-08 17:25:36,328 - __main__ - INFO - 💾 已保存最佳模型 (R²=0.7867)
2026-03-08 17:25:39,130 - __main__ - INFO - Epoch [12/100] LR: 4.91e-06 | Train Loss: 0.3622 | Val Loss: 0.0843 | MAE: 0.2144 | RMSE: 0.2903 | R²: 0.8063 | MAPE: 97.58%
2026-03-08 17:25:39,160 - __main__ - INFO - 💾 已保存最佳模型 (R²=0.8063)
2026-03-08 17:25:41,988 - __main__ - INFO - Epoch [13/100] LR: 5.36e-06 | Train Loss: 0.3336 | Val Loss: 0.0795 | MAE: 0.2206 | RMSE: 0.2819 | R²: 0.8173 | MAPE: 88.21%
2026-03-08 17:25:42,022 - __main__ - INFO - 💾 已保存最佳模型 (R²=0.8173)
2026-03-08 17:25:44,838 - __main__ - INFO - Epoch [14/100] LR: 5.80e-06 | Train Loss: 0.3174 | Val Loss: 0.0787 | MAE: 0.2083 | RMSE: 0.2806 | R²: 0.8190 | MAPE: 94.94%
2026-03-08 17:25:44,873 - __main__ - INFO - 💾 已保存最佳模型 (R²=0.8190)
2026-03-08 17:25:47,657 - __main__ - INFO - Epoch [15/100] LR: 6.25e-06 | Train Loss: 0.3005 | Val Loss: 0.0787 | MAE: 0.2265 | RMSE: 0.2805 | R²: 0.8191 | MAPE: 83.60%
2026-03-08 17:25:50,620 - __main__ - INFO - Epoch [16/100] LR: 6.70e-06 | Train Loss: 0.2818 | Val Loss: 0.0682 | MAE: 0.1968 | RMSE: 0.2612 | R²: 0.8432 | MAPE: 86.09%
2026-03-08 17:25:50,657 - __main__ - INFO - 💾 已保存最佳模型 (R²=0.8432)
2026-03-08 17:25:53,633 - __main__ - INFO - Epoch [17/100] LR: 7.14e-06 | Train Loss: 0.2702 | Val Loss: 0.0670 | MAE: 0.2022 | RMSE: 0.2588 | R²: 0.8461 | MAPE: 83.58%
2026-03-08 17:25:53,661 - __main__ - INFO - 💾 已保存最佳模型 (R²=0.8461)
2026-03-08 17:25:56,417 - __main__ - INFO - Epoch [18/100] LR: 7.59e-06 | Train Loss: 0.2589 | Val Loss: 0.0643 | MAE: 0.1929 | RMSE: 0.2535 | R²: 0.8523 | MAPE: 83.88%
2026-03-08 17:25:56,445 - __main__ - INFO - 💾 已保存最佳模型 (R²=0.8523)
2026-03-08 17:25:59,222 - __main__ - INFO - Epoch [19/100] LR: 8.04e-06 | Train Loss: 0.2496 | Val Loss: 0.0653 | MAE: 0.1890 | RMSE: 0.2556 | R²: 0.8499 | MAPE: 85.41%
2026-03-08 17:26:02,024 - __main__ - INFO - Epoch [20/100] LR: 8.48e-06 | Train Loss: 0.2388 | Val Loss: 0.0634 | MAE: 0.2003 | RMSE: 0.2518 | R²: 0.8542 | MAPE: 79.59%
2026-03-08 17:26:02,057 - __main__ - INFO - 💾 已保存最佳模型 (R²=0.8542)
2026-03-08 17:26:04,818 - __main__ - INFO - Epoch [21/100] LR: 8.93e-06 | Train Loss: 0.2339 | Val Loss: 0.0612 | MAE: 0.1886 | RMSE: 0.2473 | R²: 0.8594 | MAPE: 80.21%
2026-03-08 17:26:04,848 - __main__ - INFO - 💾 已保存最佳模型 (R²=0.8594)
2026-03-08 17:26:07,605 - __main__ - INFO - Epoch [22/100] LR: 9.37e-06 | Train Loss: 0.2254 | Val Loss: 0.0597 | MAE: 0.1927 | RMSE: 0.2443 | R²: 0.8629 | MAPE: 78.21%
2026-03-08 17:26:07,636 - __main__ - INFO - 💾 已保存最佳模型 (R²=0.8629)
2026-03-08 17:26:10,378 - __main__ - INFO - Epoch [23/100] LR: 9.82e-06 | Train Loss: 0.2202 | Val Loss: 0.0596 | MAE: 0.1955 | RMSE: 0.2442 | R²: 0.8629 | MAPE: 76.82%
2026-03-08 17:26:13,171 - __main__ - INFO - Epoch [24/100] LR: 1.03e-05 | Train Loss: 0.2142 | Val Loss: 0.0537 | MAE: 0.1730 | RMSE: 0.2317 | R²: 0.8766 | MAPE: 77.73%
2026-03-08 17:26:13,201 - __main__ - INFO - 💾 已保存最佳模型 (R²=0.8766)
2026-03-08 17:26:15,985 - __main__ - INFO - Epoch [25/100] LR: 1.07e-05 | Train Loss: 0.2133 | Val Loss: 0.0544 | MAE: 0.1709 | RMSE: 0.2331 | R²: 0.8751 | MAPE: 78.00%
2026-03-08 17:26:18,765 - __main__ - INFO - Epoch [26/100] LR: 1.12e-05 | Train Loss: 0.2080 | Val Loss: 0.0522 | MAE: 0.1696 | RMSE: 0.2286 | R²: 0.8799 | MAPE: 75.60%
2026-03-08 17:26:18,794 - __main__ - INFO - 💾 已保存最佳模型 (R²=0.8799)
2026-03-08 17:26:21,587 - __main__ - INFO - Epoch [27/100] LR: 1.16e-05 | Train Loss: 0.2035 | Val Loss: 0.0539 | MAE: 0.1822 | RMSE: 0.2321 | R²: 0.8762 | MAPE: 72.87%
2026-03-08 17:26:24,355 - __main__ - INFO - Epoch [28/100] LR: 1.21e-05 | Train Loss: 0.1995 | Val Loss: 0.0529 | MAE: 0.1704 | RMSE: 0.2301 | R²: 0.8783 | MAPE: 78.59%
2026-03-08 17:26:27,143 - __main__ - INFO - Epoch [29/100] LR: 1.25e-05 | Train Loss: 0.1960 | Val Loss: 0.0484 | MAE: 0.1590 | RMSE: 0.2199 | R²: 0.8888 | MAPE: 75.90%
2026-03-08 17:26:27,174 - __main__ - INFO - 💾 已保存最佳模型 (R²=0.8888)
2026-03-08 17:26:29,924 - __main__ - INFO - Epoch [30/100] LR: 1.29e-05 | Train Loss: 0.1921 | Val Loss: 0.0485 | MAE: 0.1655 | RMSE: 0.2203 | R²: 0.8885 | MAPE: 73.23%
2026-03-08 17:26:32,672 - __main__ - INFO - Epoch [31/100] LR: 1.34e-05 | Train Loss: 0.1908 | Val Loss: 0.0501 | MAE: 0.1706 | RMSE: 0.2237 | R²: 0.8849 | MAPE: 72.62%
2026-03-08 17:26:35,423 - __main__ - INFO - Epoch [32/100] LR: 1.38e-05 | Train Loss: 0.1882 | Val Loss: 0.0494 | MAE: 0.1589 | RMSE: 0.2222 | R²: 0.8865 | MAPE: 75.76%
2026-03-08 17:26:38,174 - __main__ - INFO - Epoch [33/100] LR: 1.43e-05 | Train Loss: 0.1853 | Val Loss: 0.0470 | MAE: 0.1587 | RMSE: 0.2168 | R²: 0.8919 | MAPE: 72.85%
2026-03-08 17:26:38,202 - __main__ - INFO - 💾 已保存最佳模型 (R²=0.8919)
2026-03-08 17:26:40,961 - __main__ - INFO - Epoch [34/100] LR: 1.47e-05 | Train Loss: 0.1879 | Val Loss: 0.0468 | MAE: 0.1561 | RMSE: 0.2162 | R²: 0.8925 | MAPE: 72.31%
2026-03-08 17:26:40,990 - __main__ - INFO - 💾 已保存最佳模型 (R²=0.8925)
2026-03-08 17:26:43,748 - __main__ - INFO - Epoch [35/100] LR: 1.52e-05 | Train Loss: 0.1830 | Val Loss: 0.0475 | MAE: 0.1537 | RMSE: 0.2180 | R²: 0.8908 | MAPE: 72.53%
2026-03-08 17:26:46,502 - __main__ - INFO - Epoch [36/100] LR: 1.56e-05 | Train Loss: 0.1827 | Val Loss: 0.0470 | MAE: 0.1600 | RMSE: 0.2169 | R²: 0.8919 | MAPE: 69.70%
2026-03-08 17:26:49,293 - __main__ - INFO - Epoch [37/100] LR: 1.61e-05 | Train Loss: 0.1806 | Val Loss: 0.0482 | MAE: 0.1661 | RMSE: 0.2196 | R²: 0.8891 | MAPE: 69.45%
2026-03-08 17:26:52,109 - __main__ - INFO - Epoch [38/100] LR: 1.65e-05 | Train Loss: 0.1794 | Val Loss: 0.0477 | MAE: 0.1641 | RMSE: 0.2184 | R²: 0.8904 | MAPE: 69.05%
2026-03-08 17:26:55,273 - __main__ - INFO - Epoch [39/100] LR: 1.70e-05 | Train Loss: 0.1768 | Val Loss: 0.0481 | MAE: 0.1637 | RMSE: 0.2194 | R²: 0.8894 | MAPE: 69.52%
2026-03-08 17:26:58,170 - __main__ - INFO - Epoch [40/100] LR: 1.74e-05 | Train Loss: 0.1742 | Val Loss: 0.0474 | MAE: 0.1600 | RMSE: 0.2177 | R²: 0.8911 | MAPE: 68.23%
2026-03-08 17:27:00,966 - __main__ - INFO - Epoch [41/100] LR: 1.79e-05 | Train Loss: 0.1765 | Val Loss: 0.0480 | MAE: 0.1496 | RMSE: 0.2190 | R²: 0.8897 | MAPE: 73.25%
2026-03-08 17:27:03,798 - __main__ - INFO - Epoch [42/100] LR: 1.83e-05 | Train Loss: 0.1709 | Val Loss: 0.0479 | MAE: 0.1545 | RMSE: 0.2189 | R²: 0.8898 | MAPE: 70.66%
2026-03-08 17:27:06,931 - __main__ - INFO - Epoch [43/100] LR: 1.87e-05 | Train Loss: 0.1729 | Val Loss: 0.0483 | MAE: 0.1593 | RMSE: 0.2198 | R²: 0.8890 | MAPE: 68.90%
2026-03-08 17:27:09,927 - __main__ - INFO - Epoch [44/100] LR: 1.92e-05 | Train Loss: 0.1722 | Val Loss: 0.0505 | MAE: 0.1562 | RMSE: 0.2246 | R²: 0.8840 | MAPE: 72.90%
2026-03-08 17:27:12,724 - __main__ - INFO - Epoch [45/100] LR: 1.96e-05 | Train Loss: 0.1713 | Val Loss: 0.0498 | MAE: 0.1516 | RMSE: 0.2231 | R²: 0.8855 | MAPE: 73.50%
2026-03-08 17:27:15,558 - __main__ - INFO - Epoch [46/100] LR: 2.01e-05 | Train Loss: 0.1691 | Val Loss: 0.0501 | MAE: 0.1487 | RMSE: 0.2239 | R²: 0.8848 | MAPE: 74.73%
2026-03-08 17:27:18,352 - __main__ - INFO - Epoch [47/100] LR: 2.05e-05 | Train Loss: 0.1676 | Val Loss: 0.0501 | MAE: 0.1525 | RMSE: 0.2239 | R²: 0.8848 | MAPE: 73.70%
2026-03-08 17:27:21,219 - __main__ - INFO - Epoch [48/100] LR: 2.10e-05 | Train Loss: 0.1652 | Val Loss: 0.0495 | MAE: 0.1538 | RMSE: 0.2225 | R²: 0.8862 | MAPE: 73.39%
2026-03-08 17:27:24,085 - __main__ - INFO - Epoch [49/100] LR: 2.14e-05 | Train Loss: 0.1649 | Val Loss: 0.0526 | MAE: 0.1503 | RMSE: 0.2295 | R²: 0.8790 | MAPE: 79.55%
2026-03-08 17:27:26,951 - __main__ - INFO - Epoch [50/100] LR: 2.19e-05 | Train Loss: 0.1645 | Val Loss: 0.0521 | MAE: 0.1635 | RMSE: 0.2282 | R²: 0.8803 | MAPE: 74.17%
2026-03-08 17:27:29,778 - __main__ - INFO - Epoch [51/100] LR: 2.23e-05 | Train Loss: 0.1643 | Val Loss: 0.0509 | MAE: 0.1512 | RMSE: 0.2257 | R²: 0.8830 | MAPE: 74.64%
2026-03-08 17:27:32,617 - __main__ - INFO - Epoch [52/100] LR: 2.28e-05 | Train Loss: 0.1639 | Val Loss: 0.0536 | MAE: 0.1506 | RMSE: 0.2315 | R²: 0.8768 | MAPE: 79.54%
2026-03-08 17:27:35,471 - __main__ - INFO - Epoch [53/100] LR: 2.32e-05 | Train Loss: 0.1624 | Val Loss: 0.0589 | MAE: 0.1681 | RMSE: 0.2426 | R²: 0.8647 | MAPE: 84.26%
2026-03-08 17:27:38,125 - __main__ - INFO - Epoch [54/100] LR: 2.37e-05 | Train Loss: 0.1611 | Val Loss: 0.0540 | MAE: 0.1530 | RMSE: 0.2324 | R²: 0.8759 | MAPE: 77.03%
2026-03-08 17:27:40,959 - __main__ - INFO - Epoch [55/100] LR: 2.41e-05 | Train Loss: 0.1612 | Val Loss: 0.0552 | MAE: 0.1554 | RMSE: 0.2350 | R²: 0.8731 | MAPE: 79.63%
2026-03-08 17:27:43,774 - __main__ - INFO - Epoch [56/100] LR: 2.46e-05 | Train Loss: 0.1610 | Val Loss: 0.0605 | MAE: 0.1585 | RMSE: 0.2459 | R²: 0.8610 | MAPE: 87.56%
2026-03-08 17:27:46,600 - __main__ - INFO - Epoch [57/100] LR: 2.50e-05 | Train Loss: 0.1589 | Val Loss: 0.0572 | MAE: 0.1688 | RMSE: 0.2391 | R²: 0.8686 | MAPE: 76.20%
2026-03-08 17:27:49,422 - __main__ - INFO - Epoch [58/100] LR: 2.54e-05 | Train Loss: 0.1588 | Val Loss: 0.0606 | MAE: 0.1720 | RMSE: 0.2463 | R²: 0.8606 | MAPE: 78.49%
2026-03-08 17:27:52,215 - __main__ - INFO - Epoch [59/100] LR: 2.59e-05 | Train Loss: 0.1578 | Val Loss: 0.0600 | MAE: 0.1647 | RMSE: 0.2450 | R²: 0.8620 | MAPE: 82.09%
2026-03-08 17:27:55,005 - __main__ - INFO - Epoch [60/100] LR: 2.63e-05 | Train Loss: 0.1551 | Val Loss: 0.0646 | MAE: 0.1739 | RMSE: 0.2542 | R²: 0.8515 | MAPE: 88.73%
2026-03-08 17:27:57,795 - __main__ - INFO - Epoch [61/100] LR: 2.68e-05 | Train Loss: 0.1549 | Val Loss: 0.0612 | MAE: 0.1653 | RMSE: 0.2474 | R²: 0.8593 | MAPE: 83.50%
2026-03-08 17:28:00,573 - __main__ - INFO - Epoch [62/100] LR: 2.72e-05 | Train Loss: 0.1543 | Val Loss: 0.0644 | MAE: 0.1686 | RMSE: 0.2538 | R²: 0.8520 | MAPE: 86.97%
2026-03-08 17:28:03,311 - __main__ - INFO - Epoch [63/100] LR: 2.77e-05 | Train Loss: 0.1540 | Val Loss: 0.0631 | MAE: 0.1697 | RMSE: 0.2512 | R²: 0.8550 | MAPE: 83.22%
2026-03-08 17:28:06,034 - __main__ - INFO - Epoch [64/100] LR: 2.81e-05 | Train Loss: 0.1554 | Val Loss: 0.0627 | MAE: 0.1728 | RMSE: 0.2504 | R²: 0.8558 | MAPE: 82.65%
2026-03-08 17:28:08,765 - __main__ - INFO - Epoch [65/100] LR: 2.86e-05 | Train Loss: 0.1547 | Val Loss: 0.0652 | MAE: 0.1691 | RMSE: 0.2553 | R²: 0.8502 | MAPE: 87.17%
2026-03-08 17:28:11,473 - __main__ - INFO - Epoch [66/100] LR: 2.90e-05 | Train Loss: 0.1527 | Val Loss: 0.0662 | MAE: 0.1667 | RMSE: 0.2573 | R²: 0.8478 | MAPE: 86.92%
2026-03-08 17:28:14,170 - __main__ - INFO - Epoch [67/100] LR: 2.95e-05 | Train Loss: 0.1506 | Val Loss: 0.0690 | MAE: 0.1719 | RMSE: 0.2627 | R²: 0.8414 | MAPE: 89.95%
2026-03-08 17:28:16,880 - __main__ - INFO - Epoch [68/100] LR: 2.99e-05 | Train Loss: 0.1517 | Val Loss: 0.0686 | MAE: 0.1843 | RMSE: 0.2619 | R²: 0.8423 | MAPE: 87.05%
2026-03-08 17:28:19,589 - __main__ - INFO - Epoch [69/100] LR: 3.04e-05 | Train Loss: 0.1520 | Val Loss: 0.0705 | MAE: 0.1762 | RMSE: 0.2655 | R²: 0.8380 | MAPE: 91.44%
2026-03-08 17:28:22,291 - __main__ - INFO - Epoch [70/100] LR: 3.08e-05 | Train Loss: 0.1505 | Val Loss: 0.0746 | MAE: 0.1782 | RMSE: 0.2731 | R²: 0.8286 | MAPE: 99.48%
2026-03-08 17:28:24,994 - __main__ - INFO - Epoch [71/100] LR: 3.13e-05 | Train Loss: 0.1492 | Val Loss: 0.0728 | MAE: 0.1856 | RMSE: 0.2698 | R²: 0.8327 | MAPE: 90.19%
2026-03-08 17:28:27,714 - __main__ - INFO - Epoch [72/100] LR: 3.17e-05 | Train Loss: 0.1471 | Val Loss: 0.0707 | MAE: 0.1830 | RMSE: 0.2659 | R²: 0.8375 | MAPE: 83.90%
2026-03-08 17:28:30,413 - __main__ - INFO - Epoch [73/100] LR: 3.21e-05 | Train Loss: 0.1488 | Val Loss: 0.0719 | MAE: 0.1804 | RMSE: 0.2681 | R²: 0.8348 | MAPE: 92.66%
2026-03-08 17:28:33,129 - __main__ - INFO - Epoch [74/100] LR: 3.26e-05 | Train Loss: 0.1473 | Val Loss: 0.0704 | MAE: 0.1780 | RMSE: 0.2653 | R²: 0.8382 | MAPE: 87.93%
2026-03-08 17:28:35,840 - __main__ - INFO - Epoch [75/100] LR: 3.30e-05 | Train Loss: 0.1459 | Val Loss: 0.0691 | MAE: 0.1869 | RMSE: 0.2628 | R²: 0.8412 | MAPE: 80.09%
2026-03-08 17:28:38,666 - __main__ - INFO - Epoch [76/100] LR: 3.35e-05 | Train Loss: 0.1465 | Val Loss: 0.0677 | MAE: 0.1739 | RMSE: 0.2602 | R²: 0.8443 | MAPE: 85.21%
2026-03-08 17:28:41,433 - __main__ - INFO - Epoch [77/100] LR: 3.39e-05 | Train Loss: 0.1440 | Val Loss: 0.0723 | MAE: 0.1769 | RMSE: 0.2688 | R²: 0.8339 | MAPE: 94.02%
2026-03-08 17:28:44,112 - __main__ - INFO - Epoch [78/100] LR: 3.44e-05 | Train Loss: 0.1458 | Val Loss: 0.0747 | MAE: 0.1894 | RMSE: 0.2732 | R²: 0.8284 | MAPE: 81.28%
2026-03-08 17:28:46,830 - __main__ - INFO - Epoch [79/100] LR: 3.48e-05 | Train Loss: 0.1446 | Val Loss: 0.0761 | MAE: 0.1880 | RMSE: 0.2758 | R²: 0.8252 | MAPE: 84.67%
2026-03-08 17:28:49,513 - __main__ - INFO - Epoch [80/100] LR: 3.53e-05 | Train Loss: 0.1431 | Val Loss: 0.0718 | MAE: 0.1731 | RMSE: 0.2679 | R²: 0.8350 | MAPE: 90.07%
2026-03-08 17:28:52,193 - __main__ - INFO - Epoch [81/100] LR: 3.57e-05 | Train Loss: 0.1429 | Val Loss: 0.0706 | MAE: 0.1807 | RMSE: 0.2658 | R²: 0.8376 | MAPE: 86.51%
2026-03-08 17:28:54,870 - __main__ - INFO - Epoch [82/100] LR: 3.62e-05 | Train Loss: 0.1417 | Val Loss: 0.0756 | MAE: 0.1813 | RMSE: 0.2750 | R²: 0.8262 | MAPE: 94.49%
2026-03-08 17:28:57,563 - __main__ - INFO - Epoch [83/100] LR: 3.66e-05 | Train Loss: 0.1412 | Val Loss: 0.0706 | MAE: 0.1774 | RMSE: 0.2656 | R²: 0.8378 | MAPE: 83.79%
2026-03-08 17:29:00,265 - __main__ - INFO - Epoch [84/100] LR: 3.71e-05 | Train Loss: 0.1404 | Val Loss: 0.0747 | MAE: 0.1810 | RMSE: 0.2734 | R²: 0.8283 | MAPE: 87.97%
2026-03-08 17:29:02,961 - __main__ - INFO - Epoch [85/100] LR: 3.75e-05 | Train Loss: 0.1391 | Val Loss: 0.0706 | MAE: 0.1794 | RMSE: 0.2657 | R²: 0.8377 | MAPE: 81.42%
2026-03-08 17:29:05,653 - __main__ - INFO - Epoch [86/100] LR: 3.79e-05 | Train Loss: 0.1389 | Val Loss: 0.0760 | MAE: 0.1898 | RMSE: 0.2757 | R²: 0.8252 | MAPE: 80.07%
2026-03-08 17:29:08,349 - __main__ - INFO - Epoch [87/100] LR: 3.84e-05 | Train Loss: 0.1379 | Val Loss: 0.0794 | MAE: 0.1975 | RMSE: 0.2818 | R²: 0.8175 | MAPE: 85.87%
2026-03-08 17:29:11,037 - __main__ - INFO - Epoch [88/100] LR: 3.88e-05 | Train Loss: 0.1383 | Val Loss: 0.0756 | MAE: 0.1900 | RMSE: 0.2749 | R²: 0.8263 | MAPE: 87.68%
2026-03-08 17:29:13,727 - __main__ - INFO - Epoch [89/100] LR: 3.93e-05 | Train Loss: 0.1355 | Val Loss: 0.0827 | MAE: 0.2051 | RMSE: 0.2876 | R²: 0.8099 | MAPE: 82.81%
2026-03-08 17:29:16,467 - __main__ - INFO - Epoch [90/100] LR: 3.97e-05 | Train Loss: 0.1366 | Val Loss: 0.0712 | MAE: 0.1819 | RMSE: 0.2668 | R²: 0.8364 | MAPE: 84.09%
2026-03-08 17:29:19,214 - __main__ - INFO - Epoch [91/100] LR: 4.02e-05 | Train Loss: 0.1340 | Val Loss: 0.0716 | MAE: 0.1743 | RMSE: 0.2676 | R²: 0.8354 | MAPE: 91.78%
2026-03-08 17:29:21,958 - __main__ - INFO - Epoch [92/100] LR: 4.06e-05 | Train Loss: 0.1337 | Val Loss: 0.0717 | MAE: 0.1804 | RMSE: 0.2677 | R²: 0.8352 | MAPE: 90.40%
2026-03-08 17:29:24,708 - __main__ - INFO - Epoch [93/100] LR: 4.11e-05 | Train Loss: 0.1327 | Val Loss: 0.0754 | MAE: 0.1784 | RMSE: 0.2746 | R²: 0.8267 | MAPE: 95.95%
2026-03-08 17:29:27,442 - __main__ - INFO - Epoch [94/100] LR: 4.15e-05 | Train Loss: 0.1309 | Val Loss: 0.0751 | MAE: 0.1854 | RMSE: 0.2740 | R²: 0.8274 | MAPE: 86.34%
2026-03-08 17:29:27,442 - __main__ - INFO - ⏹️ 触发早停 (Patience=60)
2026-03-08 17:29:27,443 - __main__ - INFO - ✅ 训练完成！总耗时: 4.36 分钟
2026-03-08 17:29:27,444 - __main__ - INFO - 🧪 开始在测试集上评估...
2026-03-08 17:29:27,471 - __main__ - INFO - 📥 已加载最佳模型权重 (Epoch 34)
2026-03-08 17:29:27,706 - __main__ - INFO - 📊 === 最终测试结果 ===
2026-03-08 17:29:27,706 - __main__ - INFO -    Loss: 0.2661
2026-03-08 17:29:27,707 - __main__ - INFO -    MAE : 0.3968
2026-03-08 17:29:27,707 - __main__ - INFO -    RMSE: 0.5158
2026-03-08 17:29:27,707 - __main__ - INFO -    R²  : 0.5277
2026-03-08 17:29:27,707 - __main__ - INFO -    MAPE: 144.6969
2026-03-08 17:29:27,743 - __main__ - INFO - 📝 预测详情已保存至: /root/code/ev_soc_predict/runs/logs/SOC_LSTM_Transformer_HPC_v2/test_predictions.csv
