2026-03-08 18:45:46,918 - __main__ - INFO - 🌱 随机种子已固定: 42
2026-03-08 18:45:46,919 - __main__ - INFO - 💻 使用设备: cuda
2026-03-08 18:45:46,944 - __main__ - INFO - 🚀 GPU: NVIDIA GeForce RTX 4090 | 显存: 25.26 GB
2026-03-08 18:45:47,015 - __main__ - INFO - ✅ 数据加载完成: Train=2872, Val=958, Workers=8, PinMemory=True
2026-03-08 18:45:47,211 - __main__ - INFO - 🤖 模型构建完成: 0.43 M 参数
2026-03-08 18:45:47,211 - __main__ - INFO - 📉 使用损失函数: MSE
2026-03-08 18:45:47,212 - __main__ - INFO - 📅 启用调度器: Cosine Warmup (Warmup=10 epochs)
2026-03-08 18:45:47,212 - __main__ - INFO - ⚡ 已启用自动混合精度训练 (AMP)
2026-03-08 18:45:47,212 - __main__ - INFO - 🚀 开始训练...
2026-03-08 18:45:48,243 - __main__ - INFO - Epoch [1/100] LR: 0.00e+00 | Train Loss: 1.6756 | Val Loss: 1.1122 | MAE: 0.8970 | RMSE: 1.0546 | R²: -0.1664 | MAPE: 278.62%
2026-03-08 18:45:48,268 - __main__ - INFO - 💾 已保存最佳模型 (R²=-0.1664)
2026-03-08 18:45:48,521 - __main__ - INFO - Epoch [2/100] LR: 4.55e-06 | Train Loss: 1.4872 | Val Loss: 0.8791 | MAE: 0.7764 | RMSE: 0.9376 | R²: 0.0781 | MAPE: 205.38%
2026-03-08 18:45:48,563 - __main__ - INFO - 💾 已保存最佳模型 (R²=0.0781)
2026-03-08 18:45:48,863 - __main__ - INFO - Epoch [3/100] LR: 9.09e-06 | Train Loss: 1.3266 | Val Loss: 0.6766 | MAE: 0.6456 | RMSE: 0.8225 | R²: 0.2905 | MAPE: 181.30%
2026-03-08 18:45:48,911 - __main__ - INFO - 💾 已保存最佳模型 (R²=0.2905)
2026-03-08 18:45:49,204 - __main__ - INFO - Epoch [4/100] LR: 1.36e-05 | Train Loss: 1.1282 | Val Loss: 0.5659 | MAE: 0.5585 | RMSE: 0.7522 | R²: 0.4066 | MAPE: 191.51%
2026-03-08 18:45:49,250 - __main__ - INFO - 💾 已保存最佳模型 (R²=0.4066)
2026-03-08 18:45:49,546 - __main__ - INFO - Epoch [5/100] LR: 1.82e-05 | Train Loss: 0.9058 | Val Loss: 0.4510 | MAE: 0.5064 | RMSE: 0.6716 | R²: 0.5270 | MAPE: 217.89%
2026-03-08 18:45:49,592 - __main__ - INFO - 💾 已保存最佳模型 (R²=0.5270)
2026-03-08 18:45:49,890 - __main__ - INFO - Epoch [6/100] LR: 2.27e-05 | Train Loss: 0.7794 | Val Loss: 0.3876 | MAE: 0.4890 | RMSE: 0.6226 | R²: 0.5935 | MAPE: 235.90%
2026-03-08 18:45:49,940 - __main__ - INFO - 💾 已保存最佳模型 (R²=0.5935)
2026-03-08 18:45:50,238 - __main__ - INFO - Epoch [7/100] LR: 2.73e-05 | Train Loss: 0.6724 | Val Loss: 0.2883 | MAE: 0.3921 | RMSE: 0.5369 | R²: 0.6977 | MAPE: 165.38%
2026-03-08 18:45:50,284 - __main__ - INFO - 💾 已保存最佳模型 (R²=0.6977)
2026-03-08 18:45:50,575 - __main__ - INFO - Epoch [8/100] LR: 3.18e-05 | Train Loss: 0.5306 | Val Loss: 0.2506 | MAE: 0.3469 | RMSE: 0.5006 | R²: 0.7372 | MAPE: 157.43%
2026-03-08 18:45:50,621 - __main__ - INFO - 💾 已保存最佳模型 (R²=0.7372)
2026-03-08 18:45:50,918 - __main__ - INFO - Epoch [9/100] LR: 3.64e-05 | Train Loss: 0.4780 | Val Loss: 0.2327 | MAE: 0.3423 | RMSE: 0.4824 | R²: 0.7560 | MAPE: 170.54%
2026-03-08 18:45:50,968 - __main__ - INFO - 💾 已保存最佳模型 (R²=0.7560)
2026-03-08 18:45:51,268 - __main__ - INFO - Epoch [10/100] LR: 4.09e-05 | Train Loss: 0.4091 | Val Loss: 0.2196 | MAE: 0.3314 | RMSE: 0.4686 | R²: 0.7697 | MAPE: 181.51%
2026-03-08 18:45:51,314 - __main__ - INFO - 💾 已保存最佳模型 (R²=0.7697)
2026-03-08 18:45:51,612 - __main__ - INFO - Epoch [11/100] LR: 4.55e-05 | Train Loss: 0.3680 | Val Loss: 0.2310 | MAE: 0.3503 | RMSE: 0.4806 | R²: 0.7577 | MAPE: 177.91%
2026-03-08 18:45:51,911 - __main__ - INFO - Epoch [12/100] LR: 5.00e-05 | Train Loss: 0.3337 | Val Loss: 0.2104 | MAE: 0.3296 | RMSE: 0.4587 | R²: 0.7793 | MAPE: 183.29%
2026-03-08 18:45:51,958 - __main__ - INFO - 💾 已保存最佳模型 (R²=0.7793)
2026-03-08 18:45:52,270 - __main__ - INFO - Epoch [13/100] LR: 5.45e-05 | Train Loss: 0.3062 | Val Loss: 0.1942 | MAE: 0.3175 | RMSE: 0.4407 | R²: 0.7963 | MAPE: 167.28%
2026-03-08 18:45:52,317 - __main__ - INFO - 💾 已保存最佳模型 (R²=0.7963)
2026-03-08 18:45:52,621 - __main__ - INFO - Epoch [14/100] LR: 5.91e-05 | Train Loss: 0.2892 | Val Loss: 0.1986 | MAE: 0.3077 | RMSE: 0.4456 | R²: 0.7917 | MAPE: 190.79%
2026-03-08 18:45:52,921 - __main__ - INFO - Epoch [15/100] LR: 6.36e-05 | Train Loss: 0.2735 | Val Loss: 0.1819 | MAE: 0.2944 | RMSE: 0.4265 | R²: 0.8093 | MAPE: 157.23%
2026-03-08 18:45:52,968 - __main__ - INFO - 💾 已保存最佳模型 (R²=0.8093)
2026-03-08 18:45:53,265 - __main__ - INFO - Epoch [16/100] LR: 6.82e-05 | Train Loss: 0.2658 | Val Loss: 0.1771 | MAE: 0.2998 | RMSE: 0.4208 | R²: 0.8143 | MAPE: 173.43%
2026-03-08 18:45:53,310 - __main__ - INFO - 💾 已保存最佳模型 (R²=0.8143)
2026-03-08 18:45:53,607 - __main__ - INFO - Epoch [17/100] LR: 7.27e-05 | Train Loss: 0.2524 | Val Loss: 0.1689 | MAE: 0.2836 | RMSE: 0.4109 | R²: 0.8229 | MAPE: 169.60%
2026-03-08 18:45:53,653 - __main__ - INFO - 💾 已保存最佳模型 (R²=0.8229)
2026-03-08 18:45:53,949 - __main__ - INFO - Epoch [18/100] LR: 7.73e-05 | Train Loss: 0.2344 | Val Loss: 0.1697 | MAE: 0.2829 | RMSE: 0.4119 | R²: 0.8220 | MAPE: 176.89%
2026-03-08 18:45:54,242 - __main__ - INFO - Epoch [19/100] LR: 8.18e-05 | Train Loss: 0.2383 | Val Loss: 0.1614 | MAE: 0.2661 | RMSE: 0.4017 | R²: 0.8308 | MAPE: 147.77%
2026-03-08 18:45:54,288 - __main__ - INFO - 💾 已保存最佳模型 (R²=0.8308)
2026-03-08 18:45:54,589 - __main__ - INFO - Epoch [20/100] LR: 8.64e-05 | Train Loss: 0.2216 | Val Loss: 0.1550 | MAE: 0.2626 | RMSE: 0.3936 | R²: 0.8375 | MAPE: 153.57%
2026-03-08 18:45:54,636 - __main__ - INFO - 💾 已保存最佳模型 (R²=0.8375)
2026-03-08 18:45:54,932 - __main__ - INFO - Epoch [21/100] LR: 9.09e-05 | Train Loss: 0.2260 | Val Loss: 0.1564 | MAE: 0.2834 | RMSE: 0.3955 | R²: 0.8359 | MAPE: 140.52%
2026-03-08 18:45:55,230 - __main__ - INFO - Epoch [22/100] LR: 9.55e-05 | Train Loss: 0.2093 | Val Loss: 0.1576 | MAE: 0.2662 | RMSE: 0.3970 | R²: 0.8347 | MAPE: 161.42%
2026-03-08 18:45:55,539 - __main__ - INFO - Epoch [23/100] LR: 1.00e-04 | Train Loss: 0.2079 | Val Loss: 0.1464 | MAE: 0.2588 | RMSE: 0.3826 | R²: 0.8465 | MAPE: 138.59%
2026-03-08 18:45:55,588 - __main__ - INFO - 💾 已保存最佳模型 (R²=0.8465)
2026-03-08 18:45:55,883 - __main__ - INFO - Epoch [24/100] LR: 1.05e-04 | Train Loss: 0.2065 | Val Loss: 0.1410 | MAE: 0.2481 | RMSE: 0.3755 | R²: 0.8521 | MAPE: 137.66%
2026-03-08 18:45:55,928 - __main__ - INFO - 💾 已保存最佳模型 (R²=0.8521)
2026-03-08 18:45:56,228 - __main__ - INFO - Epoch [25/100] LR: 1.09e-04 | Train Loss: 0.1923 | Val Loss: 0.1487 | MAE: 0.2626 | RMSE: 0.3857 | R²: 0.8440 | MAPE: 153.91%
2026-03-08 18:45:56,530 - __main__ - INFO - Epoch [26/100] LR: 1.14e-04 | Train Loss: 0.1917 | Val Loss: 0.1440 | MAE: 0.2444 | RMSE: 0.3795 | R²: 0.8489 | MAPE: 135.24%
2026-03-08 18:45:56,840 - __main__ - INFO - Epoch [27/100] LR: 1.18e-04 | Train Loss: 0.1939 | Val Loss: 0.1413 | MAE: 0.2423 | RMSE: 0.3759 | R²: 0.8519 | MAPE: 141.69%
2026-03-08 18:45:57,147 - __main__ - INFO - Epoch [28/100] LR: 1.23e-04 | Train Loss: 0.1855 | Val Loss: 0.1367 | MAE: 0.2402 | RMSE: 0.3697 | R²: 0.8566 | MAPE: 129.25%
2026-03-08 18:45:57,193 - __main__ - INFO - 💾 已保存最佳模型 (R²=0.8566)
2026-03-08 18:45:57,489 - __main__ - INFO - Epoch [29/100] LR: 1.27e-04 | Train Loss: 0.1791 | Val Loss: 0.1364 | MAE: 0.2352 | RMSE: 0.3694 | R²: 0.8569 | MAPE: 127.58%
2026-03-08 18:45:57,536 - __main__ - INFO - 💾 已保存最佳模型 (R²=0.8569)
2026-03-08 18:45:57,834 - __main__ - INFO - Epoch [30/100] LR: 1.32e-04 | Train Loss: 0.1808 | Val Loss: 0.1400 | MAE: 0.2477 | RMSE: 0.3741 | R²: 0.8532 | MAPE: 122.20%
2026-03-08 18:45:58,146 - __main__ - INFO - Epoch [31/100] LR: 1.36e-04 | Train Loss: 0.1792 | Val Loss: 0.1485 | MAE: 0.2715 | RMSE: 0.3853 | R²: 0.8443 | MAPE: 148.38%
2026-03-08 18:45:58,447 - __main__ - INFO - Epoch [32/100] LR: 1.41e-04 | Train Loss: 0.1920 | Val Loss: 0.1435 | MAE: 0.2456 | RMSE: 0.3788 | R²: 0.8496 | MAPE: 154.62%
2026-03-08 18:45:58,744 - __main__ - INFO - Epoch [33/100] LR: 1.45e-04 | Train Loss: 0.1838 | Val Loss: 0.1480 | MAE: 0.2545 | RMSE: 0.3847 | R²: 0.8448 | MAPE: 146.98%
2026-03-08 18:45:59,042 - __main__ - INFO - Epoch [34/100] LR: 1.50e-04 | Train Loss: 0.1771 | Val Loss: 0.1646 | MAE: 0.2595 | RMSE: 0.4057 | R²: 0.8274 | MAPE: 151.69%
2026-03-08 18:45:59,349 - __main__ - INFO - Epoch [35/100] LR: 1.55e-04 | Train Loss: 0.1819 | Val Loss: 0.1395 | MAE: 0.2317 | RMSE: 0.3735 | R²: 0.8537 | MAPE: 127.83%
2026-03-08 18:45:59,653 - __main__ - INFO - Epoch [36/100] LR: 1.59e-04 | Train Loss: 0.1771 | Val Loss: 0.1396 | MAE: 0.2336 | RMSE: 0.3736 | R²: 0.8536 | MAPE: 127.43%
2026-03-08 18:45:59,954 - __main__ - INFO - Epoch [37/100] LR: 1.64e-04 | Train Loss: 0.1706 | Val Loss: 0.1361 | MAE: 0.2276 | RMSE: 0.3690 | R²: 0.8572 | MAPE: 118.06%
2026-03-08 18:46:00,000 - __main__ - INFO - 💾 已保存最佳模型 (R²=0.8572)
2026-03-08 18:46:00,297 - __main__ - INFO - Epoch [38/100] LR: 1.68e-04 | Train Loss: 0.1650 | Val Loss: 0.1353 | MAE: 0.2307 | RMSE: 0.3678 | R²: 0.8581 | MAPE: 124.73%
2026-03-08 18:46:00,344 - __main__ - INFO - 💾 已保存最佳模型 (R²=0.8581)
2026-03-08 18:46:00,640 - __main__ - INFO - Epoch [39/100] LR: 1.73e-04 | Train Loss: 0.1618 | Val Loss: 0.1344 | MAE: 0.2374 | RMSE: 0.3667 | R²: 0.8590 | MAPE: 130.31%
2026-03-08 18:46:00,694 - __main__ - INFO - 💾 已保存最佳模型 (R²=0.8590)
2026-03-08 18:46:00,986 - __main__ - INFO - Epoch [40/100] LR: 1.77e-04 | Train Loss: 0.1599 | Val Loss: 0.1454 | MAE: 0.2545 | RMSE: 0.3813 | R²: 0.8475 | MAPE: 114.06%
2026-03-08 18:46:01,289 - __main__ - INFO - Epoch [41/100] LR: 1.82e-04 | Train Loss: 0.1601 | Val Loss: 0.1362 | MAE: 0.2447 | RMSE: 0.3691 | R²: 0.8571 | MAPE: 136.93%
2026-03-08 18:46:01,588 - __main__ - INFO - Epoch [42/100] LR: 1.86e-04 | Train Loss: 0.1618 | Val Loss: 0.1383 | MAE: 0.2315 | RMSE: 0.3719 | R²: 0.8549 | MAPE: 137.42%
2026-03-08 18:46:01,888 - __main__ - INFO - Epoch [43/100] LR: 1.91e-04 | Train Loss: 0.1597 | Val Loss: 0.1381 | MAE: 0.2245 | RMSE: 0.3716 | R²: 0.8552 | MAPE: 109.01%
2026-03-08 18:46:02,189 - __main__ - INFO - Epoch [44/100] LR: 1.95e-04 | Train Loss: 0.1629 | Val Loss: 0.1330 | MAE: 0.2300 | RMSE: 0.3646 | R²: 0.8606 | MAPE: 129.89%
2026-03-08 18:46:02,236 - __main__ - INFO - 💾 已保存最佳模型 (R²=0.8606)
2026-03-08 18:46:02,534 - __main__ - INFO - Epoch [45/100] LR: 2.00e-04 | Train Loss: 0.1480 | Val Loss: 0.1312 | MAE: 0.2333 | RMSE: 0.3622 | R²: 0.8625 | MAPE: 119.28%
2026-03-08 18:46:02,579 - __main__ - INFO - 💾 已保存最佳模型 (R²=0.8625)
2026-03-08 18:46:02,875 - __main__ - INFO - Epoch [46/100] LR: 2.05e-04 | Train Loss: 0.1619 | Val Loss: 0.1307 | MAE: 0.2257 | RMSE: 0.3615 | R²: 0.8629 | MAPE: 121.50%
2026-03-08 18:46:02,921 - __main__ - INFO - 💾 已保存最佳模型 (R²=0.8629)
2026-03-08 18:46:03,215 - __main__ - INFO - Epoch [47/100] LR: 2.09e-04 | Train Loss: 0.1536 | Val Loss: 0.1449 | MAE: 0.2395 | RMSE: 0.3806 | R²: 0.8480 | MAPE: 112.95%
2026-03-08 18:46:03,514 - __main__ - INFO - Epoch [48/100] LR: 2.14e-04 | Train Loss: 0.1594 | Val Loss: 0.1374 | MAE: 0.2271 | RMSE: 0.3707 | R²: 0.8559 | MAPE: 117.47%
2026-03-08 18:46:03,812 - __main__ - INFO - Epoch [49/100] LR: 2.18e-04 | Train Loss: 0.1563 | Val Loss: 0.1318 | MAE: 0.2351 | RMSE: 0.3630 | R²: 0.8618 | MAPE: 120.29%
2026-03-08 18:46:04,115 - __main__ - INFO - Epoch [50/100] LR: 2.23e-04 | Train Loss: 0.1566 | Val Loss: 0.1319 | MAE: 0.2254 | RMSE: 0.3632 | R²: 0.8617 | MAPE: 118.89%
2026-03-08 18:46:04,417 - __main__ - INFO - Epoch [51/100] LR: 2.27e-04 | Train Loss: 0.1568 | Val Loss: 0.1384 | MAE: 0.2335 | RMSE: 0.3720 | R²: 0.8549 | MAPE: 128.18%
2026-03-08 18:46:04,716 - __main__ - INFO - Epoch [52/100] LR: 2.32e-04 | Train Loss: 0.1604 | Val Loss: 0.1344 | MAE: 0.2319 | RMSE: 0.3666 | R²: 0.8591 | MAPE: 114.00%
2026-03-08 18:46:05,010 - __main__ - INFO - Epoch [53/100] LR: 2.36e-04 | Train Loss: 0.1608 | Val Loss: 0.1333 | MAE: 0.2308 | RMSE: 0.3651 | R²: 0.8602 | MAPE: 126.61%
2026-03-08 18:46:05,318 - __main__ - INFO - Epoch [54/100] LR: 2.41e-04 | Train Loss: 0.1524 | Val Loss: 0.1359 | MAE: 0.2273 | RMSE: 0.3687 | R²: 0.8574 | MAPE: 112.06%
2026-03-08 18:46:05,615 - __main__ - INFO - Epoch [55/100] LR: 2.45e-04 | Train Loss: 0.1556 | Val Loss: 0.1301 | MAE: 0.2206 | RMSE: 0.3607 | R²: 0.8635 | MAPE: 117.99%
2026-03-08 18:46:05,662 - __main__ - INFO - 💾 已保存最佳模型 (R²=0.8635)
2026-03-08 18:46:05,956 - __main__ - INFO - Epoch [56/100] LR: 2.50e-04 | Train Loss: 0.1503 | Val Loss: 0.1311 | MAE: 0.2264 | RMSE: 0.3621 | R²: 0.8625 | MAPE: 125.87%
2026-03-08 18:46:06,260 - __main__ - INFO - Epoch [57/100] LR: 2.55e-04 | Train Loss: 0.1522 | Val Loss: 0.1327 | MAE: 0.2263 | RMSE: 0.3643 | R²: 0.8609 | MAPE: 130.78%
2026-03-08 18:46:06,561 - __main__ - INFO - Epoch [58/100] LR: 2.59e-04 | Train Loss: 0.1556 | Val Loss: 0.1407 | MAE: 0.2513 | RMSE: 0.3750 | R²: 0.8525 | MAPE: 125.90%
2026-03-08 18:46:06,870 - __main__ - INFO - Epoch [59/100] LR: 2.64e-04 | Train Loss: 0.1508 | Val Loss: 0.1335 | MAE: 0.2307 | RMSE: 0.3653 | R²: 0.8600 | MAPE: 128.47%
2026-03-08 18:46:07,172 - __main__ - INFO - Epoch [60/100] LR: 2.68e-04 | Train Loss: 0.1472 | Val Loss: 0.1574 | MAE: 0.2508 | RMSE: 0.3967 | R²: 0.8350 | MAPE: 108.21%
2026-03-08 18:46:07,473 - __main__ - INFO - Epoch [61/100] LR: 2.73e-04 | Train Loss: 0.1558 | Val Loss: 0.1417 | MAE: 0.2255 | RMSE: 0.3764 | R²: 0.8514 | MAPE: 108.81%
2026-03-08 18:46:07,766 - __main__ - INFO - Epoch [62/100] LR: 2.77e-04 | Train Loss: 0.1551 | Val Loss: 0.1691 | MAE: 0.2564 | RMSE: 0.4112 | R²: 0.8227 | MAPE: 122.68%
2026-03-08 18:46:08,062 - __main__ - INFO - Epoch [63/100] LR: 2.82e-04 | Train Loss: 0.1633 | Val Loss: 0.1472 | MAE: 0.2505 | RMSE: 0.3837 | R²: 0.8456 | MAPE: 133.97%
2026-03-08 18:46:08,360 - __main__ - INFO - Epoch [64/100] LR: 2.86e-04 | Train Loss: 0.1552 | Val Loss: 0.1280 | MAE: 0.2203 | RMSE: 0.3578 | R²: 0.8657 | MAPE: 119.38%
2026-03-08 18:46:08,410 - __main__ - INFO - 💾 已保存最佳模型 (R²=0.8657)
2026-03-08 18:46:08,699 - __main__ - INFO - Epoch [65/100] LR: 2.91e-04 | Train Loss: 0.1486 | Val Loss: 0.1330 | MAE: 0.2355 | RMSE: 0.3647 | R²: 0.8605 | MAPE: 136.44%
2026-03-08 18:46:08,990 - __main__ - INFO - Epoch [66/100] LR: 2.95e-04 | Train Loss: 0.1493 | Val Loss: 0.1435 | MAE: 0.2330 | RMSE: 0.3788 | R²: 0.8495 | MAPE: 108.72%
2026-03-08 18:46:09,283 - __main__ - INFO - Epoch [67/100] LR: 3.00e-04 | Train Loss: 0.1514 | Val Loss: 0.1297 | MAE: 0.2201 | RMSE: 0.3601 | R²: 0.8640 | MAPE: 119.78%
2026-03-08 18:46:09,575 - __main__ - INFO - Epoch [68/100] LR: 3.05e-04 | Train Loss: 0.1501 | Val Loss: 0.1345 | MAE: 0.2252 | RMSE: 0.3667 | R²: 0.8590 | MAPE: 128.37%
2026-03-08 18:46:09,866 - __main__ - INFO - Epoch [69/100] LR: 3.09e-04 | Train Loss: 0.1451 | Val Loss: 0.1293 | MAE: 0.2195 | RMSE: 0.3596 | R²: 0.8644 | MAPE: 122.61%
2026-03-08 18:46:10,157 - __main__ - INFO - Epoch [70/100] LR: 3.14e-04 | Train Loss: 0.1480 | Val Loss: 0.1402 | MAE: 0.2365 | RMSE: 0.3744 | R²: 0.8530 | MAPE: 126.38%
2026-03-08 18:46:10,448 - __main__ - INFO - Epoch [71/100] LR: 3.18e-04 | Train Loss: 0.1453 | Val Loss: 0.1342 | MAE: 0.2262 | RMSE: 0.3663 | R²: 0.8593 | MAPE: 126.54%
2026-03-08 18:46:10,744 - __main__ - INFO - Epoch [72/100] LR: 3.23e-04 | Train Loss: 0.1464 | Val Loss: 0.1362 | MAE: 0.2290 | RMSE: 0.3690 | R²: 0.8572 | MAPE: 118.47%
2026-03-08 18:46:11,038 - __main__ - INFO - Epoch [73/100] LR: 3.27e-04 | Train Loss: 0.1415 | Val Loss: 0.1357 | MAE: 0.2201 | RMSE: 0.3684 | R²: 0.8577 | MAPE: 109.88%
2026-03-08 18:46:11,335 - __main__ - INFO - Epoch [74/100] LR: 3.32e-04 | Train Loss: 0.1431 | Val Loss: 0.1291 | MAE: 0.2286 | RMSE: 0.3592 | R²: 0.8647 | MAPE: 108.34%
2026-03-08 18:46:11,630 - __main__ - INFO - Epoch [75/100] LR: 3.36e-04 | Train Loss: 0.1454 | Val Loss: 0.1364 | MAE: 0.2301 | RMSE: 0.3694 | R²: 0.8569 | MAPE: 123.25%
2026-03-08 18:46:11,923 - __main__ - INFO - Epoch [76/100] LR: 3.41e-04 | Train Loss: 0.1398 | Val Loss: 0.1545 | MAE: 0.2423 | RMSE: 0.3931 | R²: 0.8379 | MAPE: 117.66%
2026-03-08 18:46:12,217 - __main__ - INFO - Epoch [77/100] LR: 3.45e-04 | Train Loss: 0.1539 | Val Loss: 0.1501 | MAE: 0.2505 | RMSE: 0.3874 | R²: 0.8426 | MAPE: 131.25%
2026-03-08 18:46:12,507 - __main__ - INFO - Epoch [78/100] LR: 3.50e-04 | Train Loss: 0.1550 | Val Loss: 0.1494 | MAE: 0.2474 | RMSE: 0.3865 | R²: 0.8433 | MAPE: 137.53%
2026-03-08 18:46:12,800 - __main__ - INFO - Epoch [79/100] LR: 3.55e-04 | Train Loss: 0.1422 | Val Loss: 0.1319 | MAE: 0.2290 | RMSE: 0.3632 | R²: 0.8616 | MAPE: 105.87%
2026-03-08 18:46:13,097 - __main__ - INFO - Epoch [80/100] LR: 3.59e-04 | Train Loss: 0.1404 | Val Loss: 0.1379 | MAE: 0.2360 | RMSE: 0.3713 | R²: 0.8554 | MAPE: 127.26%
2026-03-08 18:46:13,399 - __main__ - INFO - Epoch [81/100] LR: 3.64e-04 | Train Loss: 0.1391 | Val Loss: 0.1338 | MAE: 0.2255 | RMSE: 0.3658 | R²: 0.8597 | MAPE: 129.16%
2026-03-08 18:46:13,691 - __main__ - INFO - Epoch [82/100] LR: 3.68e-04 | Train Loss: 0.1347 | Val Loss: 0.1363 | MAE: 0.2428 | RMSE: 0.3692 | R²: 0.8571 | MAPE: 119.40%
2026-03-08 18:46:13,985 - __main__ - INFO - Epoch [83/100] LR: 3.73e-04 | Train Loss: 0.1350 | Val Loss: 0.1339 | MAE: 0.2256 | RMSE: 0.3659 | R²: 0.8596 | MAPE: 119.06%
2026-03-08 18:46:14,277 - __main__ - INFO - Epoch [84/100] LR: 3.77e-04 | Train Loss: 0.1375 | Val Loss: 0.1310 | MAE: 0.2225 | RMSE: 0.3620 | R²: 0.8626 | MAPE: 113.49%
2026-03-08 18:46:14,571 - __main__ - INFO - Epoch [85/100] LR: 3.82e-04 | Train Loss: 0.1441 | Val Loss: 0.1424 | MAE: 0.2320 | RMSE: 0.3774 | R²: 0.8506 | MAPE: 98.69%
2026-03-08 18:46:14,865 - __main__ - INFO - Epoch [86/100] LR: 3.86e-04 | Train Loss: 0.1520 | Val Loss: 0.1383 | MAE: 0.2290 | RMSE: 0.3719 | R²: 0.8549 | MAPE: 114.35%
2026-03-08 18:46:15,168 - __main__ - INFO - Epoch [87/100] LR: 3.91e-04 | Train Loss: 0.1373 | Val Loss: 0.1415 | MAE: 0.2297 | RMSE: 0.3761 | R²: 0.8516 | MAPE: 124.92%
2026-03-08 18:46:15,469 - __main__ - INFO - Epoch [88/100] LR: 3.95e-04 | Train Loss: 0.1397 | Val Loss: 0.1484 | MAE: 0.2341 | RMSE: 0.3852 | R²: 0.8444 | MAPE: 110.59%
2026-03-08 18:46:15,761 - __main__ - INFO - Epoch [89/100] LR: 4.00e-04 | Train Loss: 0.1345 | Val Loss: 0.1438 | MAE: 0.2311 | RMSE: 0.3792 | R²: 0.8492 | MAPE: 130.35%
2026-03-08 18:46:16,052 - __main__ - INFO - Epoch [90/100] LR: 4.05e-04 | Train Loss: 0.1307 | Val Loss: 0.1431 | MAE: 0.2505 | RMSE: 0.3783 | R²: 0.8499 | MAPE: 119.40%
2026-03-08 18:46:16,341 - __main__ - INFO - Epoch [91/100] LR: 4.09e-04 | Train Loss: 0.1276 | Val Loss: 0.1403 | MAE: 0.2325 | RMSE: 0.3746 | R²: 0.8528 | MAPE: 136.92%
2026-03-08 18:46:16,632 - __main__ - INFO - Epoch [92/100] LR: 4.14e-04 | Train Loss: 0.1434 | Val Loss: 0.1375 | MAE: 0.2290 | RMSE: 0.3708 | R²: 0.8558 | MAPE: 114.85%
2026-03-08 18:46:16,924 - __main__ - INFO - Epoch [93/100] LR: 4.18e-04 | Train Loss: 0.1436 | Val Loss: 0.1344 | MAE: 0.2197 | RMSE: 0.3666 | R²: 0.8590 | MAPE: 116.13%
2026-03-08 18:46:17,220 - __main__ - INFO - Epoch [94/100] LR: 4.23e-04 | Train Loss: 0.1347 | Val Loss: 0.1457 | MAE: 0.2292 | RMSE: 0.3817 | R²: 0.8472 | MAPE: 115.84%
2026-03-08 18:46:17,514 - __main__ - INFO - Epoch [95/100] LR: 4.27e-04 | Train Loss: 0.1293 | Val Loss: 0.1414 | MAE: 0.2464 | RMSE: 0.3760 | R²: 0.8517 | MAPE: 122.32%
2026-03-08 18:46:17,804 - __main__ - INFO - Epoch [96/100] LR: 4.32e-04 | Train Loss: 0.1328 | Val Loss: 0.1483 | MAE: 0.2285 | RMSE: 0.3850 | R²: 0.8445 | MAPE: 105.95%
2026-03-08 18:46:18,096 - __main__ - INFO - Epoch [97/100] LR: 4.36e-04 | Train Loss: 0.1335 | Val Loss: 0.1501 | MAE: 0.2686 | RMSE: 0.3875 | R²: 0.8425 | MAPE: 122.06%
2026-03-08 18:46:18,387 - __main__ - INFO - Epoch [98/100] LR: 4.41e-04 | Train Loss: 0.1376 | Val Loss: 0.1460 | MAE: 0.2451 | RMSE: 0.3820 | R²: 0.8469 | MAPE: 128.64%
2026-03-08 18:46:18,678 - __main__ - INFO - Epoch [99/100] LR: 4.45e-04 | Train Loss: 0.1321 | Val Loss: 0.1453 | MAE: 0.2311 | RMSE: 0.3812 | R²: 0.8476 | MAPE: 98.36%
2026-03-08 18:46:18,973 - __main__ - INFO - Epoch [100/100] LR: 4.50e-04 | Train Loss: 0.1363 | Val Loss: 0.1466 | MAE: 0.2410 | RMSE: 0.3829 | R²: 0.8462 | MAPE: 144.44%
2026-03-08 18:46:18,974 - __main__ - INFO - ✅ 训练完成！总耗时: 0.53 分钟
2026-03-08 18:46:18,975 - __main__ - INFO - 🧪 开始在测试集上评估...
2026-03-08 18:46:19,015 - __main__ - INFO - 📥 已加载最佳模型权重 (Epoch 64)
2026-03-08 18:46:19,159 - __main__ - INFO - 📊 === 最终测试结果 ===
2026-03-08 18:46:19,159 - __main__ - INFO -    Loss: 0.1363
2026-03-08 18:46:19,159 - __main__ - INFO -    MAE : 0.2204
2026-03-08 18:46:19,159 - __main__ - INFO -    RMSE: 0.3692
2026-03-08 18:46:19,160 - __main__ - INFO -    R²  : 0.8673
2026-03-08 18:46:19,160 - __main__ - INFO -    MAPE: 87.5453
2026-03-08 18:46:19,172 - __main__ - INFO - 📝 预测详情已保存至: /root/code/ev_soc_predict/runs/logs/SOC_LSTM_Transformer_HPC_v2/test_predictions.csv
