2026-03-08 17:46:14,675 - __main__ - INFO - 🌱 随机种子已固定: 42
2026-03-08 17:46:14,675 - __main__ - INFO - 💻 使用设备: cuda
2026-03-08 17:46:14,714 - __main__ - INFO - 🚀 GPU: NVIDIA GeForce RTX 4090 | 显存: 25.26 GB
2026-03-08 17:46:14,764 - __main__ - INFO - ✅ 数据加载完成: Train=2872, Val=958, Workers=8, PinMemory=True
2026-03-08 17:46:14,959 - __main__ - INFO - 🤖 模型构建完成: 0.43 M 参数
2026-03-08 17:46:14,960 - __main__ - INFO - 📉 使用损失函数: MSE
2026-03-08 17:46:14,960 - __main__ - INFO - 📅 启用调度器: Cosine Warmup (Warmup=10 epochs)
2026-03-08 17:46:14,960 - __main__ - INFO - ⚡ 已启用自动混合精度训练 (AMP)
2026-03-08 17:46:14,960 - __main__ - INFO - 🚀 开始训练...
2026-03-08 17:46:16,030 - __main__ - INFO - Epoch [1/100] LR: 0.00e+00 | Train Loss: 1.7240 | Val Loss: 1.7949 | MAE: 1.2256 | RMSE: 1.3397 | R²: -3.1146 | MAPE: 261.05%
2026-03-08 17:46:16,056 - __main__ - INFO - 💾 已保存最佳模型 (R²=-3.1146)
2026-03-08 17:46:16,299 - __main__ - INFO - Epoch [2/100] LR: 4.55e-06 | Train Loss: 1.5315 | Val Loss: 1.1613 | MAE: 0.9703 | RMSE: 1.0776 | R²: -1.6620 | MAPE: 157.53%
2026-03-08 17:46:16,341 - __main__ - INFO - 💾 已保存最佳模型 (R²=-1.6620)
2026-03-08 17:46:16,627 - __main__ - INFO - Epoch [3/100] LR: 9.09e-06 | Train Loss: 1.3657 | Val Loss: 0.5188 | MAE: 0.6323 | RMSE: 0.7203 | R²: -0.1893 | MAPE: 135.32%
2026-03-08 17:46:16,677 - __main__ - INFO - 💾 已保存最佳模型 (R²=-0.1893)
2026-03-08 17:46:16,973 - __main__ - INFO - Epoch [4/100] LR: 1.36e-05 | Train Loss: 1.1854 | Val Loss: 0.3038 | MAE: 0.4438 | RMSE: 0.5512 | R²: 0.3035 | MAPE: 196.52%
2026-03-08 17:46:17,020 - __main__ - INFO - 💾 已保存最佳模型 (R²=0.3035)
2026-03-08 17:46:17,307 - __main__ - INFO - Epoch [5/100] LR: 1.82e-05 | Train Loss: 0.9133 | Val Loss: 0.2497 | MAE: 0.3798 | RMSE: 0.4997 | R²: 0.4276 | MAPE: 197.35%
2026-03-08 17:46:17,354 - __main__ - INFO - 💾 已保存最佳模型 (R²=0.4276)
2026-03-08 17:46:17,632 - __main__ - INFO - Epoch [6/100] LR: 2.27e-05 | Train Loss: 0.7965 | Val Loss: 0.1959 | MAE: 0.3549 | RMSE: 0.4426 | R²: 0.5509 | MAPE: 143.26%
2026-03-08 17:46:17,682 - __main__ - INFO - 💾 已保存最佳模型 (R²=0.5509)
2026-03-08 17:46:17,959 - __main__ - INFO - Epoch [7/100] LR: 2.73e-05 | Train Loss: 0.6840 | Val Loss: 0.1778 | MAE: 0.3255 | RMSE: 0.4216 | R²: 0.5925 | MAPE: 150.63%
2026-03-08 17:46:18,008 - __main__ - INFO - 💾 已保存最佳模型 (R²=0.5925)
2026-03-08 17:46:18,302 - __main__ - INFO - Epoch [8/100] LR: 3.18e-05 | Train Loss: 0.5718 | Val Loss: 0.1707 | MAE: 0.2809 | RMSE: 0.4132 | R²: 0.6087 | MAPE: 170.85%
2026-03-08 17:46:18,350 - __main__ - INFO - 💾 已保存最佳模型 (R²=0.6087)
2026-03-08 17:46:18,640 - __main__ - INFO - Epoch [9/100] LR: 3.64e-05 | Train Loss: 0.4784 | Val Loss: 0.1091 | MAE: 0.2476 | RMSE: 0.3302 | R²: 0.7500 | MAPE: 118.03%
2026-03-08 17:46:18,689 - __main__ - INFO - 💾 已保存最佳模型 (R²=0.7500)
2026-03-08 17:46:18,980 - __main__ - INFO - Epoch [10/100] LR: 4.09e-05 | Train Loss: 0.4211 | Val Loss: 0.1054 | MAE: 0.2457 | RMSE: 0.3247 | R²: 0.7583 | MAPE: 114.94%
2026-03-08 17:46:19,027 - __main__ - INFO - 💾 已保存最佳模型 (R²=0.7583)
2026-03-08 17:46:19,307 - __main__ - INFO - Epoch [11/100] LR: 4.55e-05 | Train Loss: 0.3918 | Val Loss: 0.1021 | MAE: 0.2314 | RMSE: 0.3196 | R²: 0.7659 | MAPE: 122.39%
2026-03-08 17:46:19,353 - __main__ - INFO - 💾 已保存最佳模型 (R²=0.7659)
2026-03-08 17:46:19,638 - __main__ - INFO - Epoch [12/100] LR: 5.00e-05 | Train Loss: 0.3805 | Val Loss: 0.0914 | MAE: 0.2216 | RMSE: 0.3023 | R²: 0.7905 | MAPE: 112.36%
2026-03-08 17:46:19,684 - __main__ - INFO - 💾 已保存最佳模型 (R²=0.7905)
2026-03-08 17:46:19,979 - __main__ - INFO - Epoch [13/100] LR: 5.45e-05 | Train Loss: 0.3255 | Val Loss: 0.0920 | MAE: 0.2341 | RMSE: 0.3034 | R²: 0.7890 | MAPE: 100.40%
2026-03-08 17:46:20,266 - __main__ - INFO - Epoch [14/100] LR: 5.91e-05 | Train Loss: 0.3303 | Val Loss: 0.0805 | MAE: 0.2205 | RMSE: 0.2837 | R²: 0.8155 | MAPE: 91.00%
2026-03-08 17:46:20,312 - __main__ - INFO - 💾 已保存最佳模型 (R²=0.8155)
2026-03-08 17:46:20,604 - __main__ - INFO - Epoch [15/100] LR: 6.36e-05 | Train Loss: 0.2927 | Val Loss: 0.0890 | MAE: 0.2177 | RMSE: 0.2984 | R²: 0.7960 | MAPE: 109.43%
2026-03-08 17:46:20,894 - __main__ - INFO - Epoch [16/100] LR: 6.82e-05 | Train Loss: 0.2940 | Val Loss: 0.1094 | MAE: 0.2822 | RMSE: 0.3308 | R²: 0.7491 | MAPE: 118.79%
2026-03-08 17:46:21,184 - __main__ - INFO - Epoch [17/100] LR: 7.27e-05 | Train Loss: 0.2795 | Val Loss: 0.0711 | MAE: 0.1940 | RMSE: 0.2666 | R²: 0.8371 | MAPE: 84.73%
2026-03-08 17:46:21,236 - __main__ - INFO - 💾 已保存最佳模型 (R²=0.8371)
2026-03-08 17:46:21,515 - __main__ - INFO - Epoch [18/100] LR: 7.73e-05 | Train Loss: 0.2571 | Val Loss: 0.0814 | MAE: 0.2005 | RMSE: 0.2852 | R²: 0.8135 | MAPE: 91.48%
2026-03-08 17:46:21,806 - __main__ - INFO - Epoch [19/100] LR: 8.18e-05 | Train Loss: 0.2563 | Val Loss: 0.0653 | MAE: 0.2006 | RMSE: 0.2555 | R²: 0.8504 | MAPE: 93.76%
2026-03-08 17:46:21,852 - __main__ - INFO - 💾 已保存最佳模型 (R²=0.8504)
2026-03-08 17:46:22,147 - __main__ - INFO - Epoch [20/100] LR: 8.64e-05 | Train Loss: 0.2593 | Val Loss: 0.0792 | MAE: 0.2178 | RMSE: 0.2814 | R²: 0.8185 | MAPE: 75.77%
2026-03-08 17:46:22,439 - __main__ - INFO - Epoch [21/100] LR: 9.09e-05 | Train Loss: 0.2451 | Val Loss: 0.0636 | MAE: 0.1960 | RMSE: 0.2522 | R²: 0.8542 | MAPE: 92.56%
2026-03-08 17:46:22,487 - __main__ - INFO - 💾 已保存最佳模型 (R²=0.8542)
2026-03-08 17:46:22,776 - __main__ - INFO - Epoch [22/100] LR: 9.55e-05 | Train Loss: 0.2254 | Val Loss: 0.0769 | MAE: 0.2247 | RMSE: 0.2773 | R²: 0.8237 | MAPE: 79.56%
2026-03-08 17:46:23,066 - __main__ - INFO - Epoch [23/100] LR: 1.00e-04 | Train Loss: 0.2316 | Val Loss: 0.0600 | MAE: 0.1903 | RMSE: 0.2450 | R²: 0.8624 | MAPE: 86.52%
2026-03-08 17:46:23,113 - __main__ - INFO - 💾 已保存最佳模型 (R²=0.8624)
2026-03-08 17:46:23,400 - __main__ - INFO - Epoch [24/100] LR: 1.05e-04 | Train Loss: 0.2284 | Val Loss: 0.0654 | MAE: 0.2089 | RMSE: 0.2558 | R²: 0.8500 | MAPE: 86.41%
2026-03-08 17:46:23,690 - __main__ - INFO - Epoch [25/100] LR: 1.09e-04 | Train Loss: 0.2048 | Val Loss: 0.0755 | MAE: 0.2304 | RMSE: 0.2747 | R²: 0.8270 | MAPE: 84.68%
2026-03-08 17:46:23,981 - __main__ - INFO - Epoch [26/100] LR: 1.14e-04 | Train Loss: 0.2084 | Val Loss: 0.0565 | MAE: 0.1677 | RMSE: 0.2377 | R²: 0.8705 | MAPE: 93.60%
2026-03-08 17:46:24,030 - __main__ - INFO - 💾 已保存最佳模型 (R²=0.8705)
2026-03-08 17:46:24,317 - __main__ - INFO - Epoch [27/100] LR: 1.18e-04 | Train Loss: 0.2088 | Val Loss: 0.0553 | MAE: 0.1764 | RMSE: 0.2351 | R²: 0.8732 | MAPE: 83.38%
2026-03-08 17:46:24,363 - __main__ - INFO - 💾 已保存最佳模型 (R²=0.8732)
2026-03-08 17:46:24,656 - __main__ - INFO - Epoch [28/100] LR: 1.23e-04 | Train Loss: 0.2064 | Val Loss: 0.0679 | MAE: 0.2084 | RMSE: 0.2605 | R²: 0.8444 | MAPE: 75.74%
2026-03-08 17:46:24,949 - __main__ - INFO - Epoch [29/100] LR: 1.27e-04 | Train Loss: 0.1988 | Val Loss: 0.0701 | MAE: 0.1792 | RMSE: 0.2648 | R²: 0.8392 | MAPE: 81.19%
2026-03-08 17:46:25,251 - __main__ - INFO - Epoch [30/100] LR: 1.32e-04 | Train Loss: 0.1989 | Val Loss: 0.0696 | MAE: 0.2162 | RMSE: 0.2638 | R²: 0.8405 | MAPE: 104.56%
2026-03-08 17:46:25,537 - __main__ - INFO - Epoch [31/100] LR: 1.36e-04 | Train Loss: 0.1918 | Val Loss: 0.1103 | MAE: 0.2899 | RMSE: 0.3321 | R²: 0.7472 | MAPE: 118.82%
2026-03-08 17:46:25,833 - __main__ - INFO - Epoch [32/100] LR: 1.41e-04 | Train Loss: 0.2133 | Val Loss: 0.0652 | MAE: 0.1728 | RMSE: 0.2554 | R²: 0.8505 | MAPE: 86.14%
2026-03-08 17:46:26,126 - __main__ - INFO - Epoch [33/100] LR: 1.45e-04 | Train Loss: 0.2028 | Val Loss: 0.0572 | MAE: 0.1640 | RMSE: 0.2392 | R²: 0.8689 | MAPE: 84.86%
2026-03-08 17:46:26,415 - __main__ - INFO - Epoch [34/100] LR: 1.50e-04 | Train Loss: 0.1931 | Val Loss: 0.0698 | MAE: 0.1810 | RMSE: 0.2643 | R²: 0.8399 | MAPE: 83.14%
2026-03-08 17:46:26,707 - __main__ - INFO - Epoch [35/100] LR: 1.55e-04 | Train Loss: 0.2156 | Val Loss: 0.0595 | MAE: 0.1948 | RMSE: 0.2439 | R²: 0.8637 | MAPE: 87.38%
2026-03-08 17:46:26,993 - __main__ - INFO - Epoch [36/100] LR: 1.59e-04 | Train Loss: 0.1942 | Val Loss: 0.0498 | MAE: 0.1556 | RMSE: 0.2231 | R²: 0.8859 | MAPE: 91.16%
2026-03-08 17:46:27,040 - __main__ - INFO - 💾 已保存最佳模型 (R²=0.8859)
2026-03-08 17:46:27,322 - __main__ - INFO - Epoch [37/100] LR: 1.64e-04 | Train Loss: 0.1872 | Val Loss: 0.0591 | MAE: 0.1986 | RMSE: 0.2430 | R²: 0.8646 | MAPE: 88.75%
2026-03-08 17:46:27,616 - __main__ - INFO - Epoch [38/100] LR: 1.68e-04 | Train Loss: 0.1858 | Val Loss: 0.0570 | MAE: 0.1916 | RMSE: 0.2388 | R²: 0.8693 | MAPE: 81.61%
2026-03-08 17:46:27,902 - __main__ - INFO - Epoch [39/100] LR: 1.73e-04 | Train Loss: 0.1753 | Val Loss: 0.0507 | MAE: 0.1703 | RMSE: 0.2251 | R²: 0.8839 | MAPE: 88.55%
2026-03-08 17:46:28,196 - __main__ - INFO - Epoch [40/100] LR: 1.77e-04 | Train Loss: 0.1812 | Val Loss: 0.0526 | MAE: 0.1738 | RMSE: 0.2294 | R²: 0.8793 | MAPE: 79.22%
2026-03-08 17:46:28,475 - __main__ - INFO - Epoch [41/100] LR: 1.82e-04 | Train Loss: 0.1782 | Val Loss: 0.0586 | MAE: 0.1627 | RMSE: 0.2420 | R²: 0.8657 | MAPE: 77.06%
2026-03-08 17:46:28,761 - __main__ - INFO - Epoch [42/100] LR: 1.86e-04 | Train Loss: 0.1716 | Val Loss: 0.0477 | MAE: 0.1477 | RMSE: 0.2183 | R²: 0.8907 | MAPE: 82.93%
2026-03-08 17:46:28,813 - __main__ - INFO - 💾 已保存最佳模型 (R²=0.8907)
2026-03-08 17:46:29,097 - __main__ - INFO - Epoch [43/100] LR: 1.91e-04 | Train Loss: 0.1756 | Val Loss: 0.0586 | MAE: 0.1625 | RMSE: 0.2420 | R²: 0.8657 | MAPE: 81.60%
2026-03-08 17:46:29,388 - __main__ - INFO - Epoch [44/100] LR: 1.95e-04 | Train Loss: 0.1731 | Val Loss: 0.0542 | MAE: 0.1798 | RMSE: 0.2329 | R²: 0.8757 | MAPE: 74.88%
2026-03-08 17:46:29,676 - __main__ - INFO - Epoch [45/100] LR: 2.00e-04 | Train Loss: 0.1687 | Val Loss: 0.0549 | MAE: 0.1603 | RMSE: 0.2344 | R²: 0.8741 | MAPE: 75.47%
2026-03-08 17:46:29,969 - __main__ - INFO - Epoch [46/100] LR: 2.05e-04 | Train Loss: 0.1744 | Val Loss: 0.0481 | MAE: 0.1540 | RMSE: 0.2194 | R²: 0.8897 | MAPE: 78.01%
2026-03-08 17:46:30,263 - __main__ - INFO - Epoch [47/100] LR: 2.09e-04 | Train Loss: 0.1772 | Val Loss: 0.0612 | MAE: 0.1619 | RMSE: 0.2473 | R²: 0.8598 | MAPE: 77.06%
2026-03-08 17:46:30,552 - __main__ - INFO - Epoch [48/100] LR: 2.14e-04 | Train Loss: 0.1687 | Val Loss: 0.0584 | MAE: 0.1880 | RMSE: 0.2417 | R²: 0.8661 | MAPE: 76.27%
2026-03-08 17:46:30,839 - __main__ - INFO - Epoch [49/100] LR: 2.18e-04 | Train Loss: 0.1701 | Val Loss: 0.0833 | MAE: 0.2055 | RMSE: 0.2885 | R²: 0.8092 | MAPE: 95.40%
2026-03-08 17:46:31,127 - __main__ - INFO - Epoch [50/100] LR: 2.23e-04 | Train Loss: 0.1694 | Val Loss: 0.0636 | MAE: 0.1631 | RMSE: 0.2523 | R²: 0.8541 | MAPE: 78.09%
2026-03-08 17:46:31,416 - __main__ - INFO - Epoch [51/100] LR: 2.27e-04 | Train Loss: 0.1771 | Val Loss: 0.0580 | MAE: 0.1690 | RMSE: 0.2408 | R²: 0.8671 | MAPE: 85.54%
2026-03-08 17:46:31,704 - __main__ - INFO - Epoch [52/100] LR: 2.32e-04 | Train Loss: 0.1701 | Val Loss: 0.0589 | MAE: 0.1604 | RMSE: 0.2427 | R²: 0.8650 | MAPE: 78.51%
2026-03-08 17:46:31,996 - __main__ - INFO - Epoch [53/100] LR: 2.36e-04 | Train Loss: 0.1607 | Val Loss: 0.0631 | MAE: 0.1807 | RMSE: 0.2512 | R²: 0.8553 | MAPE: 74.33%
2026-03-08 17:46:32,287 - __main__ - INFO - Epoch [54/100] LR: 2.41e-04 | Train Loss: 0.1662 | Val Loss: 0.0508 | MAE: 0.1518 | RMSE: 0.2254 | R²: 0.8835 | MAPE: 76.92%
2026-03-08 17:46:32,583 - __main__ - INFO - Epoch [55/100] LR: 2.45e-04 | Train Loss: 0.1704 | Val Loss: 0.0557 | MAE: 0.1597 | RMSE: 0.2360 | R²: 0.8723 | MAPE: 67.42%
2026-03-08 17:46:32,880 - __main__ - INFO - Epoch [56/100] LR: 2.50e-04 | Train Loss: 0.1602 | Val Loss: 0.0586 | MAE: 0.1881 | RMSE: 0.2420 | R²: 0.8657 | MAPE: 75.70%
2026-03-08 17:46:33,170 - __main__ - INFO - Epoch [57/100] LR: 2.55e-04 | Train Loss: 0.1710 | Val Loss: 0.0585 | MAE: 0.1825 | RMSE: 0.2420 | R²: 0.8658 | MAPE: 74.87%
2026-03-08 17:46:33,457 - __main__ - INFO - Epoch [58/100] LR: 2.59e-04 | Train Loss: 0.1699 | Val Loss: 0.0560 | MAE: 0.1831 | RMSE: 0.2366 | R²: 0.8717 | MAPE: 78.27%
2026-03-08 17:46:33,751 - __main__ - INFO - Epoch [59/100] LR: 2.64e-04 | Train Loss: 0.1621 | Val Loss: 0.0528 | MAE: 0.1642 | RMSE: 0.2298 | R²: 0.8790 | MAPE: 74.79%
2026-03-08 17:46:34,042 - __main__ - INFO - Epoch [60/100] LR: 2.68e-04 | Train Loss: 0.1614 | Val Loss: 0.0774 | MAE: 0.1807 | RMSE: 0.2782 | R²: 0.8226 | MAPE: 93.62%
2026-03-08 17:46:34,330 - __main__ - INFO - Epoch [61/100] LR: 2.73e-04 | Train Loss: 0.1575 | Val Loss: 0.0603 | MAE: 0.1683 | RMSE: 0.2456 | R²: 0.8618 | MAPE: 81.15%
2026-03-08 17:46:34,622 - __main__ - INFO - Epoch [62/100] LR: 2.77e-04 | Train Loss: 0.1538 | Val Loss: 0.0585 | MAE: 0.1552 | RMSE: 0.2419 | R²: 0.8659 | MAPE: 77.09%
2026-03-08 17:46:34,912 - __main__ - INFO - Epoch [63/100] LR: 2.82e-04 | Train Loss: 0.1519 | Val Loss: 0.0557 | MAE: 0.1740 | RMSE: 0.2360 | R²: 0.8723 | MAPE: 72.84%
2026-03-08 17:46:35,200 - __main__ - INFO - Epoch [64/100] LR: 2.86e-04 | Train Loss: 0.1595 | Val Loss: 0.0613 | MAE: 0.1657 | RMSE: 0.2477 | R²: 0.8594 | MAPE: 88.89%
2026-03-08 17:46:35,490 - __main__ - INFO - Epoch [65/100] LR: 2.91e-04 | Train Loss: 0.1692 | Val Loss: 0.0865 | MAE: 0.2358 | RMSE: 0.2941 | R²: 0.8017 | MAPE: 90.84%
2026-03-08 17:46:35,787 - __main__ - INFO - Epoch [66/100] LR: 2.95e-04 | Train Loss: 0.1701 | Val Loss: 0.0643 | MAE: 0.1973 | RMSE: 0.2537 | R²: 0.8525 | MAPE: 85.27%
2026-03-08 17:46:36,088 - __main__ - INFO - Epoch [67/100] LR: 3.00e-04 | Train Loss: 0.1599 | Val Loss: 0.0616 | MAE: 0.1798 | RMSE: 0.2482 | R²: 0.8588 | MAPE: 74.89%
2026-03-08 17:46:36,377 - __main__ - INFO - Epoch [68/100] LR: 3.05e-04 | Train Loss: 0.1521 | Val Loss: 0.0735 | MAE: 0.1795 | RMSE: 0.2711 | R²: 0.8315 | MAPE: 81.33%
2026-03-08 17:46:36,670 - __main__ - INFO - Epoch [69/100] LR: 3.09e-04 | Train Loss: 0.1493 | Val Loss: 0.0642 | MAE: 0.1663 | RMSE: 0.2534 | R²: 0.8529 | MAPE: 74.54%
2026-03-08 17:46:36,960 - __main__ - INFO - Epoch [70/100] LR: 3.14e-04 | Train Loss: 0.1512 | Val Loss: 0.0739 | MAE: 0.2179 | RMSE: 0.2719 | R²: 0.8305 | MAPE: 78.65%
2026-03-08 17:46:37,256 - __main__ - INFO - Epoch [71/100] LR: 3.18e-04 | Train Loss: 0.1494 | Val Loss: 0.0616 | MAE: 0.1776 | RMSE: 0.2481 | R²: 0.8589 | MAPE: 74.19%
2026-03-08 17:46:37,549 - __main__ - INFO - Epoch [72/100] LR: 3.23e-04 | Train Loss: 0.1561 | Val Loss: 0.0559 | MAE: 0.1575 | RMSE: 0.2365 | R²: 0.8718 | MAPE: 80.17%
2026-03-08 17:46:37,837 - __main__ - INFO - Epoch [73/100] LR: 3.27e-04 | Train Loss: 0.1521 | Val Loss: 0.0683 | MAE: 0.1753 | RMSE: 0.2614 | R²: 0.8434 | MAPE: 82.85%
2026-03-08 17:46:38,127 - __main__ - INFO - Epoch [74/100] LR: 3.32e-04 | Train Loss: 0.1466 | Val Loss: 0.0609 | MAE: 0.1626 | RMSE: 0.2467 | R²: 0.8605 | MAPE: 72.21%
2026-03-08 17:46:38,402 - __main__ - INFO - Epoch [75/100] LR: 3.36e-04 | Train Loss: 0.1504 | Val Loss: 0.0659 | MAE: 0.1694 | RMSE: 0.2567 | R²: 0.8489 | MAPE: 80.83%
2026-03-08 17:46:38,691 - __main__ - INFO - Epoch [76/100] LR: 3.41e-04 | Train Loss: 0.1527 | Val Loss: 0.0867 | MAE: 0.1925 | RMSE: 0.2945 | R²: 0.8012 | MAPE: 96.13%
2026-03-08 17:46:38,979 - __main__ - INFO - Epoch [77/100] LR: 3.45e-04 | Train Loss: 0.1515 | Val Loss: 0.0669 | MAE: 0.1636 | RMSE: 0.2587 | R²: 0.8466 | MAPE: 70.84%
2026-03-08 17:46:39,267 - __main__ - INFO - Epoch [78/100] LR: 3.50e-04 | Train Loss: 0.1468 | Val Loss: 0.0602 | MAE: 0.1728 | RMSE: 0.2454 | R²: 0.8620 | MAPE: 89.16%
2026-03-08 17:46:39,552 - __main__ - INFO - Epoch [79/100] LR: 3.55e-04 | Train Loss: 0.1444 | Val Loss: 0.0693 | MAE: 0.1799 | RMSE: 0.2632 | R²: 0.8411 | MAPE: 80.07%
2026-03-08 17:46:39,841 - __main__ - INFO - Epoch [80/100] LR: 3.59e-04 | Train Loss: 0.1430 | Val Loss: 0.0811 | MAE: 0.1933 | RMSE: 0.2847 | R²: 0.8142 | MAPE: 95.05%
2026-03-08 17:46:40,131 - __main__ - INFO - Epoch [81/100] LR: 3.64e-04 | Train Loss: 0.1445 | Val Loss: 0.0672 | MAE: 0.1825 | RMSE: 0.2592 | R²: 0.8460 | MAPE: 94.78%
2026-03-08 17:46:40,420 - __main__ - INFO - Epoch [82/100] LR: 3.68e-04 | Train Loss: 0.1495 | Val Loss: 0.0855 | MAE: 0.2323 | RMSE: 0.2924 | R²: 0.8040 | MAPE: 90.34%
2026-03-08 17:46:40,714 - __main__ - INFO - Epoch [83/100] LR: 3.73e-04 | Train Loss: 0.1525 | Val Loss: 0.0657 | MAE: 0.1764 | RMSE: 0.2564 | R²: 0.8493 | MAPE: 75.73%
2026-03-08 17:46:40,999 - __main__ - INFO - Epoch [84/100] LR: 3.77e-04 | Train Loss: 0.1454 | Val Loss: 0.0682 | MAE: 0.1864 | RMSE: 0.2612 | R²: 0.8436 | MAPE: 79.23%
2026-03-08 17:46:41,279 - __main__ - INFO - Epoch [85/100] LR: 3.82e-04 | Train Loss: 0.1395 | Val Loss: 0.0704 | MAE: 0.1969 | RMSE: 0.2653 | R²: 0.8386 | MAPE: 76.94%
2026-03-08 17:46:41,559 - __main__ - INFO - Epoch [86/100] LR: 3.86e-04 | Train Loss: 0.1432 | Val Loss: 0.0711 | MAE: 0.1777 | RMSE: 0.2666 | R²: 0.8370 | MAPE: 77.88%
2026-03-08 17:46:41,837 - __main__ - INFO - Epoch [87/100] LR: 3.91e-04 | Train Loss: 0.1423 | Val Loss: 0.0663 | MAE: 0.1887 | RMSE: 0.2574 | R²: 0.8481 | MAPE: 84.20%
2026-03-08 17:46:42,119 - __main__ - INFO - Epoch [88/100] LR: 3.95e-04 | Train Loss: 0.1379 | Val Loss: 0.0745 | MAE: 0.2031 | RMSE: 0.2729 | R²: 0.8293 | MAPE: 105.86%
2026-03-08 17:46:42,400 - __main__ - INFO - Epoch [89/100] LR: 4.00e-04 | Train Loss: 0.1421 | Val Loss: 0.0786 | MAE: 0.1949 | RMSE: 0.2803 | R²: 0.8199 | MAPE: 85.19%
2026-03-08 17:46:42,684 - __main__ - INFO - Epoch [90/100] LR: 4.05e-04 | Train Loss: 0.1429 | Val Loss: 0.0761 | MAE: 0.1961 | RMSE: 0.2759 | R²: 0.8255 | MAPE: 90.47%
2026-03-08 17:46:42,982 - __main__ - INFO - Epoch [91/100] LR: 4.09e-04 | Train Loss: 0.1404 | Val Loss: 0.0696 | MAE: 0.1766 | RMSE: 0.2638 | R²: 0.8404 | MAPE: 85.92%
2026-03-08 17:46:43,278 - __main__ - INFO - Epoch [92/100] LR: 4.14e-04 | Train Loss: 0.1339 | Val Loss: 0.0726 | MAE: 0.1951 | RMSE: 0.2694 | R²: 0.8336 | MAPE: 82.18%
2026-03-08 17:46:43,569 - __main__ - INFO - Epoch [93/100] LR: 4.18e-04 | Train Loss: 0.1347 | Val Loss: 0.0774 | MAE: 0.1964 | RMSE: 0.2781 | R²: 0.8227 | MAPE: 89.07%
2026-03-08 17:46:43,855 - __main__ - INFO - Epoch [94/100] LR: 4.23e-04 | Train Loss: 0.1340 | Val Loss: 0.0676 | MAE: 0.1877 | RMSE: 0.2600 | R²: 0.8450 | MAPE: 84.06%
2026-03-08 17:46:44,144 - __main__ - INFO - Epoch [95/100] LR: 4.27e-04 | Train Loss: 0.1327 | Val Loss: 0.0687 | MAE: 0.1796 | RMSE: 0.2621 | R²: 0.8425 | MAPE: 79.76%
2026-03-08 17:46:44,432 - __main__ - INFO - Epoch [96/100] LR: 4.32e-04 | Train Loss: 0.1305 | Val Loss: 0.0772 | MAE: 0.1927 | RMSE: 0.2778 | R²: 0.8231 | MAPE: 88.79%
2026-03-08 17:46:44,718 - __main__ - INFO - Epoch [97/100] LR: 4.36e-04 | Train Loss: 0.1296 | Val Loss: 0.0754 | MAE: 0.2092 | RMSE: 0.2746 | R²: 0.8272 | MAPE: 99.39%
2026-03-08 17:46:45,008 - __main__ - INFO - Epoch [98/100] LR: 4.41e-04 | Train Loss: 0.1305 | Val Loss: 0.0803 | MAE: 0.1971 | RMSE: 0.2833 | R²: 0.8160 | MAPE: 82.96%
2026-03-08 17:46:45,300 - __main__ - INFO - Epoch [99/100] LR: 4.45e-04 | Train Loss: 0.1319 | Val Loss: 0.0752 | MAE: 0.1789 | RMSE: 0.2743 | R²: 0.8276 | MAPE: 76.04%
2026-03-08 17:46:45,590 - __main__ - INFO - Epoch [100/100] LR: 4.50e-04 | Train Loss: 0.1373 | Val Loss: 0.0691 | MAE: 0.1712 | RMSE: 0.2629 | R²: 0.8415 | MAPE: 77.65%
2026-03-08 17:46:45,590 - __main__ - INFO - ✅ 训练完成！总耗时: 0.51 分钟
2026-03-08 17:46:45,592 - __main__ - INFO - 🧪 开始在测试集上评估...
2026-03-08 17:46:45,631 - __main__ - INFO - 📥 已加载最佳模型权重 (Epoch 42)
2026-03-08 17:46:45,762 - __main__ - INFO - 📊 === 最终测试结果 ===
2026-03-08 17:46:45,762 - __main__ - INFO -    Loss: 0.2866
2026-03-08 17:46:45,762 - __main__ - INFO -    MAE : 0.4041
2026-03-08 17:46:45,762 - __main__ - INFO -    RMSE: 0.5353
2026-03-08 17:46:45,762 - __main__ - INFO -    R²  : 0.4926
2026-03-08 17:46:45,762 - __main__ - INFO -    MAPE: 140.6517
2026-03-08 17:46:45,774 - __main__ - INFO - 📝 预测详情已保存至: /root/code/ev_soc_predict/runs/logs/SOC_LSTM_Transformer_HPC_v2/test_predictions.csv
