04-24 21:56:39 | 训练日志: logs/train_20260424_215639.log
04-24 21:56:39 | ============================================================
04-24 21:56:39 | 开始训练 | 模型参数量: 1174018
04-24 21:56:39 | ============================================================
04-24 21:56:39 | Epochs=200 | Batch=64 | LR=0.001 | WD=1e-05 | Patience=20 | Clip=10.0
04-24 21:56:39 | Device: cuda
04-24 21:56:39 | ============================================================
04-24 21:56:41 | Epoch   1/200 | Train Loss=0.5574 | Val MAE(main)=0.3126 | Val MAE(aux)=117968.0391 | LR=1.00e-03
04-24 21:56:41 |   ✓ 新最佳模型保存 (MAE=0.3126)
04-24 21:56:42 | Epoch   2/200 | Train Loss=0.3783 | Val MAE(main)=0.1865 | Val MAE(aux)=117968.1484 | LR=1.00e-03
04-24 21:56:42 |   ✓ 新最佳模型保存 (MAE=0.1865)
04-24 21:56:43 | Epoch   3/200 | Train Loss=0.2892 | Val MAE(main)=0.1702 | Val MAE(aux)=117968.1484 | LR=1.00e-03
04-24 21:56:43 |   ✓ 新最佳模型保存 (MAE=0.1702)
04-24 21:56:44 | Epoch   4/200 | Train Loss=0.2978 | Val MAE(main)=0.1950 | Val MAE(aux)=117968.2578 | LR=1.00e-03
04-24 21:56:46 | Epoch   5/200 | Train Loss=0.2838 | Val MAE(main)=0.1736 | Val MAE(aux)=117968.2812 | LR=1.00e-03
04-24 21:56:47 | Epoch   6/200 | Train Loss=0.2682 | Val MAE(main)=0.1500 | Val MAE(aux)=117968.3203 | LR=1.00e-03
04-24 21:56:47 |   ✓ 新最佳模型保存 (MAE=0.1500)
04-24 21:56:48 | Epoch   7/200 | Train Loss=0.2476 | Val MAE(main)=0.1469 | Val MAE(aux)=117968.2578 | LR=1.00e-03
04-24 21:56:48 |   ✓ 新最佳模型保存 (MAE=0.1469)
04-24 21:56:50 | Epoch   8/200 | Train Loss=0.2742 | Val MAE(main)=0.1633 | Val MAE(aux)=117968.4062 | LR=1.00e-03
04-24 21:56:51 | Epoch   9/200 | Train Loss=0.2512 | Val MAE(main)=0.1475 | Val MAE(aux)=117968.3828 | LR=1.00e-03
04-24 21:56:52 | Epoch  10/200 | Train Loss=0.2468 | Val MAE(main)=0.1432 | Val MAE(aux)=117968.4062 | LR=1.00e-03
04-24 21:56:52 |   ✓ 新最佳模型保存 (MAE=0.1432)
04-24 21:56:54 | Epoch  11/200 | Train Loss=0.2413 | Val MAE(main)=0.1594 | Val MAE(aux)=117968.4688 | LR=1.00e-03
04-24 21:56:55 | Epoch  12/200 | Train Loss=0.2365 | Val MAE(main)=0.1417 | Val MAE(aux)=117968.4688 | LR=1.00e-03
04-24 21:56:55 |   ✓ 新最佳模型保存 (MAE=0.1417)
04-24 21:56:56 | Epoch  13/200 | Train Loss=0.2428 | Val MAE(main)=0.1519 | Val MAE(aux)=117968.4922 | LR=1.00e-03
04-24 21:56:57 | Epoch  14/200 | Train Loss=0.2340 | Val MAE(main)=0.1422 | Val MAE(aux)=117968.4922 | LR=1.00e-03
04-24 21:56:59 | Epoch  15/200 | Train Loss=0.2419 | Val MAE(main)=0.1462 | Val MAE(aux)=117968.5469 | LR=1.00e-03
04-24 21:57:00 | Epoch  16/200 | Train Loss=0.2331 | Val MAE(main)=0.1361 | Val MAE(aux)=117968.4453 | LR=1.00e-03
04-24 21:57:00 |   ✓ 新最佳模型保存 (MAE=0.1361)
04-24 21:57:01 | Epoch  17/200 | Train Loss=0.2216 | Val MAE(main)=0.1526 | Val MAE(aux)=117968.4453 | LR=1.00e-03
04-24 21:57:03 | Epoch  18/200 | Train Loss=0.2206 | Val MAE(main)=0.1358 | Val MAE(aux)=117968.5156 | LR=1.00e-03
04-24 21:57:03 |   ✓ 新最佳模型保存 (MAE=0.1358)
04-24 21:57:04 | Epoch  19/200 | Train Loss=0.2292 | Val MAE(main)=0.1563 | Val MAE(aux)=117968.5781 | LR=1.00e-03
04-24 21:57:05 | Epoch  20/200 | Train Loss=0.2179 | Val MAE(main)=0.1423 | Val MAE(aux)=117968.5781 | LR=1.00e-03
04-24 21:57:07 | Epoch  21/200 | Train Loss=0.2349 | Val MAE(main)=0.1689 | Val MAE(aux)=117968.6719 | LR=1.00e-03
04-24 21:57:08 | Epoch  22/200 | Train Loss=0.2256 | Val MAE(main)=0.1447 | Val MAE(aux)=117968.6172 | LR=1.00e-03
04-24 21:57:09 | Epoch  23/200 | Train Loss=0.2221 | Val MAE(main)=0.1354 | Val MAE(aux)=117968.6406 | LR=1.00e-03
04-24 21:57:09 |   ✓ 新最佳模型保存 (MAE=0.1354)
04-24 21:57:10 | Epoch  24/200 | Train Loss=0.2151 | Val MAE(main)=0.1502 | Val MAE(aux)=117968.6719 | LR=1.00e-03
04-24 21:57:12 | Epoch  25/200 | Train Loss=0.2240 | Val MAE(main)=0.1446 | Val MAE(aux)=117968.6953 | LR=1.00e-03
04-24 21:57:13 | Epoch  26/200 | Train Loss=0.2039 | Val MAE(main)=0.1450 | Val MAE(aux)=117968.6797 | LR=1.00e-03
04-24 21:57:15 | Epoch  27/200 | Train Loss=0.2021 | Val MAE(main)=0.1481 | Val MAE(aux)=117968.6953 | LR=1.00e-03
04-24 21:57:16 | Epoch  28/200 | Train Loss=0.2096 | Val MAE(main)=0.1365 | Val MAE(aux)=117968.6641 | LR=1.00e-03
04-24 21:57:17 | Epoch  29/200 | Train Loss=0.1939 | Val MAE(main)=0.1632 | Val MAE(aux)=117968.6484 | LR=5.00e-04
04-24 21:57:18 | Epoch  30/200 | Train Loss=0.1867 | Val MAE(main)=0.1383 | Val MAE(aux)=117968.6406 | LR=5.00e-04
04-24 21:57:20 | Epoch  31/200 | Train Loss=0.1781 | Val MAE(main)=0.1562 | Val MAE(aux)=117968.6406 | LR=5.00e-04
04-24 21:57:21 | Epoch  32/200 | Train Loss=0.1808 | Val MAE(main)=0.1388 | Val MAE(aux)=117968.6797 | LR=5.00e-04
04-24 21:57:23 | Epoch  33/200 | Train Loss=0.1649 | Val MAE(main)=0.1368 | Val MAE(aux)=117968.6953 | LR=5.00e-04
04-24 21:57:24 | Epoch  34/200 | Train Loss=0.1658 | Val MAE(main)=0.1516 | Val MAE(aux)=117968.6797 | LR=5.00e-04
04-24 21:57:25 | Epoch  35/200 | Train Loss=0.1642 | Val MAE(main)=0.1353 | Val MAE(aux)=117968.6484 | LR=5.00e-04
04-24 21:57:25 |   ✓ 新最佳模型保存 (MAE=0.1353)
04-24 21:57:27 | Epoch  36/200 | Train Loss=0.1621 | Val MAE(main)=0.1311 | Val MAE(aux)=117968.6641 | LR=5.00e-04
04-24 21:57:27 |   ✓ 新最佳模型保存 (MAE=0.1311)
04-24 21:57:28 | Epoch  37/200 | Train Loss=0.1597 | Val MAE(main)=0.1547 | Val MAE(aux)=117968.6797 | LR=5.00e-04
04-24 21:57:30 | Epoch  38/200 | Train Loss=0.1569 | Val MAE(main)=0.1419 | Val MAE(aux)=117968.6719 | LR=5.00e-04
04-24 21:57:31 | Epoch  39/200 | Train Loss=0.1513 | Val MAE(main)=0.1448 | Val MAE(aux)=117968.6719 | LR=5.00e-04
04-24 21:57:32 | Epoch  40/200 | Train Loss=0.1490 | Val MAE(main)=0.1354 | Val MAE(aux)=117968.6484 | LR=5.00e-04
04-24 21:57:34 | Epoch  41/200 | Train Loss=0.1515 | Val MAE(main)=0.1431 | Val MAE(aux)=117968.6797 | LR=5.00e-04
04-24 21:57:35 | Epoch  42/200 | Train Loss=0.1546 | Val MAE(main)=0.1552 | Val MAE(aux)=117968.6641 | LR=2.50e-04
04-24 21:57:36 | Epoch  43/200 | Train Loss=0.1400 | Val MAE(main)=0.1459 | Val MAE(aux)=117968.6719 | LR=2.50e-04
04-24 21:57:38 | Epoch  44/200 | Train Loss=0.1290 | Val MAE(main)=0.1458 | Val MAE(aux)=117968.6797 | LR=2.50e-04
04-24 21:57:39 | Epoch  45/200 | Train Loss=0.1277 | Val MAE(main)=0.1382 | Val MAE(aux)=117968.6953 | LR=2.50e-04
04-24 21:57:40 | Epoch  46/200 | Train Loss=0.1259 | Val MAE(main)=0.1453 | Val MAE(aux)=117968.6953 | LR=2.50e-04
04-24 21:57:42 | Epoch  47/200 | Train Loss=0.1236 | Val MAE(main)=0.1459 | Val MAE(aux)=117968.6953 | LR=2.50e-04
04-24 21:57:43 | Epoch  48/200 | Train Loss=0.1246 | Val MAE(main)=0.1443 | Val MAE(aux)=117968.7031 | LR=1.25e-04
04-24 21:57:44 | Epoch  49/200 | Train Loss=0.1164 | Val MAE(main)=0.1422 | Val MAE(aux)=117968.6953 | LR=1.25e-04
04-24 21:57:45 | Epoch  50/200 | Train Loss=0.1121 | Val MAE(main)=0.1364 | Val MAE(aux)=117968.6953 | LR=1.25e-04
04-24 21:57:46 | Epoch  51/200 | Train Loss=0.1107 | Val MAE(main)=0.1420 | Val MAE(aux)=117968.7031 | LR=1.25e-04
04-24 21:57:48 | Epoch  52/200 | Train Loss=0.1101 | Val MAE(main)=0.1400 | Val MAE(aux)=117968.7188 | LR=1.25e-04
04-24 21:57:49 | Epoch  53/200 | Train Loss=0.1117 | Val MAE(main)=0.1424 | Val MAE(aux)=117968.7031 | LR=1.25e-04
04-24 21:57:50 | Epoch  54/200 | Train Loss=0.1075 | Val MAE(main)=0.1386 | Val MAE(aux)=117968.7031 | LR=6.25e-05
04-24 21:57:51 | Epoch  55/200 | Train Loss=0.1049 | Val MAE(main)=0.1382 | Val MAE(aux)=117968.7031 | LR=6.25e-05
04-24 21:57:53 | Epoch  56/200 | Train Loss=0.1033 | Val MAE(main)=0.1407 | Val MAE(aux)=117968.7031 | LR=6.25e-05
04-24 21:57:53 |   ⏹ 早停触发，连续 20 轮未改善
04-24 21:57:53 | ============================================================
04-24 21:57:53 | 训练结束 | 最佳轮次: 36 | 最佳 Val MAE: 0.1311
04-24 21:57:53 | ============================================================
04-24 21:57:53 | 已加载最佳模型 (Epoch 36, Val MAE=0.1311)
04-24 21:57:53 | 
========== Test 集最终评估 ==========
04-24 21:57:53 |   ΔSoC(main) | MAE=0.1327 | RMSE=0.2501 | R²=0.8285 | MAPE=21.36%
04-24 21:57:53 |   总能量(aux) | MAE=111779.2188 | RMSE=145049.6719 | R²=-1.4579 | MAPE=99.99%
