04-24 22:20:06 | 训练日志: logs/train_20260424_222006.log
04-24 22:20:06 | ============================================================
04-24 22:20:06 | 开始训练 | 模型参数量: 1174018
04-24 22:20:06 | ============================================================
04-24 22:20:06 | Epochs=200 | Batch=64 | LR=0.001 | WD=1e-05 | Patience=20 | Clip=10.0
04-24 22:20:06 | Device: cuda
04-24 22:20:06 | ============================================================
04-24 22:20:06 | Epoch   1/200 | Train Loss=0.7270 | Val MAE(main)=0.4165 | Val MAE(aux)=224935.6719 | LR=1.00e-03
04-24 22:20:06 |   ✓ 新最佳模型保存 (MAE=0.4165)
04-24 22:20:07 | Epoch   2/200 | Train Loss=0.3188 | Val MAE(main)=0.2820 | Val MAE(aux)=224935.5938 | LR=1.00e-03
04-24 22:20:07 |   ✓ 新最佳模型保存 (MAE=0.2820)
04-24 22:20:08 | Epoch   3/200 | Train Loss=0.2899 | Val MAE(main)=0.3243 | Val MAE(aux)=224935.5625 | LR=1.00e-03
04-24 22:20:08 | Epoch   4/200 | Train Loss=0.3206 | Val MAE(main)=0.3512 | Val MAE(aux)=224935.6875 | LR=1.00e-03
04-24 22:20:09 | Epoch   5/200 | Train Loss=0.2955 | Val MAE(main)=0.3160 | Val MAE(aux)=224935.7500 | LR=1.00e-03
04-24 22:20:09 | Epoch   6/200 | Train Loss=0.2549 | Val MAE(main)=0.2431 | Val MAE(aux)=224935.7500 | LR=1.00e-03
04-24 22:20:09 |   ✓ 新最佳模型保存 (MAE=0.2431)
04-24 22:20:10 | Epoch   7/200 | Train Loss=0.2429 | Val MAE(main)=0.3337 | Val MAE(aux)=224935.7656 | LR=1.00e-03
04-24 22:20:10 | Epoch   8/200 | Train Loss=0.2272 | Val MAE(main)=0.2872 | Val MAE(aux)=224935.8438 | LR=1.00e-03
04-24 22:20:10 | Epoch   9/200 | Train Loss=0.2217 | Val MAE(main)=0.2342 | Val MAE(aux)=224935.8438 | LR=1.00e-03
04-24 22:20:10 |   ✓ 新最佳模型保存 (MAE=0.2342)
04-24 22:20:10 | Epoch  10/200 | Train Loss=0.2286 | Val MAE(main)=0.2780 | Val MAE(aux)=224935.8750 | LR=1.00e-03
04-24 22:20:11 | Epoch  11/200 | Train Loss=0.2686 | Val MAE(main)=0.2736 | Val MAE(aux)=224935.9219 | LR=1.00e-03
04-24 22:20:11 | Epoch  12/200 | Train Loss=0.2452 | Val MAE(main)=0.2430 | Val MAE(aux)=224935.9219 | LR=1.00e-03
04-24 22:20:12 | Epoch  13/200 | Train Loss=0.2691 | Val MAE(main)=0.3163 | Val MAE(aux)=224935.9531 | LR=1.00e-03
04-24 22:20:12 | Epoch  14/200 | Train Loss=0.2312 | Val MAE(main)=0.2265 | Val MAE(aux)=224935.9688 | LR=1.00e-03
04-24 22:20:12 |   ✓ 新最佳模型保存 (MAE=0.2265)
04-24 22:20:13 | Epoch  15/200 | Train Loss=0.2421 | Val MAE(main)=0.2246 | Val MAE(aux)=224936.0312 | LR=1.00e-03
04-24 22:20:13 |   ✓ 新最佳模型保存 (MAE=0.2246)
04-24 22:20:13 | Epoch  16/200 | Train Loss=0.2095 | Val MAE(main)=0.2290 | Val MAE(aux)=224936.0469 | LR=1.00e-03
04-24 22:20:14 | Epoch  17/200 | Train Loss=0.2062 | Val MAE(main)=0.2297 | Val MAE(aux)=224936.0781 | LR=1.00e-03
04-24 22:20:14 | Epoch  18/200 | Train Loss=0.2221 | Val MAE(main)=0.2589 | Val MAE(aux)=224936.0781 | LR=1.00e-03
04-24 22:20:15 | Epoch  19/200 | Train Loss=0.2240 | Val MAE(main)=0.2447 | Val MAE(aux)=224936.1562 | LR=1.00e-03
04-24 22:20:15 | Epoch  20/200 | Train Loss=0.1969 | Val MAE(main)=0.2378 | Val MAE(aux)=224936.1250 | LR=1.00e-03
04-24 22:20:15 | Epoch  21/200 | Train Loss=0.2118 | Val MAE(main)=0.2256 | Val MAE(aux)=224936.1250 | LR=5.00e-04
04-24 22:20:16 | Epoch  22/200 | Train Loss=0.1864 | Val MAE(main)=0.2379 | Val MAE(aux)=224936.1250 | LR=5.00e-04
04-24 22:20:16 | Epoch  23/200 | Train Loss=0.1847 | Val MAE(main)=0.2440 | Val MAE(aux)=224936.1562 | LR=5.00e-04
04-24 22:20:17 | Epoch  24/200 | Train Loss=0.1991 | Val MAE(main)=0.2700 | Val MAE(aux)=224936.1875 | LR=5.00e-04
04-24 22:20:17 | Epoch  25/200 | Train Loss=0.1774 | Val MAE(main)=0.2213 | Val MAE(aux)=224936.1562 | LR=5.00e-04
04-24 22:20:17 |   ✓ 新最佳模型保存 (MAE=0.2213)
04-24 22:20:18 | Epoch  26/200 | Train Loss=0.1668 | Val MAE(main)=0.2173 | Val MAE(aux)=224936.1875 | LR=5.00e-04
04-24 22:20:18 |   ✓ 新最佳模型保存 (MAE=0.2173)
04-24 22:20:19 | Epoch  27/200 | Train Loss=0.1748 | Val MAE(main)=0.2130 | Val MAE(aux)=224936.1875 | LR=5.00e-04
04-24 22:20:19 |   ✓ 新最佳模型保存 (MAE=0.2130)
04-24 22:20:19 | Epoch  28/200 | Train Loss=0.1723 | Val MAE(main)=0.2213 | Val MAE(aux)=224936.1875 | LR=5.00e-04
04-24 22:20:19 | Epoch  29/200 | Train Loss=0.1661 | Val MAE(main)=0.2039 | Val MAE(aux)=224936.1875 | LR=5.00e-04
04-24 22:20:19 |   ✓ 新最佳模型保存 (MAE=0.2039)
04-24 22:20:20 | Epoch  30/200 | Train Loss=0.1669 | Val MAE(main)=0.2183 | Val MAE(aux)=224936.1875 | LR=5.00e-04
04-24 22:20:20 | Epoch  31/200 | Train Loss=0.1711 | Val MAE(main)=0.2059 | Val MAE(aux)=224936.1875 | LR=5.00e-04
04-24 22:20:20 | Epoch  32/200 | Train Loss=0.1677 | Val MAE(main)=0.2335 | Val MAE(aux)=224936.1875 | LR=5.00e-04
04-24 22:20:21 | Epoch  33/200 | Train Loss=0.1716 | Val MAE(main)=0.2344 | Val MAE(aux)=224936.2031 | LR=5.00e-04
04-24 22:20:21 | Epoch  34/200 | Train Loss=0.1705 | Val MAE(main)=0.2051 | Val MAE(aux)=224936.2344 | LR=5.00e-04
04-24 22:20:21 | Epoch  35/200 | Train Loss=0.1641 | Val MAE(main)=0.2836 | Val MAE(aux)=224936.2344 | LR=2.50e-04
04-24 22:20:22 | Epoch  36/200 | Train Loss=0.1618 | Val MAE(main)=0.2068 | Val MAE(aux)=224936.2344 | LR=2.50e-04
04-24 22:20:22 | Epoch  37/200 | Train Loss=0.1485 | Val MAE(main)=0.2070 | Val MAE(aux)=224936.2344 | LR=2.50e-04
04-24 22:20:23 | Epoch  38/200 | Train Loss=0.1434 | Val MAE(main)=0.2079 | Val MAE(aux)=224936.2344 | LR=2.50e-04
04-24 22:20:23 | Epoch  39/200 | Train Loss=0.1403 | Val MAE(main)=0.2114 | Val MAE(aux)=224936.2344 | LR=2.50e-04
04-24 22:20:24 | Epoch  40/200 | Train Loss=0.1400 | Val MAE(main)=0.2189 | Val MAE(aux)=224936.2344 | LR=2.50e-04
04-24 22:20:24 | Epoch  41/200 | Train Loss=0.1381 | Val MAE(main)=0.2524 | Val MAE(aux)=224936.2500 | LR=1.25e-04
04-24 22:20:25 | Epoch  42/200 | Train Loss=0.1400 | Val MAE(main)=0.2247 | Val MAE(aux)=224936.2344 | LR=1.25e-04
04-24 22:20:25 | Epoch  43/200 | Train Loss=0.1291 | Val MAE(main)=0.2313 | Val MAE(aux)=224936.2344 | LR=1.25e-04
04-24 22:20:26 | Epoch  44/200 | Train Loss=0.1290 | Val MAE(main)=0.2167 | Val MAE(aux)=224936.2344 | LR=1.25e-04
04-24 22:20:26 | Epoch  45/200 | Train Loss=0.1244 | Val MAE(main)=0.2088 | Val MAE(aux)=224936.2344 | LR=1.25e-04
04-24 22:20:26 | Epoch  46/200 | Train Loss=0.1273 | Val MAE(main)=0.2185 | Val MAE(aux)=224936.2344 | LR=1.25e-04
04-24 22:20:27 | Epoch  47/200 | Train Loss=0.1223 | Val MAE(main)=0.2210 | Val MAE(aux)=224936.2344 | LR=6.25e-05
04-24 22:20:27 | Epoch  48/200 | Train Loss=0.1208 | Val MAE(main)=0.2175 | Val MAE(aux)=224936.2344 | LR=6.25e-05
04-24 22:20:28 | Epoch  49/200 | Train Loss=0.1238 | Val MAE(main)=0.2150 | Val MAE(aux)=224936.2344 | LR=6.25e-05
04-24 22:20:28 |   ⏹ 早停触发，连续 20 轮未改善
04-24 22:20:28 | ============================================================
04-24 22:20:28 | 训练结束 | 最佳轮次: 29 | 最佳 Val MAE: 0.2039
04-24 22:20:28 | ============================================================
04-24 22:20:28 | 已加载最佳模型 (Epoch 29, Val MAE=0.2039)
04-24 22:20:28 | 
========== Test 集最终评估 ==========
04-24 22:20:28 |   ΔSoC(main) | MAE=0.1860 | RMSE=0.2837 | R²=0.9157 | MAPE=16.97%
04-24 22:20:28 |   总能量(aux) | MAE=215039.4375 | RMSE=263720.2188 | R²=-1.9841 | MAPE=100.00%
