04-24 22:27:11 | 训练日志: logs/train_20260424_222711.log
04-24 22:27:11 | ============================================================
04-24 22:27:11 | 开始训练 | 模型参数量: 1174018
04-24 22:27:11 | ============================================================
04-24 22:27:11 | Epochs=200 | Batch=64 | LR=0.001 | WD=1e-05 | Patience=20 | Clip=10.0
04-24 22:27:11 | Device: cuda
04-24 22:27:11 | ============================================================
04-24 22:27:11 | Epoch   1/200 | Train Loss=1.4974 | Val MAE(main)=1.0853 | Val MAE(aux)=390951.6875 | LR=1.00e-03
04-24 22:27:11 |   ✓ 新最佳模型保存 (MAE=1.0853)
04-24 22:27:11 | Epoch   2/200 | Train Loss=0.5196 | Val MAE(main)=0.9188 | Val MAE(aux)=390951.2188 | LR=1.00e-03
04-24 22:27:11 |   ✓ 新最佳模型保存 (MAE=0.9188)
04-24 22:27:12 | Epoch   3/200 | Train Loss=0.4436 | Val MAE(main)=0.5636 | Val MAE(aux)=390951.2188 | LR=1.00e-03
04-24 22:27:12 |   ✓ 新最佳模型保存 (MAE=0.5636)
04-24 22:27:12 | Epoch   4/200 | Train Loss=0.3948 | Val MAE(main)=0.8118 | Val MAE(aux)=390951.2188 | LR=1.00e-03
04-24 22:27:12 | Epoch   5/200 | Train Loss=0.3798 | Val MAE(main)=0.8282 | Val MAE(aux)=390951.2812 | LR=1.00e-03
04-24 22:27:12 | Epoch   6/200 | Train Loss=0.4457 | Val MAE(main)=0.5338 | Val MAE(aux)=390951.2812 | LR=1.00e-03
04-24 22:27:12 |   ✓ 新最佳模型保存 (MAE=0.5338)
04-24 22:27:12 | Epoch   7/200 | Train Loss=0.3693 | Val MAE(main)=0.6859 | Val MAE(aux)=390951.3750 | LR=1.00e-03
04-24 22:27:13 | Epoch   8/200 | Train Loss=0.3204 | Val MAE(main)=0.4701 | Val MAE(aux)=390951.4062 | LR=1.00e-03
04-24 22:27:13 |   ✓ 新最佳模型保存 (MAE=0.4701)
04-24 22:27:13 | Epoch   9/200 | Train Loss=0.2759 | Val MAE(main)=0.4033 | Val MAE(aux)=390951.3125 | LR=1.00e-03
04-24 22:27:13 |   ✓ 新最佳模型保存 (MAE=0.4033)
04-24 22:27:13 | Epoch  10/200 | Train Loss=0.2535 | Val MAE(main)=0.3807 | Val MAE(aux)=390951.3125 | LR=1.00e-03
04-24 22:27:13 |   ✓ 新最佳模型保存 (MAE=0.3807)
04-24 22:27:13 | Epoch  11/200 | Train Loss=0.2399 | Val MAE(main)=0.4720 | Val MAE(aux)=390951.3438 | LR=1.00e-03
04-24 22:27:14 | Epoch  12/200 | Train Loss=0.2562 | Val MAE(main)=0.3631 | Val MAE(aux)=390951.3438 | LR=1.00e-03
04-24 22:27:14 |   ✓ 新最佳模型保存 (MAE=0.3631)
04-24 22:27:14 | Epoch  13/200 | Train Loss=0.2212 | Val MAE(main)=0.3934 | Val MAE(aux)=390951.3438 | LR=1.00e-03
04-24 22:27:14 | Epoch  14/200 | Train Loss=0.2083 | Val MAE(main)=0.3596 | Val MAE(aux)=390951.3438 | LR=1.00e-03
04-24 22:27:14 |   ✓ 新最佳模型保存 (MAE=0.3596)
04-24 22:27:14 | Epoch  15/200 | Train Loss=0.1973 | Val MAE(main)=0.4388 | Val MAE(aux)=390951.3438 | LR=1.00e-03
04-24 22:27:15 | Epoch  16/200 | Train Loss=0.1971 | Val MAE(main)=0.3972 | Val MAE(aux)=390951.3438 | LR=1.00e-03
04-24 22:27:15 | Epoch  17/200 | Train Loss=0.1963 | Val MAE(main)=0.4550 | Val MAE(aux)=390951.3438 | LR=1.00e-03
04-24 22:27:15 | Epoch  18/200 | Train Loss=0.2371 | Val MAE(main)=0.4223 | Val MAE(aux)=390951.4062 | LR=1.00e-03
04-24 22:27:15 | Epoch  19/200 | Train Loss=0.2514 | Val MAE(main)=0.3329 | Val MAE(aux)=390951.4375 | LR=1.00e-03
04-24 22:27:15 |   ✓ 新最佳模型保存 (MAE=0.3329)
04-24 22:27:15 | Epoch  20/200 | Train Loss=0.2225 | Val MAE(main)=0.3219 | Val MAE(aux)=390951.4688 | LR=1.00e-03
04-24 22:27:16 |   ✓ 新最佳模型保存 (MAE=0.3219)
04-24 22:27:16 | Epoch  21/200 | Train Loss=0.2041 | Val MAE(main)=0.3507 | Val MAE(aux)=390951.4688 | LR=1.00e-03
04-24 22:27:16 | Epoch  22/200 | Train Loss=0.1901 | Val MAE(main)=0.3114 | Val MAE(aux)=390951.5000 | LR=1.00e-03
04-24 22:27:16 |   ✓ 新最佳模型保存 (MAE=0.3114)
04-24 22:27:16 | Epoch  23/200 | Train Loss=0.1781 | Val MAE(main)=0.3546 | Val MAE(aux)=390951.5312 | LR=1.00e-03
04-24 22:27:16 | Epoch  24/200 | Train Loss=0.1820 | Val MAE(main)=0.3120 | Val MAE(aux)=390951.5312 | LR=1.00e-03
04-24 22:27:17 | Epoch  25/200 | Train Loss=0.1891 | Val MAE(main)=0.3727 | Val MAE(aux)=390951.5000 | LR=1.00e-03
04-24 22:27:17 | Epoch  26/200 | Train Loss=0.1832 | Val MAE(main)=0.3362 | Val MAE(aux)=390951.5312 | LR=1.00e-03
04-24 22:27:17 | Epoch  27/200 | Train Loss=0.1661 | Val MAE(main)=0.3004 | Val MAE(aux)=390951.5000 | LR=1.00e-03
04-24 22:27:17 |   ✓ 新最佳模型保存 (MAE=0.3004)
04-24 22:27:17 | Epoch  28/200 | Train Loss=0.1709 | Val MAE(main)=0.3380 | Val MAE(aux)=390951.5312 | LR=1.00e-03
04-24 22:27:17 | Epoch  29/200 | Train Loss=0.1600 | Val MAE(main)=0.3621 | Val MAE(aux)=390951.5312 | LR=1.00e-03
04-24 22:27:18 | Epoch  30/200 | Train Loss=0.1751 | Val MAE(main)=0.3459 | Val MAE(aux)=390951.6250 | LR=1.00e-03
04-24 22:27:18 | Epoch  31/200 | Train Loss=0.1541 | Val MAE(main)=0.3424 | Val MAE(aux)=390951.5625 | LR=1.00e-03
04-24 22:27:18 | Epoch  32/200 | Train Loss=0.1606 | Val MAE(main)=0.2949 | Val MAE(aux)=390951.5312 | LR=1.00e-03
04-24 22:27:18 |   ✓ 新最佳模型保存 (MAE=0.2949)
04-24 22:27:18 | Epoch  33/200 | Train Loss=0.1538 | Val MAE(main)=0.3146 | Val MAE(aux)=390951.6250 | LR=1.00e-03
04-24 22:27:18 | Epoch  34/200 | Train Loss=0.1539 | Val MAE(main)=0.3192 | Val MAE(aux)=390951.6250 | LR=1.00e-03
04-24 22:27:18 | Epoch  35/200 | Train Loss=0.1521 | Val MAE(main)=0.3066 | Val MAE(aux)=390951.6250 | LR=1.00e-03
04-24 22:27:18 | Epoch  36/200 | Train Loss=0.1680 | Val MAE(main)=0.3504 | Val MAE(aux)=390951.6875 | LR=1.00e-03
04-24 22:27:19 | Epoch  37/200 | Train Loss=0.1642 | Val MAE(main)=0.3225 | Val MAE(aux)=390951.6875 | LR=1.00e-03
04-24 22:27:19 | Epoch  38/200 | Train Loss=0.1590 | Val MAE(main)=0.2855 | Val MAE(aux)=390951.6875 | LR=1.00e-03
04-24 22:27:19 |   ✓ 新最佳模型保存 (MAE=0.2855)
04-24 22:27:19 | Epoch  39/200 | Train Loss=0.1403 | Val MAE(main)=0.3419 | Val MAE(aux)=390951.6875 | LR=1.00e-03
04-24 22:27:19 | Epoch  40/200 | Train Loss=0.1564 | Val MAE(main)=0.4007 | Val MAE(aux)=390951.7500 | LR=1.00e-03
04-24 22:27:19 | Epoch  41/200 | Train Loss=0.1900 | Val MAE(main)=0.5131 | Val MAE(aux)=390951.7812 | LR=1.00e-03
04-24 22:27:19 | Epoch  42/200 | Train Loss=0.1964 | Val MAE(main)=0.4375 | Val MAE(aux)=390951.7500 | LR=1.00e-03
04-24 22:27:19 | Epoch  43/200 | Train Loss=0.2118 | Val MAE(main)=0.4904 | Val MAE(aux)=390951.8438 | LR=1.00e-03
04-24 22:27:20 | Epoch  44/200 | Train Loss=0.1963 | Val MAE(main)=0.3536 | Val MAE(aux)=390951.8125 | LR=5.00e-04
04-24 22:27:20 | Epoch  45/200 | Train Loss=0.1387 | Val MAE(main)=0.3490 | Val MAE(aux)=390951.8125 | LR=5.00e-04
04-24 22:27:20 | Epoch  46/200 | Train Loss=0.1163 | Val MAE(main)=0.3097 | Val MAE(aux)=390951.8125 | LR=5.00e-04
04-24 22:27:20 | Epoch  47/200 | Train Loss=0.1084 | Val MAE(main)=0.3039 | Val MAE(aux)=390951.8125 | LR=5.00e-04
04-24 22:27:20 | Epoch  48/200 | Train Loss=0.1103 | Val MAE(main)=0.3141 | Val MAE(aux)=390951.8125 | LR=5.00e-04
04-24 22:27:21 | Epoch  49/200 | Train Loss=0.1008 | Val MAE(main)=0.3010 | Val MAE(aux)=390951.8125 | LR=5.00e-04
04-24 22:27:21 | Epoch  50/200 | Train Loss=0.1049 | Val MAE(main)=0.2946 | Val MAE(aux)=390951.8125 | LR=2.50e-04
04-24 22:27:21 | Epoch  51/200 | Train Loss=0.0971 | Val MAE(main)=0.2709 | Val MAE(aux)=390951.8125 | LR=2.50e-04
04-24 22:27:21 |   ✓ 新最佳模型保存 (MAE=0.2709)
04-24 22:27:21 | Epoch  52/200 | Train Loss=0.0942 | Val MAE(main)=0.3219 | Val MAE(aux)=390951.8125 | LR=2.50e-04
04-24 22:27:22 | Epoch  53/200 | Train Loss=0.0908 | Val MAE(main)=0.3064 | Val MAE(aux)=390951.8125 | LR=2.50e-04
04-24 22:27:22 | Epoch  54/200 | Train Loss=0.0844 | Val MAE(main)=0.2976 | Val MAE(aux)=390951.8125 | LR=2.50e-04
04-24 22:27:22 | Epoch  55/200 | Train Loss=0.0829 | Val MAE(main)=0.2925 | Val MAE(aux)=390951.8125 | LR=2.50e-04
04-24 22:27:22 | Epoch  56/200 | Train Loss=0.0838 | Val MAE(main)=0.2914 | Val MAE(aux)=390951.8125 | LR=2.50e-04
04-24 22:27:22 | Epoch  57/200 | Train Loss=0.0792 | Val MAE(main)=0.2930 | Val MAE(aux)=390951.8125 | LR=1.25e-04
04-24 22:27:23 | Epoch  58/200 | Train Loss=0.0775 | Val MAE(main)=0.2898 | Val MAE(aux)=390951.8125 | LR=1.25e-04
04-24 22:27:23 | Epoch  59/200 | Train Loss=0.0738 | Val MAE(main)=0.2907 | Val MAE(aux)=390951.8125 | LR=1.25e-04
04-24 22:27:23 | Epoch  60/200 | Train Loss=0.0735 | Val MAE(main)=0.2925 | Val MAE(aux)=390951.8125 | LR=1.25e-04
04-24 22:27:23 | Epoch  61/200 | Train Loss=0.0712 | Val MAE(main)=0.2835 | Val MAE(aux)=390951.8125 | LR=1.25e-04
04-24 22:27:24 | Epoch  62/200 | Train Loss=0.0736 | Val MAE(main)=0.2824 | Val MAE(aux)=390951.8125 | LR=1.25e-04
04-24 22:27:24 | Epoch  63/200 | Train Loss=0.0727 | Val MAE(main)=0.3005 | Val MAE(aux)=390951.8125 | LR=6.25e-05
04-24 22:27:24 | Epoch  64/200 | Train Loss=0.0694 | Val MAE(main)=0.2873 | Val MAE(aux)=390951.8125 | LR=6.25e-05
04-24 22:27:24 | Epoch  65/200 | Train Loss=0.0672 | Val MAE(main)=0.2947 | Val MAE(aux)=390951.8125 | LR=6.25e-05
04-24 22:27:24 | Epoch  66/200 | Train Loss=0.0677 | Val MAE(main)=0.2895 | Val MAE(aux)=390951.8125 | LR=6.25e-05
04-24 22:27:25 | Epoch  67/200 | Train Loss=0.0664 | Val MAE(main)=0.2855 | Val MAE(aux)=390951.8125 | LR=6.25e-05
04-24 22:27:25 | Epoch  68/200 | Train Loss=0.0665 | Val MAE(main)=0.2936 | Val MAE(aux)=390951.8125 | LR=6.25e-05
04-24 22:27:25 | Epoch  69/200 | Train Loss=0.0648 | Val MAE(main)=0.2827 | Val MAE(aux)=390951.8125 | LR=3.13e-05
04-24 22:27:25 | Epoch  70/200 | Train Loss=0.0664 | Val MAE(main)=0.2919 | Val MAE(aux)=390951.8125 | LR=3.13e-05
04-24 22:27:26 | Epoch  71/200 | Train Loss=0.0645 | Val MAE(main)=0.2878 | Val MAE(aux)=390951.8125 | LR=3.13e-05
04-24 22:27:26 |   ⏹ 早停触发，连续 20 轮未改善
04-24 22:27:26 | ============================================================
04-24 22:27:26 | 训练结束 | 最佳轮次: 51 | 最佳 Val MAE: 0.2709
04-24 22:27:26 | ============================================================
04-24 22:27:26 | 已加载最佳模型 (Epoch 51, Val MAE=0.2709)
04-24 22:27:26 | 
========== Test 集最终评估 ==========
04-24 22:27:26 |   ΔSoC(main) | MAE=0.2343 | RMSE=0.3425 | R²=0.9462 | MAPE=21.81%
04-24 22:27:26 |   总能量(aux) | MAE=336886.4688 | RMSE=418529.8438 | R²=-1.8402 | MAPE=100.00%
