04-24 22:23:33 | 训练日志: logs/train_20260424_222333.log
04-24 22:23:33 | ============================================================
04-24 22:23:33 | 开始训练 | 模型参数量: 1174018
04-24 22:23:33 | ============================================================
04-24 22:23:33 | Epochs=200 | Batch=64 | LR=0.001 | WD=1e-05 | Patience=20 | Clip=10.0
04-24 22:23:33 | Device: cuda
04-24 22:23:33 | ============================================================
04-24 22:23:34 | Epoch   1/200 | Train Loss=1.0728 | Val MAE(main)=0.5249 | Val MAE(aux)=251532.4375 | LR=1.00e-03
04-24 22:23:34 |   ✓ 新最佳模型保存 (MAE=0.5249)
04-24 22:23:34 | Epoch   2/200 | Train Loss=0.3998 | Val MAE(main)=0.4396 | Val MAE(aux)=251532.4375 | LR=1.00e-03
04-24 22:23:34 |   ✓ 新最佳模型保存 (MAE=0.4396)
04-24 22:23:35 | Epoch   3/200 | Train Loss=0.2945 | Val MAE(main)=0.3072 | Val MAE(aux)=251532.4219 | LR=1.00e-03
04-24 22:23:35 |   ✓ 新最佳模型保存 (MAE=0.3072)
04-24 22:23:35 | Epoch   4/200 | Train Loss=0.2849 | Val MAE(main)=0.3349 | Val MAE(aux)=251532.4844 | LR=1.00e-03
04-24 22:23:36 | Epoch   5/200 | Train Loss=0.3034 | Val MAE(main)=0.3466 | Val MAE(aux)=251532.5625 | LR=1.00e-03
04-24 22:23:36 | Epoch   6/200 | Train Loss=0.2719 | Val MAE(main)=0.3395 | Val MAE(aux)=251532.5938 | LR=1.00e-03
04-24 22:23:36 | Epoch   7/200 | Train Loss=0.2573 | Val MAE(main)=0.3548 | Val MAE(aux)=251532.6250 | LR=1.00e-03
04-24 22:23:37 | Epoch   8/200 | Train Loss=0.2580 | Val MAE(main)=0.2711 | Val MAE(aux)=251532.6719 | LR=1.00e-03
04-24 22:23:37 |   ✓ 新最佳模型保存 (MAE=0.2711)
04-24 22:23:37 | Epoch   9/200 | Train Loss=0.2397 | Val MAE(main)=0.2733 | Val MAE(aux)=251532.7031 | LR=1.00e-03
04-24 22:23:38 | Epoch  10/200 | Train Loss=0.2453 | Val MAE(main)=0.3553 | Val MAE(aux)=251532.7344 | LR=1.00e-03
04-24 22:23:38 | Epoch  11/200 | Train Loss=0.2467 | Val MAE(main)=0.2841 | Val MAE(aux)=251532.7656 | LR=1.00e-03
04-24 22:23:39 | Epoch  12/200 | Train Loss=0.2211 | Val MAE(main)=0.2329 | Val MAE(aux)=251532.8125 | LR=1.00e-03
04-24 22:23:39 |   ✓ 新最佳模型保存 (MAE=0.2329)
04-24 22:23:39 | Epoch  13/200 | Train Loss=0.2196 | Val MAE(main)=0.3662 | Val MAE(aux)=251532.8438 | LR=1.00e-03
04-24 22:23:39 | Epoch  14/200 | Train Loss=0.2449 | Val MAE(main)=0.3396 | Val MAE(aux)=251532.8438 | LR=1.00e-03
04-24 22:23:40 | Epoch  15/200 | Train Loss=0.2004 | Val MAE(main)=0.2594 | Val MAE(aux)=251532.8438 | LR=1.00e-03
04-24 22:23:40 | Epoch  16/200 | Train Loss=0.1953 | Val MAE(main)=0.2887 | Val MAE(aux)=251532.8438 | LR=1.00e-03
04-24 22:23:40 | Epoch  17/200 | Train Loss=0.2019 | Val MAE(main)=0.2239 | Val MAE(aux)=251532.8750 | LR=1.00e-03
04-24 22:23:40 |   ✓ 新最佳模型保存 (MAE=0.2239)
04-24 22:23:41 | Epoch  18/200 | Train Loss=0.1935 | Val MAE(main)=0.3089 | Val MAE(aux)=251532.9062 | LR=1.00e-03
04-24 22:23:41 | Epoch  19/200 | Train Loss=0.2312 | Val MAE(main)=0.2914 | Val MAE(aux)=251532.9531 | LR=1.00e-03
04-24 22:23:41 | Epoch  20/200 | Train Loss=0.2005 | Val MAE(main)=0.2537 | Val MAE(aux)=251532.9062 | LR=1.00e-03
04-24 22:23:42 | Epoch  21/200 | Train Loss=0.1991 | Val MAE(main)=0.2405 | Val MAE(aux)=251532.9531 | LR=1.00e-03
04-24 22:23:42 | Epoch  22/200 | Train Loss=0.1832 | Val MAE(main)=0.2507 | Val MAE(aux)=251532.9531 | LR=1.00e-03
04-24 22:23:42 | Epoch  23/200 | Train Loss=0.1806 | Val MAE(main)=0.2419 | Val MAE(aux)=251532.9531 | LR=5.00e-04
04-24 22:23:43 | Epoch  24/200 | Train Loss=0.1652 | Val MAE(main)=0.2443 | Val MAE(aux)=251532.9531 | LR=5.00e-04
04-24 22:23:43 | Epoch  25/200 | Train Loss=0.1626 | Val MAE(main)=0.2268 | Val MAE(aux)=251532.9531 | LR=5.00e-04
04-24 22:23:44 | Epoch  26/200 | Train Loss=0.1674 | Val MAE(main)=0.3070 | Val MAE(aux)=251532.9844 | LR=5.00e-04
04-24 22:23:44 | Epoch  27/200 | Train Loss=0.1592 | Val MAE(main)=0.2417 | Val MAE(aux)=251532.9844 | LR=5.00e-04
04-24 22:23:44 | Epoch  28/200 | Train Loss=0.1464 | Val MAE(main)=0.2554 | Val MAE(aux)=251532.9844 | LR=5.00e-04
04-24 22:23:45 | Epoch  29/200 | Train Loss=0.1493 | Val MAE(main)=0.2618 | Val MAE(aux)=251532.9844 | LR=2.50e-04
04-24 22:23:45 | Epoch  30/200 | Train Loss=0.1417 | Val MAE(main)=0.2195 | Val MAE(aux)=251532.9844 | LR=2.50e-04
04-24 22:23:45 |   ✓ 新最佳模型保存 (MAE=0.2195)
04-24 22:23:46 | Epoch  31/200 | Train Loss=0.1350 | Val MAE(main)=0.2656 | Val MAE(aux)=251532.9844 | LR=2.50e-04
04-24 22:23:46 | Epoch  32/200 | Train Loss=0.1325 | Val MAE(main)=0.2520 | Val MAE(aux)=251532.9844 | LR=2.50e-04
04-24 22:23:47 | Epoch  33/200 | Train Loss=0.1338 | Val MAE(main)=0.2315 | Val MAE(aux)=251532.9844 | LR=2.50e-04
04-24 22:23:47 | Epoch  34/200 | Train Loss=0.1364 | Val MAE(main)=0.2346 | Val MAE(aux)=251532.9844 | LR=2.50e-04
04-24 22:23:47 | Epoch  35/200 | Train Loss=0.1322 | Val MAE(main)=0.2515 | Val MAE(aux)=251532.9844 | LR=2.50e-04
04-24 22:23:48 | Epoch  36/200 | Train Loss=0.1350 | Val MAE(main)=0.2413 | Val MAE(aux)=251532.9844 | LR=1.25e-04
04-24 22:23:48 | Epoch  37/200 | Train Loss=0.1336 | Val MAE(main)=0.2361 | Val MAE(aux)=251532.9844 | LR=1.25e-04
04-24 22:23:49 | Epoch  38/200 | Train Loss=0.1238 | Val MAE(main)=0.2544 | Val MAE(aux)=251532.9844 | LR=1.25e-04
04-24 22:23:49 | Epoch  39/200 | Train Loss=0.1231 | Val MAE(main)=0.2426 | Val MAE(aux)=251532.9844 | LR=1.25e-04
04-24 22:23:49 | Epoch  40/200 | Train Loss=0.1255 | Val MAE(main)=0.2361 | Val MAE(aux)=251532.9844 | LR=1.25e-04
04-24 22:23:50 | Epoch  41/200 | Train Loss=0.1241 | Val MAE(main)=0.2448 | Val MAE(aux)=251532.9844 | LR=1.25e-04
04-24 22:23:50 | Epoch  42/200 | Train Loss=0.1139 | Val MAE(main)=0.2437 | Val MAE(aux)=251532.9844 | LR=6.25e-05
04-24 22:23:51 | Epoch  43/200 | Train Loss=0.1130 | Val MAE(main)=0.2488 | Val MAE(aux)=251532.9844 | LR=6.25e-05
04-24 22:23:51 | Epoch  44/200 | Train Loss=0.1130 | Val MAE(main)=0.2455 | Val MAE(aux)=251532.9844 | LR=6.25e-05
04-24 22:23:51 | Epoch  45/200 | Train Loss=0.1145 | Val MAE(main)=0.2462 | Val MAE(aux)=251532.9844 | LR=6.25e-05
04-24 22:23:52 | Epoch  46/200 | Train Loss=0.1118 | Val MAE(main)=0.2527 | Val MAE(aux)=251532.9844 | LR=6.25e-05
04-24 22:23:52 | Epoch  47/200 | Train Loss=0.1139 | Val MAE(main)=0.2467 | Val MAE(aux)=251532.9844 | LR=6.25e-05
04-24 22:23:52 | Epoch  48/200 | Train Loss=0.1130 | Val MAE(main)=0.2424 | Val MAE(aux)=251532.9844 | LR=3.13e-05
04-24 22:23:53 | Epoch  49/200 | Train Loss=0.1102 | Val MAE(main)=0.2424 | Val MAE(aux)=251532.9844 | LR=3.13e-05
04-24 22:23:53 | Epoch  50/200 | Train Loss=0.1083 | Val MAE(main)=0.2379 | Val MAE(aux)=251532.9844 | LR=3.13e-05
04-24 22:23:53 |   ⏹ 早停触发，连续 20 轮未改善
04-24 22:23:53 | ============================================================
04-24 22:23:53 | 训练结束 | 最佳轮次: 30 | 最佳 Val MAE: 0.2195
04-24 22:23:53 | ============================================================
04-24 22:23:53 | 已加载最佳模型 (Epoch 30, Val MAE=0.2195)
04-24 22:23:53 | 
========== Test 集最终评估 ==========
04-24 22:23:53 |   ΔSoC(main) | MAE=0.2255 | RMSE=0.3316 | R²=0.9187 | MAPE=17.13%
04-24 22:23:53 |   总能量(aux) | MAE=263295.7500 | RMSE=322583.9375 | R²=-1.9958 | MAPE=100.00%
