04-24 22:10:45 | 训练日志: logs/train_20260424_221045.log
04-24 22:10:45 | ============================================================
04-24 22:10:45 | 开始训练 | 模型参数量: 1174018
04-24 22:10:45 | ============================================================
04-24 22:10:45 | Epochs=200 | Batch=64 | LR=0.001 | WD=1e-05 | Patience=20 | Clip=10.0
04-24 22:10:45 | Device: cuda
04-24 22:10:45 | ============================================================
04-24 22:10:48 | Epoch   1/200 | Train Loss=0.4529 | Val MAE(main)=0.1143 | Val MAE(aux)=57906.5625 | LR=1.00e-03
04-24 22:10:48 |   ✓ 新最佳模型保存 (MAE=0.1143)
04-24 22:10:51 | Epoch   2/200 | Train Loss=0.3063 | Val MAE(main)=0.0950 | Val MAE(aux)=57906.8320 | LR=1.00e-03
04-24 22:10:51 |   ✓ 新最佳模型保存 (MAE=0.0950)
04-24 22:10:54 | Epoch   3/200 | Train Loss=0.2853 | Val MAE(main)=0.0851 | Val MAE(aux)=57906.9219 | LR=1.00e-03
04-24 22:10:54 |   ✓ 新最佳模型保存 (MAE=0.0851)
04-24 22:10:57 | Epoch   4/200 | Train Loss=0.2858 | Val MAE(main)=0.1138 | Val MAE(aux)=57907.1094 | LR=1.00e-03
04-24 22:10:59 | Epoch   5/200 | Train Loss=0.2789 | Val MAE(main)=0.0821 | Val MAE(aux)=57907.2617 | LR=1.00e-03
04-24 22:11:00 |   ✓ 新最佳模型保存 (MAE=0.0821)
04-24 22:11:02 | Epoch   6/200 | Train Loss=0.2704 | Val MAE(main)=0.0841 | Val MAE(aux)=57907.3008 | LR=1.00e-03
04-24 22:11:05 | Epoch   7/200 | Train Loss=0.2777 | Val MAE(main)=0.0768 | Val MAE(aux)=57907.4180 | LR=1.00e-03
04-24 22:11:05 |   ✓ 新最佳模型保存 (MAE=0.0768)
04-24 22:11:08 | Epoch   8/200 | Train Loss=0.2631 | Val MAE(main)=0.0794 | Val MAE(aux)=57907.5234 | LR=1.00e-03
04-24 22:11:11 | Epoch   9/200 | Train Loss=0.2607 | Val MAE(main)=0.0761 | Val MAE(aux)=57907.5234 | LR=1.00e-03
04-24 22:11:11 |   ✓ 新最佳模型保存 (MAE=0.0761)
04-24 22:11:14 | Epoch  10/200 | Train Loss=0.2604 | Val MAE(main)=0.0794 | Val MAE(aux)=57907.6289 | LR=1.00e-03
04-24 22:11:16 | Epoch  11/200 | Train Loss=0.2590 | Val MAE(main)=0.0909 | Val MAE(aux)=57907.6680 | LR=1.00e-03
04-24 22:11:19 | Epoch  12/200 | Train Loss=0.2558 | Val MAE(main)=0.0826 | Val MAE(aux)=57907.6758 | LR=1.00e-03
04-24 22:11:22 | Epoch  13/200 | Train Loss=0.2557 | Val MAE(main)=0.0866 | Val MAE(aux)=57907.7148 | LR=1.00e-03
04-24 22:11:25 | Epoch  14/200 | Train Loss=0.2579 | Val MAE(main)=0.0789 | Val MAE(aux)=57907.7422 | LR=1.00e-03
04-24 22:11:28 | Epoch  15/200 | Train Loss=0.2512 | Val MAE(main)=0.0845 | Val MAE(aux)=57907.7617 | LR=5.00e-04
04-24 22:11:30 | Epoch  16/200 | Train Loss=0.2352 | Val MAE(main)=0.0761 | Val MAE(aux)=57907.7617 | LR=5.00e-04
04-24 22:11:33 | Epoch  17/200 | Train Loss=0.2371 | Val MAE(main)=0.0791 | Val MAE(aux)=57907.7734 | LR=5.00e-04
04-24 22:11:36 | Epoch  18/200 | Train Loss=0.2322 | Val MAE(main)=0.0750 | Val MAE(aux)=57907.8008 | LR=5.00e-04
04-24 22:11:36 |   ✓ 新最佳模型保存 (MAE=0.0750)
04-24 22:11:39 | Epoch  19/200 | Train Loss=0.2280 | Val MAE(main)=0.0782 | Val MAE(aux)=57907.8164 | LR=5.00e-04
04-24 22:11:42 | Epoch  20/200 | Train Loss=0.2264 | Val MAE(main)=0.0820 | Val MAE(aux)=57907.8203 | LR=5.00e-04
04-24 22:11:44 | Epoch  21/200 | Train Loss=0.2287 | Val MAE(main)=0.0853 | Val MAE(aux)=57907.8438 | LR=5.00e-04
04-24 22:11:47 | Epoch  22/200 | Train Loss=0.2262 | Val MAE(main)=0.0749 | Val MAE(aux)=57907.8555 | LR=5.00e-04
04-24 22:11:47 |   ✓ 新最佳模型保存 (MAE=0.0749)
04-24 22:11:50 | Epoch  23/200 | Train Loss=0.2294 | Val MAE(main)=0.0905 | Val MAE(aux)=57907.8906 | LR=5.00e-04
04-24 22:11:53 | Epoch  24/200 | Train Loss=0.2308 | Val MAE(main)=0.0787 | Val MAE(aux)=57907.8984 | LR=5.00e-04
04-24 22:11:56 | Epoch  25/200 | Train Loss=0.2226 | Val MAE(main)=0.0810 | Val MAE(aux)=57907.8828 | LR=5.00e-04
04-24 22:11:58 | Epoch  26/200 | Train Loss=0.2224 | Val MAE(main)=0.0805 | Val MAE(aux)=57907.9102 | LR=5.00e-04
04-24 22:12:01 | Epoch  27/200 | Train Loss=0.2202 | Val MAE(main)=0.0828 | Val MAE(aux)=57907.9023 | LR=5.00e-04
04-24 22:12:04 | Epoch  28/200 | Train Loss=0.2200 | Val MAE(main)=0.0847 | Val MAE(aux)=57907.9180 | LR=2.50e-04
04-24 22:12:07 | Epoch  29/200 | Train Loss=0.2063 | Val MAE(main)=0.0758 | Val MAE(aux)=57907.9258 | LR=2.50e-04
04-24 22:12:10 | Epoch  30/200 | Train Loss=0.2021 | Val MAE(main)=0.0770 | Val MAE(aux)=57907.9219 | LR=2.50e-04
04-24 22:12:13 | Epoch  31/200 | Train Loss=0.1977 | Val MAE(main)=0.0784 | Val MAE(aux)=57907.9297 | LR=2.50e-04
04-24 22:12:15 | Epoch  32/200 | Train Loss=0.1956 | Val MAE(main)=0.0749 | Val MAE(aux)=57907.9336 | LR=2.50e-04
04-24 22:12:15 |   ✓ 新最佳模型保存 (MAE=0.0749)
04-24 22:12:18 | Epoch  33/200 | Train Loss=0.1937 | Val MAE(main)=0.0771 | Val MAE(aux)=57907.9414 | LR=2.50e-04
04-24 22:12:21 | Epoch  34/200 | Train Loss=0.1938 | Val MAE(main)=0.0767 | Val MAE(aux)=57907.9453 | LR=2.50e-04
04-24 22:12:24 | Epoch  35/200 | Train Loss=0.1906 | Val MAE(main)=0.0787 | Val MAE(aux)=57907.9531 | LR=2.50e-04
04-24 22:12:27 | Epoch  36/200 | Train Loss=0.1870 | Val MAE(main)=0.0831 | Val MAE(aux)=57907.9648 | LR=2.50e-04
04-24 22:12:30 | Epoch  37/200 | Train Loss=0.1877 | Val MAE(main)=0.0746 | Val MAE(aux)=57907.9727 | LR=2.50e-04
04-24 22:12:30 |   ✓ 新最佳模型保存 (MAE=0.0746)
04-24 22:12:33 | Epoch  38/200 | Train Loss=0.1837 | Val MAE(main)=0.0795 | Val MAE(aux)=57907.9961 | LR=2.50e-04
04-24 22:12:35 | Epoch  39/200 | Train Loss=0.1815 | Val MAE(main)=0.0806 | Val MAE(aux)=57908.0039 | LR=2.50e-04
04-24 22:12:38 | Epoch  40/200 | Train Loss=0.1782 | Val MAE(main)=0.0801 | Val MAE(aux)=57907.9961 | LR=2.50e-04
04-24 22:12:41 | Epoch  41/200 | Train Loss=0.1812 | Val MAE(main)=0.0817 | Val MAE(aux)=57907.9961 | LR=2.50e-04
04-24 22:12:44 | Epoch  42/200 | Train Loss=0.1783 | Val MAE(main)=0.0778 | Val MAE(aux)=57908.0078 | LR=2.50e-04
04-24 22:12:47 | Epoch  43/200 | Train Loss=0.1747 | Val MAE(main)=0.0779 | Val MAE(aux)=57908.0156 | LR=1.25e-04
04-24 22:12:50 | Epoch  44/200 | Train Loss=0.1649 | Val MAE(main)=0.0808 | Val MAE(aux)=57908.0273 | LR=1.25e-04
04-24 22:12:53 | Epoch  45/200 | Train Loss=0.1615 | Val MAE(main)=0.0779 | Val MAE(aux)=57908.0312 | LR=1.25e-04
04-24 22:12:55 | Epoch  46/200 | Train Loss=0.1606 | Val MAE(main)=0.0766 | Val MAE(aux)=57908.0391 | LR=1.25e-04
04-24 22:12:58 | Epoch  47/200 | Train Loss=0.1586 | Val MAE(main)=0.0802 | Val MAE(aux)=57908.0391 | LR=1.25e-04
04-24 22:13:01 | Epoch  48/200 | Train Loss=0.1580 | Val MAE(main)=0.0773 | Val MAE(aux)=57908.0469 | LR=1.25e-04
04-24 22:13:03 | Epoch  49/200 | Train Loss=0.1581 | Val MAE(main)=0.0784 | Val MAE(aux)=57908.0508 | LR=6.25e-05
04-24 22:13:06 | Epoch  50/200 | Train Loss=0.1512 | Val MAE(main)=0.0775 | Val MAE(aux)=57908.0469 | LR=6.25e-05
04-24 22:13:08 | Epoch  51/200 | Train Loss=0.1511 | Val MAE(main)=0.0788 | Val MAE(aux)=57908.0547 | LR=6.25e-05
04-24 22:13:11 | Epoch  52/200 | Train Loss=0.1483 | Val MAE(main)=0.0788 | Val MAE(aux)=57908.0508 | LR=6.25e-05
04-24 22:13:14 | Epoch  53/200 | Train Loss=0.1476 | Val MAE(main)=0.0804 | Val MAE(aux)=57908.0547 | LR=6.25e-05
04-24 22:13:17 | Epoch  54/200 | Train Loss=0.1475 | Val MAE(main)=0.0793 | Val MAE(aux)=57908.0547 | LR=6.25e-05
04-24 22:13:20 | Epoch  55/200 | Train Loss=0.1470 | Val MAE(main)=0.0798 | Val MAE(aux)=57908.0586 | LR=3.13e-05
04-24 22:13:23 | Epoch  56/200 | Train Loss=0.1447 | Val MAE(main)=0.0787 | Val MAE(aux)=57908.0664 | LR=3.13e-05
04-24 22:13:25 | Epoch  57/200 | Train Loss=0.1435 | Val MAE(main)=0.0785 | Val MAE(aux)=57908.0664 | LR=3.13e-05
04-24 22:13:25 |   ⏹ 早停触发，连续 20 轮未改善
04-24 22:13:25 | ============================================================
04-24 22:13:25 | 训练结束 | 最佳轮次: 37 | 最佳 Val MAE: 0.0746
04-24 22:13:25 | ============================================================
04-24 22:13:26 | 已加载最佳模型 (Epoch 37, Val MAE=0.0746)
04-24 22:13:26 | 
========== Test 集最终评估 ==========
04-24 22:13:26 |   ΔSoC(main) | MAE=0.0864 | RMSE=0.1665 | R²=0.7744 | MAPE=20.73%
04-24 22:13:26 |   总能量(aux) | MAE=62832.2695 | RMSE=83303.3906 | R²=-1.3044 | MAPE=99.99%
