04-24 19:20:07 | 训练日志: logs/train_20260424_192007.log
04-24 19:20:07 | ============================================================
04-24 19:20:07 | 开始训练 | 模型参数量: 1170946
04-24 19:20:07 | ============================================================
04-24 19:20:07 | Epochs=200 | Batch=64 | LR=0.001 | WD=1e-05 | Patience=20 | Clip=1.0
04-24 19:20:07 | Device: cuda
04-24 19:20:07 | ============================================================
04-24 19:20:09 | Epoch   1/200 | Train Loss=116285.8687 | Val MAE(main)=117946.4219 | Val MAE(aux)=1.0543 | LR=1.00e-03
04-24 19:20:09 |   ✓ 新最佳模型保存 (MAE=117946.4219)
04-24 19:20:10 | Epoch   2/200 | Train Loss=116433.8332 | Val MAE(main)=117935.3203 | Val MAE(aux)=0.7100 | LR=1.00e-03
04-24 19:20:10 |   ✓ 新最佳模型保存 (MAE=117935.3203)
04-24 19:20:12 | Epoch   3/200 | Train Loss=116229.0636 | Val MAE(main)=117921.8828 | Val MAE(aux)=0.4860 | LR=1.00e-03
04-24 19:20:12 |   ✓ 新最佳模型保存 (MAE=117921.8828)
04-24 19:20:13 | Epoch   4/200 | Train Loss=116208.9999 | Val MAE(main)=117906.3281 | Val MAE(aux)=0.4658 | LR=1.00e-03
04-24 19:20:13 |   ✓ 新最佳模型保存 (MAE=117906.3281)
04-24 19:20:14 | Epoch   5/200 | Train Loss=116147.3933 | Val MAE(main)=117888.8828 | Val MAE(aux)=0.5243 | LR=1.00e-03
04-24 19:20:14 |   ✓ 新最佳模型保存 (MAE=117888.8828)
04-24 19:20:16 | Epoch   6/200 | Train Loss=116123.3997 | Val MAE(main)=117869.6406 | Val MAE(aux)=0.6650 | LR=1.00e-03
04-24 19:20:16 |   ✓ 新最佳模型保存 (MAE=117869.6406)
04-24 19:20:17 | Epoch   7/200 | Train Loss=116153.3862 | Val MAE(main)=117848.6953 | Val MAE(aux)=0.8025 | LR=1.00e-03
04-24 19:20:17 |   ✓ 新最佳模型保存 (MAE=117848.6953)
04-24 19:20:18 | Epoch   8/200 | Train Loss=116332.5778 | Val MAE(main)=117826.1172 | Val MAE(aux)=1.0012 | LR=1.00e-03
04-24 19:20:18 |   ✓ 新最佳模型保存 (MAE=117826.1172)
04-24 19:20:20 | Epoch   9/200 | Train Loss=116317.9794 | Val MAE(main)=117801.9141 | Val MAE(aux)=1.1399 | LR=1.00e-03
04-24 19:20:20 |   ✓ 新最佳模型保存 (MAE=117801.9141)
04-24 19:20:21 | Epoch  10/200 | Train Loss=115867.7581 | Val MAE(main)=117776.1484 | Val MAE(aux)=1.3481 | LR=1.00e-03
04-24 19:20:21 |   ✓ 新最佳模型保存 (MAE=117776.1484)
04-24 19:20:22 | Epoch  11/200 | Train Loss=115935.3220 | Val MAE(main)=117748.7969 | Val MAE(aux)=1.4490 | LR=1.00e-03
04-24 19:20:22 |   ✓ 新最佳模型保存 (MAE=117748.7969)
04-24 19:20:24 | Epoch  12/200 | Train Loss=116171.5318 | Val MAE(main)=117719.8906 | Val MAE(aux)=1.6235 | LR=1.00e-03
04-24 19:20:24 |   ✓ 新最佳模型保存 (MAE=117719.8906)
04-24 19:20:25 | Epoch  13/200 | Train Loss=115878.5156 | Val MAE(main)=117689.4531 | Val MAE(aux)=1.7716 | LR=1.00e-03
04-24 19:20:25 |   ✓ 新最佳模型保存 (MAE=117689.4531)
04-24 19:20:27 | Epoch  14/200 | Train Loss=115906.7518 | Val MAE(main)=117657.4609 | Val MAE(aux)=1.8600 | LR=1.00e-03
04-24 19:20:27 |   ✓ 新最佳模型保存 (MAE=117657.4609)
04-24 19:20:28 | Epoch  15/200 | Train Loss=115764.5415 | Val MAE(main)=117623.9453 | Val MAE(aux)=2.0061 | LR=1.00e-03
04-24 19:20:28 |   ✓ 新最佳模型保存 (MAE=117623.9453)
04-24 19:20:29 | Epoch  16/200 | Train Loss=115734.9692 | Val MAE(main)=117588.9062 | Val MAE(aux)=2.2098 | LR=1.00e-03
04-24 19:20:29 |   ✓ 新最佳模型保存 (MAE=117588.9062)
04-24 19:20:31 | Epoch  17/200 | Train Loss=115908.3608 | Val MAE(main)=117552.3203 | Val MAE(aux)=2.2792 | LR=1.00e-03
04-24 19:20:31 |   ✓ 新最佳模型保存 (MAE=117552.3203)
04-24 19:20:32 | Epoch  18/200 | Train Loss=115754.6993 | Val MAE(main)=117514.2109 | Val MAE(aux)=2.3949 | LR=1.00e-03
04-24 19:20:32 |   ✓ 新最佳模型保存 (MAE=117514.2109)
04-24 19:20:34 | Epoch  19/200 | Train Loss=115659.5835 | Val MAE(main)=117474.5625 | Val MAE(aux)=2.4940 | LR=1.00e-03
04-24 19:20:34 |   ✓ 新最佳模型保存 (MAE=117474.5625)
04-24 19:20:35 | Epoch  20/200 | Train Loss=115802.7688 | Val MAE(main)=117433.4062 | Val MAE(aux)=2.5770 | LR=1.00e-03
04-24 19:20:35 |   ✓ 新最佳模型保存 (MAE=117433.4062)
04-24 19:20:36 | Epoch  21/200 | Train Loss=115844.6749 | Val MAE(main)=117390.6719 | Val MAE(aux)=2.6936 | LR=1.00e-03
04-24 19:20:36 |   ✓ 新最佳模型保存 (MAE=117390.6719)
04-24 19:20:38 | Epoch  22/200 | Train Loss=115397.9416 | Val MAE(main)=117346.4375 | Val MAE(aux)=2.7630 | LR=1.00e-03
04-24 19:20:38 |   ✓ 新最佳模型保存 (MAE=117346.4375)
04-24 19:20:39 | Epoch  23/200 | Train Loss=115801.1233 | Val MAE(main)=117300.6328 | Val MAE(aux)=2.8457 | LR=1.00e-03
04-24 19:20:39 |   ✓ 新最佳模型保存 (MAE=117300.6328)
04-24 19:20:41 | Epoch  24/200 | Train Loss=115649.4203 | Val MAE(main)=117253.3203 | Val MAE(aux)=2.9062 | LR=1.00e-03
04-24 19:20:41 |   ✓ 新最佳模型保存 (MAE=117253.3203)
04-24 19:20:42 | Epoch  25/200 | Train Loss=115474.7224 | Val MAE(main)=117204.5156 | Val MAE(aux)=3.1080 | LR=1.00e-03
04-24 19:20:42 |   ✓ 新最佳模型保存 (MAE=117204.5156)
04-24 19:20:43 | Epoch  26/200 | Train Loss=115567.0693 | Val MAE(main)=117154.1172 | Val MAE(aux)=3.1006 | LR=1.00e-03
04-24 19:20:43 |   ✓ 新最佳模型保存 (MAE=117154.1172)
04-24 19:20:45 | Epoch  27/200 | Train Loss=115421.9966 | Val MAE(main)=117102.1172 | Val MAE(aux)=3.2208 | LR=1.00e-03
04-24 19:20:45 |   ✓ 新最佳模型保存 (MAE=117102.1172)
04-24 19:20:46 | Epoch  28/200 | Train Loss=115271.9739 | Val MAE(main)=117048.6328 | Val MAE(aux)=3.2008 | LR=1.00e-03
04-24 19:20:46 |   ✓ 新最佳模型保存 (MAE=117048.6328)
04-24 19:20:47 | Epoch  29/200 | Train Loss=115355.0357 | Val MAE(main)=116993.6250 | Val MAE(aux)=3.3037 | LR=1.00e-03
04-24 19:20:47 |   ✓ 新最佳模型保存 (MAE=116993.6250)
04-24 19:20:49 | Epoch  30/200 | Train Loss=115150.2038 | Val MAE(main)=116937.0156 | Val MAE(aux)=3.3721 | LR=1.00e-03
04-24 19:20:49 |   ✓ 新最佳模型保存 (MAE=116937.0156)
04-24 19:20:50 | Epoch  31/200 | Train Loss=115109.0820 | Val MAE(main)=116878.8438 | Val MAE(aux)=3.4767 | LR=1.00e-03
04-24 19:20:50 |   ✓ 新最佳模型保存 (MAE=116878.8438)
04-24 19:20:51 | Epoch  32/200 | Train Loss=115152.8584 | Val MAE(main)=116819.1641 | Val MAE(aux)=3.4830 | LR=1.00e-03
04-24 19:20:52 |   ✓ 新最佳模型保存 (MAE=116819.1641)
04-24 19:20:53 | Epoch  33/200 | Train Loss=115007.1966 | Val MAE(main)=116757.9062 | Val MAE(aux)=3.5173 | LR=1.00e-03
04-24 19:20:53 |   ✓ 新最佳模型保存 (MAE=116757.9062)
04-24 19:20:54 | Epoch  34/200 | Train Loss=114951.6206 | Val MAE(main)=116695.1328 | Val MAE(aux)=3.6005 | LR=1.00e-03
04-24 19:20:54 |   ✓ 新最佳模型保存 (MAE=116695.1328)
04-24 19:20:56 | Epoch  35/200 | Train Loss=115015.8956 | Val MAE(main)=116630.8125 | Val MAE(aux)=3.6666 | LR=1.00e-03
04-24 19:20:56 |   ✓ 新最佳模型保存 (MAE=116630.8125)
04-24 19:20:57 | Epoch  36/200 | Train Loss=114911.5565 | Val MAE(main)=116568.4844 | Val MAE(aux)=3.6222 | LR=1.00e-03
04-24 19:20:57 |   ✓ 新最佳模型保存 (MAE=116568.4844)
04-24 19:20:58 | Epoch  37/200 | Train Loss=114604.7960 | Val MAE(main)=116502.4531 | Val MAE(aux)=3.7565 | LR=1.00e-03
04-24 19:20:59 |   ✓ 新最佳模型保存 (MAE=116502.4531)
04-24 19:21:00 | Epoch  38/200 | Train Loss=114681.8712 | Val MAE(main)=116433.0234 | Val MAE(aux)=3.7930 | LR=1.00e-03
04-24 19:21:00 |   ✓ 新最佳模型保存 (MAE=116433.0234)
04-24 19:21:01 | Epoch  39/200 | Train Loss=114619.8159 | Val MAE(main)=116362.0625 | Val MAE(aux)=3.8569 | LR=1.00e-03
04-24 19:21:01 |   ✓ 新最佳模型保存 (MAE=116362.0625)
04-24 19:21:03 | Epoch  40/200 | Train Loss=114474.5935 | Val MAE(main)=116289.5156 | Val MAE(aux)=3.8808 | LR=1.00e-03
04-24 19:21:03 |   ✓ 新最佳模型保存 (MAE=116289.5156)
04-24 19:21:04 | Epoch  41/200 | Train Loss=114754.4317 | Val MAE(main)=116215.4375 | Val MAE(aux)=3.9224 | LR=1.00e-03
04-24 19:21:04 |   ✓ 新最佳模型保存 (MAE=116215.4375)
04-24 19:21:05 | Epoch  42/200 | Train Loss=114372.0875 | Val MAE(main)=116139.8359 | Val MAE(aux)=3.9581 | LR=1.00e-03
04-24 19:21:05 |   ✓ 新最佳模型保存 (MAE=116139.8359)
04-24 19:21:07 | Epoch  43/200 | Train Loss=114532.1896 | Val MAE(main)=116062.6719 | Val MAE(aux)=3.9921 | LR=1.00e-03
04-24 19:21:07 |   ✓ 新最佳模型保存 (MAE=116062.6719)
04-24 19:21:08 | Epoch  44/200 | Train Loss=114446.0365 | Val MAE(main)=115984.0391 | Val MAE(aux)=4.0333 | LR=1.00e-03
04-24 19:21:08 |   ✓ 新最佳模型保存 (MAE=115984.0391)
04-24 19:21:10 | Epoch  45/200 | Train Loss=114168.6906 | Val MAE(main)=115903.9922 | Val MAE(aux)=4.0374 | LR=1.00e-03
04-24 19:21:10 |   ✓ 新最佳模型保存 (MAE=115903.9922)
04-24 19:21:11 | Epoch  46/200 | Train Loss=114085.4871 | Val MAE(main)=115822.3125 | Val MAE(aux)=4.0921 | LR=1.00e-03
04-24 19:21:11 |   ✓ 新最佳模型保存 (MAE=115822.3125)
04-24 19:21:12 | Epoch  47/200 | Train Loss=113989.2091 | Val MAE(main)=115739.2344 | Val MAE(aux)=4.1265 | LR=1.00e-03
04-24 19:21:12 |   ✓ 新最佳模型保存 (MAE=115739.2344)
04-24 19:21:14 | Epoch  48/200 | Train Loss=113886.0685 | Val MAE(main)=115654.6250 | Val MAE(aux)=4.1787 | LR=1.00e-03
04-24 19:21:14 |   ✓ 新最佳模型保存 (MAE=115654.6250)
04-24 19:21:15 | Epoch  49/200 | Train Loss=113921.3426 | Val MAE(main)=115568.4922 | Val MAE(aux)=4.2447 | LR=1.00e-03
04-24 19:21:15 |   ✓ 新最佳模型保存 (MAE=115568.4922)
04-24 19:21:16 | Epoch  50/200 | Train Loss=113824.0964 | Val MAE(main)=115480.8203 | Val MAE(aux)=4.2310 | LR=1.00e-03
04-24 19:21:16 |   ✓ 新最佳模型保存 (MAE=115480.8203)
04-24 19:21:18 | Epoch  51/200 | Train Loss=113766.0040 | Val MAE(main)=115391.6406 | Val MAE(aux)=4.1597 | LR=1.00e-03
04-24 19:21:18 |   ✓ 新最佳模型保存 (MAE=115391.6406)
04-24 19:21:19 | Epoch  52/200 | Train Loss=113665.0820 | Val MAE(main)=115300.9688 | Val MAE(aux)=4.3274 | LR=1.00e-03
04-24 19:21:19 |   ✓ 新最佳模型保存 (MAE=115300.9688)
04-24 19:21:20 | Epoch  53/200 | Train Loss=113488.1976 | Val MAE(main)=115208.8672 | Val MAE(aux)=4.4069 | LR=1.00e-03
04-24 19:21:20 |   ✓ 新最佳模型保存 (MAE=115208.8672)
04-24 19:21:22 | Epoch  54/200 | Train Loss=113316.5151 | Val MAE(main)=115115.0625 | Val MAE(aux)=4.3142 | LR=1.00e-03
04-24 19:21:22 |   ✓ 新最佳模型保存 (MAE=115115.0625)
04-24 19:21:23 | Epoch  55/200 | Train Loss=113136.4190 | Val MAE(main)=115019.7891 | Val MAE(aux)=4.3999 | LR=1.00e-03
04-24 19:21:23 |   ✓ 新最佳模型保存 (MAE=115019.7891)
04-24 19:21:24 | Epoch  56/200 | Train Loss=113330.6294 | Val MAE(main)=114923.0469 | Val MAE(aux)=4.3906 | LR=1.00e-03
04-24 19:21:24 |   ✓ 新最佳模型保存 (MAE=114923.0469)
04-24 19:21:26 | Epoch  57/200 | Train Loss=113134.2031 | Val MAE(main)=114825.1406 | Val MAE(aux)=4.5253 | LR=1.00e-03
04-24 19:21:26 |   ✓ 新最佳模型保存 (MAE=114825.1406)
04-24 19:21:27 | Epoch  58/200 | Train Loss=113083.7514 | Val MAE(main)=114725.8828 | Val MAE(aux)=4.4163 | LR=1.00e-03
04-24 19:21:27 |   ✓ 新最佳模型保存 (MAE=114725.8828)
04-24 19:21:28 | Epoch  59/200 | Train Loss=113084.7286 | Val MAE(main)=114626.3516 | Val MAE(aux)=4.4287 | LR=1.00e-03
04-24 19:21:28 |   ✓ 新最佳模型保存 (MAE=114626.3516)
04-24 19:21:29 | Epoch  60/200 | Train Loss=113025.6276 | Val MAE(main)=114531.2578 | Val MAE(aux)=4.6337 | LR=1.00e-03
04-24 19:21:29 |   ✓ 新最佳模型保存 (MAE=114531.2578)
04-24 19:21:31 | Epoch  61/200 | Train Loss=112826.2597 | Val MAE(main)=114428.5000 | Val MAE(aux)=4.5703 | LR=1.00e-03
04-24 19:21:31 |   ✓ 新最佳模型保存 (MAE=114428.5000)
04-24 19:21:32 | Epoch  62/200 | Train Loss=112662.1662 | Val MAE(main)=114321.9453 | Val MAE(aux)=4.5916 | LR=1.00e-03
04-24 19:21:32 |   ✓ 新最佳模型保存 (MAE=114321.9453)
04-24 19:21:33 | Epoch  63/200 | Train Loss=112521.2412 | Val MAE(main)=114213.8984 | Val MAE(aux)=4.6304 | LR=1.00e-03
04-24 19:21:33 |   ✓ 新最佳模型保存 (MAE=114213.8984)
04-24 19:21:35 | Epoch  64/200 | Train Loss=112457.5774 | Val MAE(main)=114104.3750 | Val MAE(aux)=4.6602 | LR=1.00e-03
04-24 19:21:35 |   ✓ 新最佳模型保存 (MAE=114104.3750)
04-24 19:21:36 | Epoch  65/200 | Train Loss=112367.9624 | Val MAE(main)=113993.3672 | Val MAE(aux)=4.6819 | LR=1.00e-03
04-24 19:21:36 |   ✓ 新最佳模型保存 (MAE=113993.3672)
04-24 19:21:38 | Epoch  66/200 | Train Loss=112118.6156 | Val MAE(main)=113880.8984 | Val MAE(aux)=4.7129 | LR=1.00e-03
04-24 19:21:38 |   ✓ 新最佳模型保存 (MAE=113880.8984)
04-24 19:21:39 | Epoch  67/200 | Train Loss=112140.3487 | Val MAE(main)=113766.9922 | Val MAE(aux)=4.7421 | LR=1.00e-03
04-24 19:21:39 |   ✓ 新最佳模型保存 (MAE=113766.9922)
04-24 19:21:40 | Epoch  68/200 | Train Loss=111779.5828 | Val MAE(main)=113651.6172 | Val MAE(aux)=4.7825 | LR=1.00e-03
04-24 19:21:40 |   ✓ 新最佳模型保存 (MAE=113651.6172)
04-24 19:21:42 | Epoch  69/200 | Train Loss=111904.2301 | Val MAE(main)=113535.9375 | Val MAE(aux)=4.8146 | LR=1.00e-03
04-24 19:21:42 |   ✓ 新最佳模型保存 (MAE=113535.9375)
04-24 19:21:43 | Epoch  70/200 | Train Loss=111760.1679 | Val MAE(main)=113421.6094 | Val MAE(aux)=4.8522 | LR=1.00e-03
04-24 19:21:43 |   ✓ 新最佳模型保存 (MAE=113421.6094)
04-24 19:21:44 | Epoch  71/200 | Train Loss=111529.7865 | Val MAE(main)=113308.1875 | Val MAE(aux)=4.8837 | LR=1.00e-03
04-24 19:21:44 |   ✓ 新最佳模型保存 (MAE=113308.1875)
04-24 19:21:46 | Epoch  72/200 | Train Loss=111674.0442 | Val MAE(main)=113194.8594 | Val MAE(aux)=4.9605 | LR=1.00e-03
04-24 19:21:46 |   ✓ 新最佳模型保存 (MAE=113194.8594)
04-24 19:21:47 | Epoch  73/200 | Train Loss=111471.7766 | Val MAE(main)=113080.7812 | Val MAE(aux)=4.9625 | LR=1.00e-03
04-24 19:21:47 |   ✓ 新最佳模型保存 (MAE=113080.7812)
04-24 19:21:49 | Epoch  74/200 | Train Loss=111360.2338 | Val MAE(main)=112966.0312 | Val MAE(aux)=4.9917 | LR=1.00e-03
04-24 19:21:49 |   ✓ 新最佳模型保存 (MAE=112966.0312)
04-24 19:21:50 | Epoch  75/200 | Train Loss=111381.8555 | Val MAE(main)=112850.8906 | Val MAE(aux)=4.9712 | LR=1.00e-03
04-24 19:21:50 |   ✓ 新最佳模型保存 (MAE=112850.8906)
04-24 19:21:51 | Epoch  76/200 | Train Loss=111079.7729 | Val MAE(main)=112734.4062 | Val MAE(aux)=5.0690 | LR=1.00e-03
04-24 19:21:51 |   ✓ 新最佳模型保存 (MAE=112734.4062)
04-24 19:21:53 | Epoch  77/200 | Train Loss=110892.3805 | Val MAE(main)=112616.9219 | Val MAE(aux)=5.0394 | LR=1.00e-03
04-24 19:21:53 |   ✓ 新最佳模型保存 (MAE=112616.9219)
04-24 19:21:54 | Epoch  78/200 | Train Loss=111062.5952 | Val MAE(main)=112500.4453 | Val MAE(aux)=5.0762 | LR=1.00e-03
04-24 19:21:54 |   ✓ 新最佳模型保存 (MAE=112500.4453)
04-24 19:21:55 | Epoch  79/200 | Train Loss=110781.1230 | Val MAE(main)=112384.4688 | Val MAE(aux)=5.1909 | LR=1.00e-03
04-24 19:21:56 |   ✓ 新最佳模型保存 (MAE=112384.4688)
04-24 19:21:57 | Epoch  80/200 | Train Loss=110541.2895 | Val MAE(main)=112268.6016 | Val MAE(aux)=5.2253 | LR=1.00e-03
04-24 19:21:57 |   ✓ 新最佳模型保存 (MAE=112268.6016)
04-24 19:21:58 | Epoch  81/200 | Train Loss=110422.7727 | Val MAE(main)=112151.7578 | Val MAE(aux)=5.2169 | LR=1.00e-03
04-24 19:21:58 |   ✓ 新最佳模型保存 (MAE=112151.7578)
04-24 19:22:00 | Epoch  82/200 | Train Loss=110402.6780 | Val MAE(main)=112033.5391 | Val MAE(aux)=5.2490 | LR=1.00e-03
04-24 19:22:00 |   ✓ 新最佳模型保存 (MAE=112033.5391)
04-24 19:22:01 | Epoch  83/200 | Train Loss=110447.6203 | Val MAE(main)=111914.4062 | Val MAE(aux)=5.3502 | LR=1.00e-03
04-24 19:22:01 |   ✓ 新最佳模型保存 (MAE=111914.4062)
04-24 19:22:02 | Epoch  84/200 | Train Loss=110228.2545 | Val MAE(main)=111793.9688 | Val MAE(aux)=5.4502 | LR=1.00e-03
04-24 19:22:02 |   ✓ 新最佳模型保存 (MAE=111793.9688)
04-24 19:22:04 | Epoch  85/200 | Train Loss=110188.1226 | Val MAE(main)=111672.3516 | Val MAE(aux)=5.3345 | LR=1.00e-03
04-24 19:22:04 |   ✓ 新最佳模型保存 (MAE=111672.3516)
04-24 19:22:05 | Epoch  86/200 | Train Loss=109718.5994 | Val MAE(main)=111549.5234 | Val MAE(aux)=5.3865 | LR=1.00e-03
04-24 19:22:05 |   ✓ 新最佳模型保存 (MAE=111549.5234)
04-24 19:22:06 | Epoch  87/200 | Train Loss=109776.0841 | Val MAE(main)=111425.2500 | Val MAE(aux)=5.4656 | LR=1.00e-03
04-24 19:22:06 |   ✓ 新最佳模型保存 (MAE=111425.2500)
04-24 19:22:08 | Epoch  88/200 | Train Loss=109640.1832 | Val MAE(main)=111300.3359 | Val MAE(aux)=5.5210 | LR=1.00e-03
04-24 19:22:08 |   ✓ 新最佳模型保存 (MAE=111300.3359)
04-24 19:22:09 | Epoch  89/200 | Train Loss=109662.8993 | Val MAE(main)=111175.7344 | Val MAE(aux)=5.4615 | LR=1.00e-03
04-24 19:22:09 |   ✓ 新最佳模型保存 (MAE=111175.7344)
04-24 19:22:10 | Epoch  90/200 | Train Loss=109472.4402 | Val MAE(main)=111063.1328 | Val MAE(aux)=5.5001 | LR=1.00e-03
04-24 19:22:10 |   ✓ 新最佳模型保存 (MAE=111063.1328)
04-24 19:22:12 | Epoch  91/200 | Train Loss=109166.5676 | Val MAE(main)=110937.7500 | Val MAE(aux)=5.5845 | LR=1.00e-03
04-24 19:22:12 |   ✓ 新最佳模型保存 (MAE=110937.7500)
04-24 19:22:13 | Epoch  92/200 | Train Loss=109179.3098 | Val MAE(main)=110807.6562 | Val MAE(aux)=5.6339 | LR=1.00e-03
04-24 19:22:13 |   ✓ 新最佳模型保存 (MAE=110807.6562)
04-24 19:22:14 | Epoch  93/200 | Train Loss=108964.3355 | Val MAE(main)=110676.3984 | Val MAE(aux)=5.6826 | LR=1.00e-03
04-24 19:22:14 |   ✓ 新最佳模型保存 (MAE=110676.3984)
04-24 19:22:16 | Epoch  94/200 | Train Loss=108997.9642 | Val MAE(main)=110543.8359 | Val MAE(aux)=5.7258 | LR=1.00e-03
04-24 19:22:16 |   ✓ 新最佳模型保存 (MAE=110543.8359)
04-24 19:22:17 | Epoch  95/200 | Train Loss=108938.8003 | Val MAE(main)=110410.0859 | Val MAE(aux)=5.7596 | LR=1.00e-03
04-24 19:22:17 |   ✓ 新最佳模型保存 (MAE=110410.0859)
04-24 19:22:18 | Epoch  96/200 | Train Loss=108737.4618 | Val MAE(main)=110275.1172 | Val MAE(aux)=5.7982 | LR=1.00e-03
04-24 19:22:18 |   ✓ 新最佳模型保存 (MAE=110275.1172)
04-24 19:22:20 | Epoch  97/200 | Train Loss=108507.1037 | Val MAE(main)=110138.9141 | Val MAE(aux)=5.8435 | LR=1.00e-03
04-24 19:22:20 |   ✓ 新最佳模型保存 (MAE=110138.9141)
04-24 19:22:21 | Epoch  98/200 | Train Loss=108436.9716 | Val MAE(main)=110001.6094 | Val MAE(aux)=5.8808 | LR=1.00e-03
04-24 19:22:21 |   ✓ 新最佳模型保存 (MAE=110001.6094)
04-24 19:22:22 | Epoch  99/200 | Train Loss=108226.1102 | Val MAE(main)=109863.1797 | Val MAE(aux)=5.9217 | LR=1.00e-03
04-24 19:22:22 |   ✓ 新最佳模型保存 (MAE=109863.1797)
04-24 19:22:24 | Epoch 100/200 | Train Loss=108161.0776 | Val MAE(main)=109723.4609 | Val MAE(aux)=5.9640 | LR=1.00e-03
04-24 19:22:24 |   ✓ 新最佳模型保存 (MAE=109723.4609)
04-24 19:22:25 | Epoch 101/200 | Train Loss=107937.5286 | Val MAE(main)=109582.7578 | Val MAE(aux)=6.0049 | LR=1.00e-03
04-24 19:22:25 |   ✓ 新最佳模型保存 (MAE=109582.7578)
04-24 19:22:26 | Epoch 102/200 | Train Loss=108225.8717 | Val MAE(main)=109441.6797 | Val MAE(aux)=6.0652 | LR=1.00e-03
04-24 19:22:26 |   ✓ 新最佳模型保存 (MAE=109441.6797)
04-24 19:22:28 | Epoch 103/200 | Train Loss=107631.3669 | Val MAE(main)=109299.3516 | Val MAE(aux)=6.0882 | LR=1.00e-03
04-24 19:22:28 |   ✓ 新最佳模型保存 (MAE=109299.3516)
04-24 19:22:29 | Epoch 104/200 | Train Loss=107768.8018 | Val MAE(main)=109156.6875 | Val MAE(aux)=6.1190 | LR=1.00e-03
04-24 19:22:29 |   ✓ 新最佳模型保存 (MAE=109156.6875)
04-24 19:22:30 | Epoch 105/200 | Train Loss=107552.6740 | Val MAE(main)=109013.0391 | Val MAE(aux)=6.2054 | LR=1.00e-03
04-24 19:22:31 |   ✓ 新最佳模型保存 (MAE=109013.0391)
04-24 19:22:32 | Epoch 106/200 | Train Loss=107471.7879 | Val MAE(main)=108868.3828 | Val MAE(aux)=6.2245 | LR=1.00e-03
04-24 19:22:32 |   ✓ 新最佳模型保存 (MAE=108868.3828)
04-24 19:22:33 | Epoch 107/200 | Train Loss=107340.5114 | Val MAE(main)=108722.5312 | Val MAE(aux)=6.2212 | LR=1.00e-03
04-24 19:22:33 |   ✓ 新最佳模型保存 (MAE=108722.5312)
04-24 19:22:34 | Epoch 108/200 | Train Loss=107153.7568 | Val MAE(main)=108575.3516 | Val MAE(aux)=6.2855 | LR=1.00e-03
04-24 19:22:34 |   ✓ 新最佳模型保存 (MAE=108575.3516)
04-24 19:22:36 | Epoch 109/200 | Train Loss=106850.0303 | Val MAE(main)=108426.9609 | Val MAE(aux)=6.4031 | LR=1.00e-03
04-24 19:22:36 |   ✓ 新最佳模型保存 (MAE=108426.9609)
04-24 19:22:37 | Epoch 110/200 | Train Loss=106624.1733 | Val MAE(main)=108277.2031 | Val MAE(aux)=6.4152 | LR=1.00e-03
04-24 19:22:37 |   ✓ 新最佳模型保存 (MAE=108277.2031)
04-24 19:22:38 | Epoch 111/200 | Train Loss=106614.0645 | Val MAE(main)=108126.3984 | Val MAE(aux)=6.5059 | LR=1.00e-03
04-24 19:22:38 |   ✓ 新最佳模型保存 (MAE=108126.3984)
04-24 19:22:40 | Epoch 112/200 | Train Loss=106490.0134 | Val MAE(main)=107974.1875 | Val MAE(aux)=6.4299 | LR=1.00e-03
04-24 19:22:40 |   ✓ 新最佳模型保存 (MAE=107974.1875)
04-24 19:22:41 | Epoch 113/200 | Train Loss=106522.5690 | Val MAE(main)=107820.7109 | Val MAE(aux)=6.6124 | LR=1.00e-03
04-24 19:22:41 |   ✓ 新最佳模型保存 (MAE=107820.7109)
04-24 19:22:42 | Epoch 114/200 | Train Loss=106129.1756 | Val MAE(main)=107666.1719 | Val MAE(aux)=6.5957 | LR=1.00e-03
04-24 19:22:42 |   ✓ 新最佳模型保存 (MAE=107666.1719)
04-24 19:22:44 | Epoch 115/200 | Train Loss=106114.7784 | Val MAE(main)=107511.1953 | Val MAE(aux)=6.7525 | LR=1.00e-03
04-24 19:22:44 |   ✓ 新最佳模型保存 (MAE=107511.1953)
04-24 19:22:45 | Epoch 116/200 | Train Loss=105929.8920 | Val MAE(main)=107355.1406 | Val MAE(aux)=6.7369 | LR=1.00e-03
04-24 19:22:45 |   ✓ 新最佳模型保存 (MAE=107355.1406)
04-24 19:22:47 | Epoch 117/200 | Train Loss=105734.8271 | Val MAE(main)=107197.8438 | Val MAE(aux)=6.7129 | LR=1.00e-03
04-24 19:22:47 |   ✓ 新最佳模型保存 (MAE=107197.8438)
04-24 19:22:48 | Epoch 118/200 | Train Loss=105719.9280 | Val MAE(main)=107039.2344 | Val MAE(aux)=6.8090 | LR=1.00e-03
04-24 19:22:48 |   ✓ 新最佳模型保存 (MAE=107039.2344)
04-24 19:22:49 | Epoch 119/200 | Train Loss=105401.2591 | Val MAE(main)=106879.4844 | Val MAE(aux)=6.8165 | LR=1.00e-03
04-24 19:22:49 |   ✓ 新最佳模型保存 (MAE=106879.4844)
04-24 19:22:51 | Epoch 120/200 | Train Loss=105239.9811 | Val MAE(main)=106718.5078 | Val MAE(aux)=6.8412 | LR=1.00e-03
04-24 19:22:51 |   ✓ 新最佳模型保存 (MAE=106718.5078)
04-24 19:22:52 | Epoch 121/200 | Train Loss=105110.0405 | Val MAE(main)=106556.2969 | Val MAE(aux)=6.9084 | LR=1.00e-03
04-24 19:22:52 |   ✓ 新最佳模型保存 (MAE=106556.2969)
04-24 19:22:54 | Epoch 122/200 | Train Loss=105140.6847 | Val MAE(main)=106393.1641 | Val MAE(aux)=6.9845 | LR=1.00e-03
04-24 19:22:54 |   ✓ 新最佳模型保存 (MAE=106393.1641)
04-24 19:22:55 | Epoch 123/200 | Train Loss=104899.0543 | Val MAE(main)=106228.7656 | Val MAE(aux)=6.9903 | LR=1.00e-03
04-24 19:22:55 |   ✓ 新最佳模型保存 (MAE=106228.7656)
04-24 19:22:56 | Epoch 124/200 | Train Loss=104516.5134 | Val MAE(main)=106063.8594 | Val MAE(aux)=7.1308 | LR=1.00e-03
04-24 19:22:56 |   ✓ 新最佳模型保存 (MAE=106063.8594)
04-24 19:22:58 | Epoch 125/200 | Train Loss=104458.7537 | Val MAE(main)=105898.4453 | Val MAE(aux)=7.1518 | LR=1.00e-03
04-24 19:22:58 |   ✓ 新最佳模型保存 (MAE=105898.4453)
04-24 19:22:59 | Epoch 126/200 | Train Loss=104261.8891 | Val MAE(main)=105731.4844 | Val MAE(aux)=7.0773 | LR=1.00e-03
04-24 19:22:59 |   ✓ 新最佳模型保存 (MAE=105731.4844)
04-24 19:23:01 | Epoch 127/200 | Train Loss=104128.0105 | Val MAE(main)=105564.0234 | Val MAE(aux)=7.1591 | LR=1.00e-03
04-24 19:23:01 |   ✓ 新最佳模型保存 (MAE=105564.0234)
04-24 19:23:02 | Epoch 128/200 | Train Loss=104150.9293 | Val MAE(main)=105396.7109 | Val MAE(aux)=7.2363 | LR=1.00e-03
04-24 19:23:02 |   ✓ 新最佳模型保存 (MAE=105396.7109)
04-24 19:23:03 | Epoch 129/200 | Train Loss=103843.6909 | Val MAE(main)=105228.4531 | Val MAE(aux)=7.2514 | LR=1.00e-03
04-24 19:23:03 |   ✓ 新最佳模型保存 (MAE=105228.4531)
04-24 19:23:04 | Epoch 130/200 | Train Loss=103849.0614 | Val MAE(main)=105059.2500 | Val MAE(aux)=7.3921 | LR=1.00e-03
04-24 19:23:04 |   ✓ 新最佳模型保存 (MAE=105059.2500)
04-24 19:23:06 | Epoch 131/200 | Train Loss=103503.0071 | Val MAE(main)=104889.9141 | Val MAE(aux)=7.4530 | LR=1.00e-03
04-24 19:23:06 |   ✓ 新最佳模型保存 (MAE=104889.9141)
04-24 19:23:07 | Epoch 132/200 | Train Loss=103523.1709 | Val MAE(main)=104718.4609 | Val MAE(aux)=7.4482 | LR=1.00e-03
04-24 19:23:07 |   ✓ 新最佳模型保存 (MAE=104718.4609)
04-24 19:23:08 | Epoch 133/200 | Train Loss=103401.3004 | Val MAE(main)=104571.3828 | Val MAE(aux)=7.0947 | LR=1.00e-03
04-24 19:23:09 |   ✓ 新最佳模型保存 (MAE=104571.3828)
04-24 19:23:10 | Epoch 134/200 | Train Loss=103132.8330 | Val MAE(main)=104411.7266 | Val MAE(aux)=7.4848 | LR=1.00e-03
04-24 19:23:10 |   ✓ 新最佳模型保存 (MAE=104411.7266)
04-24 19:23:11 | Epoch 135/200 | Train Loss=102817.3361 | Val MAE(main)=104234.9297 | Val MAE(aux)=7.5632 | LR=1.00e-03
04-24 19:23:11 |   ✓ 新最佳模型保存 (MAE=104234.9297)
04-24 19:23:13 | Epoch 136/200 | Train Loss=102809.8871 | Val MAE(main)=104056.6797 | Val MAE(aux)=7.6194 | LR=1.00e-03
04-24 19:23:13 |   ✓ 新最佳模型保存 (MAE=104056.6797)
04-24 19:23:14 | Epoch 137/200 | Train Loss=102783.1770 | Val MAE(main)=103877.3594 | Val MAE(aux)=7.6626 | LR=1.00e-03
04-24 19:23:14 |   ✓ 新最佳模型保存 (MAE=103877.3594)
04-24 19:23:15 | Epoch 138/200 | Train Loss=102356.5318 | Val MAE(main)=103697.0391 | Val MAE(aux)=7.7165 | LR=1.00e-03
04-24 19:23:15 |   ✓ 新最佳模型保存 (MAE=103697.0391)
04-24 19:23:17 | Epoch 139/200 | Train Loss=102257.0236 | Val MAE(main)=103515.6016 | Val MAE(aux)=7.7749 | LR=1.00e-03
04-24 19:23:17 |   ✓ 新最佳模型保存 (MAE=103515.6016)
04-24 19:23:18 | Epoch 140/200 | Train Loss=102090.1470 | Val MAE(main)=103332.9766 | Val MAE(aux)=7.8161 | LR=1.00e-03
04-24 19:23:18 |   ✓ 新最佳模型保存 (MAE=103332.9766)
04-24 19:23:19 | Epoch 141/200 | Train Loss=101709.1581 | Val MAE(main)=103149.4141 | Val MAE(aux)=7.8728 | LR=1.00e-03
04-24 19:23:19 |   ✓ 新最佳模型保存 (MAE=103149.4141)
04-24 19:23:21 | Epoch 142/200 | Train Loss=101730.6695 | Val MAE(main)=102964.5469 | Val MAE(aux)=7.9222 | LR=1.00e-03
04-24 19:23:21 |   ✓ 新最佳模型保存 (MAE=102964.5469)
04-24 19:23:22 | Epoch 143/200 | Train Loss=101535.5584 | Val MAE(main)=102779.6016 | Val MAE(aux)=7.9619 | LR=1.00e-03
04-24 19:23:22 |   ✓ 新最佳模型保存 (MAE=102779.6016)
04-24 19:23:23 | Epoch 144/200 | Train Loss=101525.0979 | Val MAE(main)=102594.4766 | Val MAE(aux)=8.0214 | LR=1.00e-03
04-24 19:23:23 |   ✓ 新最佳模型保存 (MAE=102594.4766)
04-24 19:23:25 | Epoch 145/200 | Train Loss=101013.0047 | Val MAE(main)=102408.3125 | Val MAE(aux)=8.0852 | LR=1.00e-03
04-24 19:23:25 |   ✓ 新最佳模型保存 (MAE=102408.3125)
04-24 19:23:26 | Epoch 146/200 | Train Loss=101053.0773 | Val MAE(main)=102221.4766 | Val MAE(aux)=8.1068 | LR=1.00e-03
04-24 19:23:26 |   ✓ 新最佳模型保存 (MAE=102221.4766)
04-24 19:23:27 | Epoch 147/200 | Train Loss=100910.5771 | Val MAE(main)=102034.2891 | Val MAE(aux)=8.1498 | LR=1.00e-03
04-24 19:23:27 |   ✓ 新最佳模型保存 (MAE=102034.2891)
04-24 19:23:29 | Epoch 148/200 | Train Loss=100633.7189 | Val MAE(main)=101846.5391 | Val MAE(aux)=8.2183 | LR=1.00e-03
04-24 19:23:29 |   ✓ 新最佳模型保存 (MAE=101846.5391)
04-24 19:23:30 | Epoch 149/200 | Train Loss=100571.9497 | Val MAE(main)=101657.4297 | Val MAE(aux)=8.2511 | LR=1.00e-03
04-24 19:23:30 |   ✓ 新最佳模型保存 (MAE=101657.4297)
04-24 19:23:32 | Epoch 150/200 | Train Loss=100444.4295 | Val MAE(main)=101467.5547 | Val MAE(aux)=8.3531 | LR=1.00e-03
04-24 19:23:32 |   ✓ 新最佳模型保存 (MAE=101467.5547)
04-24 19:23:33 | Epoch 151/200 | Train Loss=100116.9884 | Val MAE(main)=101276.9219 | Val MAE(aux)=8.3736 | LR=1.00e-03
04-24 19:23:33 |   ✓ 新最佳模型保存 (MAE=101276.9219)
04-24 19:23:34 | Epoch 152/200 | Train Loss=99796.4129 | Val MAE(main)=101085.1562 | Val MAE(aux)=8.4074 | LR=1.00e-03
04-24 19:23:34 |   ✓ 新最佳模型保存 (MAE=101085.1562)
04-24 19:23:35 | Epoch 153/200 | Train Loss=99942.9413 | Val MAE(main)=100891.9297 | Val MAE(aux)=8.4682 | LR=1.00e-03
04-24 19:23:35 |   ✓ 新最佳模型保存 (MAE=100891.9297)
04-24 19:23:37 | Epoch 154/200 | Train Loss=99494.5964 | Val MAE(main)=100697.7266 | Val MAE(aux)=8.5312 | LR=1.00e-03
04-24 19:23:37 |   ✓ 新最佳模型保存 (MAE=100697.7266)
04-24 19:23:38 | Epoch 155/200 | Train Loss=99517.7412 | Val MAE(main)=100502.8047 | Val MAE(aux)=8.5349 | LR=1.00e-03
04-24 19:23:38 |   ✓ 新最佳模型保存 (MAE=100502.8047)
04-24 19:23:39 | Epoch 156/200 | Train Loss=99197.2557 | Val MAE(main)=100307.1328 | Val MAE(aux)=8.5100 | LR=1.00e-03
04-24 19:23:39 |   ✓ 新最佳模型保存 (MAE=100307.1328)
04-24 19:23:41 | Epoch 157/200 | Train Loss=98955.2469 | Val MAE(main)=100111.3984 | Val MAE(aux)=8.7013 | LR=1.00e-03
04-24 19:23:41 |   ✓ 新最佳模型保存 (MAE=100111.3984)
04-24 19:23:42 | Epoch 158/200 | Train Loss=98806.9443 | Val MAE(main)=99914.3828 | Val MAE(aux)=8.6945 | LR=1.00e-03
04-24 19:23:42 |   ✓ 新最佳模型保存 (MAE=99914.3828)
04-24 19:23:43 | Epoch 159/200 | Train Loss=98478.0357 | Val MAE(main)=99716.7812 | Val MAE(aux)=8.7695 | LR=1.00e-03
04-24 19:23:43 |   ✓ 新最佳模型保存 (MAE=99716.7812)
04-24 19:23:45 | Epoch 160/200 | Train Loss=98581.2707 | Val MAE(main)=99518.5781 | Val MAE(aux)=8.6551 | LR=1.00e-03
04-24 19:23:45 |   ✓ 新最佳模型保存 (MAE=99518.5781)
04-24 19:23:46 | Epoch 161/200 | Train Loss=98166.2983 | Val MAE(main)=99319.0312 | Val MAE(aux)=8.9046 | LR=1.00e-03
04-24 19:23:46 |   ✓ 新最佳模型保存 (MAE=99319.0312)
04-24 19:23:47 | Epoch 162/200 | Train Loss=98094.0143 | Val MAE(main)=99118.3984 | Val MAE(aux)=8.9011 | LR=1.00e-03
04-24 19:23:47 |   ✓ 新最佳模型保存 (MAE=99118.3984)
04-24 19:23:49 | Epoch 163/200 | Train Loss=97781.5004 | Val MAE(main)=98916.3359 | Val MAE(aux)=8.9265 | LR=1.00e-03
04-24 19:23:49 |   ✓ 新最佳模型保存 (MAE=98916.3359)
04-24 19:23:50 | Epoch 164/200 | Train Loss=97596.5115 | Val MAE(main)=98713.4453 | Val MAE(aux)=9.0342 | LR=1.00e-03
04-24 19:23:50 |   ✓ 新最佳模型保存 (MAE=98713.4453)
04-24 19:23:51 | Epoch 165/200 | Train Loss=97427.9824 | Val MAE(main)=98510.4844 | Val MAE(aux)=9.1057 | LR=1.00e-03
04-24 19:23:51 |   ✓ 新最佳模型保存 (MAE=98510.4844)
04-24 19:23:53 | Epoch 166/200 | Train Loss=97320.8128 | Val MAE(main)=98306.4375 | Val MAE(aux)=9.0805 | LR=1.00e-03
04-24 19:23:53 |   ✓ 新最佳模型保存 (MAE=98306.4375)
04-24 19:23:54 | Epoch 167/200 | Train Loss=97040.0795 | Val MAE(main)=98101.5469 | Val MAE(aux)=9.1595 | LR=1.00e-03
04-24 19:23:54 |   ✓ 新最佳模型保存 (MAE=98101.5469)
04-24 19:23:55 | Epoch 168/200 | Train Loss=96831.7699 | Val MAE(main)=97895.9453 | Val MAE(aux)=9.1919 | LR=1.00e-03
04-24 19:23:55 |   ✓ 新最佳模型保存 (MAE=97895.9453)
04-24 19:23:57 | Epoch 169/200 | Train Loss=96714.3813 | Val MAE(main)=97689.1641 | Val MAE(aux)=9.2166 | LR=1.00e-03
04-24 19:23:57 |   ✓ 新最佳模型保存 (MAE=97689.1641)
04-24 19:23:58 | Epoch 170/200 | Train Loss=96519.9038 | Val MAE(main)=97481.3594 | Val MAE(aux)=9.3671 | LR=1.00e-03
04-24 19:23:58 |   ✓ 新最佳模型保存 (MAE=97481.3594)
04-24 19:23:59 | Epoch 171/200 | Train Loss=96241.2456 | Val MAE(main)=97272.3125 | Val MAE(aux)=9.2111 | LR=1.00e-03
04-24 19:23:59 |   ✓ 新最佳模型保存 (MAE=97272.3125)
04-24 19:24:01 | Epoch 172/200 | Train Loss=95878.9881 | Val MAE(main)=97062.0703 | Val MAE(aux)=9.4036 | LR=1.00e-03
04-24 19:24:01 |   ✓ 新最佳模型保存 (MAE=97062.0703)
04-24 19:24:02 | Epoch 173/200 | Train Loss=95725.3520 | Val MAE(main)=96851.5703 | Val MAE(aux)=9.5193 | LR=1.00e-03
04-24 19:24:02 |   ✓ 新最佳模型保存 (MAE=96851.5703)
04-24 19:24:03 | Epoch 174/200 | Train Loss=95520.6837 | Val MAE(main)=96640.2031 | Val MAE(aux)=9.5678 | LR=1.00e-03
04-24 19:24:03 |   ✓ 新最佳模型保存 (MAE=96640.2031)
04-24 19:24:05 | Epoch 175/200 | Train Loss=95503.5577 | Val MAE(main)=96428.1250 | Val MAE(aux)=9.5826 | LR=1.00e-03
04-24 19:24:05 |   ✓ 新最佳模型保存 (MAE=96428.1250)
04-24 19:24:06 | Epoch 176/200 | Train Loss=95345.9447 | Val MAE(main)=96215.3594 | Val MAE(aux)=9.6977 | LR=1.00e-03
04-24 19:24:06 |   ✓ 新最佳模型保存 (MAE=96215.3594)
04-24 19:24:07 | Epoch 177/200 | Train Loss=95110.8969 | Val MAE(main)=96001.7109 | Val MAE(aux)=9.8041 | LR=1.00e-03
04-24 19:24:08 |   ✓ 新最佳模型保存 (MAE=96001.7109)
04-24 19:24:09 | Epoch 178/200 | Train Loss=94808.5294 | Val MAE(main)=95787.6875 | Val MAE(aux)=9.8295 | LR=1.00e-03
04-24 19:24:09 |   ✓ 新最佳模型保存 (MAE=95787.6875)
04-24 19:24:10 | Epoch 179/200 | Train Loss=94581.7545 | Val MAE(main)=95572.5703 | Val MAE(aux)=9.8191 | LR=1.00e-03
04-24 19:24:10 |   ✓ 新最佳模型保存 (MAE=95572.5703)
04-24 19:24:11 | Epoch 180/200 | Train Loss=94477.3314 | Val MAE(main)=95356.0781 | Val MAE(aux)=9.9314 | LR=1.00e-03
04-24 19:24:12 |   ✓ 新最佳模型保存 (MAE=95356.0781)
04-24 19:24:13 | Epoch 181/200 | Train Loss=94380.3632 | Val MAE(main)=95139.2656 | Val MAE(aux)=9.8525 | LR=1.00e-03
04-24 19:24:13 |   ✓ 新最佳模型保存 (MAE=95139.2656)
04-24 19:24:14 | Epoch 182/200 | Train Loss=94051.1759 | Val MAE(main)=94922.5391 | Val MAE(aux)=9.9835 | LR=1.00e-03
04-24 19:24:14 |   ✓ 新最佳模型保存 (MAE=94922.5391)
04-24 19:24:15 | Epoch 183/200 | Train Loss=93782.9574 | Val MAE(main)=94705.2031 | Val MAE(aux)=10.0216 | LR=1.00e-03
04-24 19:24:16 |   ✓ 新最佳模型保存 (MAE=94705.2031)
04-24 19:24:17 | Epoch 184/200 | Train Loss=93696.7749 | Val MAE(main)=94486.6250 | Val MAE(aux)=10.0549 | LR=1.00e-03
04-24 19:24:17 |   ✓ 新最佳模型保存 (MAE=94486.6250)
04-24 19:24:18 | Epoch 185/200 | Train Loss=93606.2131 | Val MAE(main)=94268.5000 | Val MAE(aux)=10.0582 | LR=1.00e-03
04-24 19:24:18 |   ✓ 新最佳模型保存 (MAE=94268.5000)
04-24 19:24:20 | Epoch 186/200 | Train Loss=93121.1964 | Val MAE(main)=94049.5156 | Val MAE(aux)=10.1704 | LR=1.00e-03
04-24 19:24:20 |   ✓ 新最佳模型保存 (MAE=94049.5156)
04-24 19:24:21 | Epoch 187/200 | Train Loss=93169.0464 | Val MAE(main)=93830.4922 | Val MAE(aux)=10.1675 | LR=1.00e-03
04-24 19:24:21 |   ✓ 新最佳模型保存 (MAE=93830.4922)
04-24 19:24:22 | Epoch 188/200 | Train Loss=92879.9315 | Val MAE(main)=93610.6094 | Val MAE(aux)=10.3497 | LR=1.00e-03
04-24 19:24:22 |   ✓ 新最佳模型保存 (MAE=93610.6094)
04-24 19:24:24 | Epoch 189/200 | Train Loss=92503.0128 | Val MAE(main)=93389.5234 | Val MAE(aux)=10.2459 | LR=1.00e-03
04-24 19:24:24 |   ✓ 新最佳模型保存 (MAE=93389.5234)
04-24 19:24:25 | Epoch 190/200 | Train Loss=92545.3663 | Val MAE(main)=93167.7656 | Val MAE(aux)=10.3644 | LR=1.00e-03
04-24 19:24:25 |   ✓ 新最佳模型保存 (MAE=93167.7656)
04-24 19:24:26 | Epoch 191/200 | Train Loss=92239.3571 | Val MAE(main)=92946.4766 | Val MAE(aux)=10.4692 | LR=1.00e-03
04-24 19:24:26 |   ✓ 新最佳模型保存 (MAE=92946.4766)
04-24 19:24:28 | Epoch 192/200 | Train Loss=92127.9359 | Val MAE(main)=92724.5000 | Val MAE(aux)=10.4411 | LR=1.00e-03
04-24 19:24:28 |   ✓ 新最佳模型保存 (MAE=92724.5000)
04-24 19:24:29 | Epoch 193/200 | Train Loss=91767.6680 | Val MAE(main)=92501.3750 | Val MAE(aux)=10.4708 | LR=1.00e-03
04-24 19:24:29 |   ✓ 新最佳模型保存 (MAE=92501.3750)
04-24 19:24:30 | Epoch 194/200 | Train Loss=91658.5332 | Val MAE(main)=92277.5938 | Val MAE(aux)=10.5635 | LR=1.00e-03
04-24 19:24:30 |   ✓ 新最佳模型保存 (MAE=92277.5938)
04-24 19:24:31 | Epoch 195/200 | Train Loss=91269.2000 | Val MAE(main)=92054.0234 | Val MAE(aux)=10.5155 | LR=1.00e-03
04-24 19:24:31 |   ✓ 新最佳模型保存 (MAE=92054.0234)
04-24 19:24:33 | Epoch 196/200 | Train Loss=91051.6428 | Val MAE(main)=91831.7422 | Val MAE(aux)=10.5976 | LR=1.00e-03
04-24 19:24:33 |   ✓ 新最佳模型保存 (MAE=91831.7422)
04-24 19:24:34 | Epoch 197/200 | Train Loss=90938.7125 | Val MAE(main)=91607.5703 | Val MAE(aux)=10.7253 | LR=1.00e-03
04-24 19:24:34 |   ✓ 新最佳模型保存 (MAE=91607.5703)
04-24 19:24:35 | Epoch 198/200 | Train Loss=90967.2984 | Val MAE(main)=91381.8750 | Val MAE(aux)=10.8111 | LR=1.00e-03
04-24 19:24:35 |   ✓ 新最佳模型保存 (MAE=91381.8750)
04-24 19:24:37 | Epoch 199/200 | Train Loss=90938.1487 | Val MAE(main)=91158.3672 | Val MAE(aux)=10.7968 | LR=1.00e-03
04-24 19:24:37 |   ✓ 新最佳模型保存 (MAE=91158.3672)
04-24 19:24:38 | Epoch 200/200 | Train Loss=90450.3699 | Val MAE(main)=90934.4844 | Val MAE(aux)=10.9042 | LR=1.00e-03
04-24 19:24:38 |   ✓ 新最佳模型保存 (MAE=90934.4844)
04-24 19:24:38 | ============================================================
04-24 19:24:38 | 训练结束 | 最佳轮次: 200 | 最佳 Val MAE: 90934.4844
04-24 19:24:38 | ============================================================
04-24 19:24:38 | 已加载最佳模型 (Epoch 200, Val MAE=90934.4844)
04-24 19:24:38 | 
========== Test 集最终评估 ==========
04-24 19:24:38 |   总能量(main) | MAE=85834.8672 | RMSE=120995.6016 | R²=-0.7103 | MAPE=121.38%
04-24 19:24:38 |   ΔSoC(aux)   | MAE=10.9500 | RMSE=10.9666 | R²=-328.7402 | MAPE=3002.43%
